#-----------------------------------------------------------
# Vivado v2020.1 (64-bit)
# SW Build 2902540 on Wed May 27 19:54:49 MDT 2020
# IP Build 2902112 on Wed May 27 22:43:36 MDT 2020
# Start of session at: Wed Nov  4 21:03:11 2020
# Process ID: 9856
# Current directory: C:/Users/Adam/Downloads/INF1500/INF1500_2034584_2081643_Lab3/lab3
# Command line: vivado.exe -gui_launcher_event rodinguilauncherevent756 C:\Users\Adam\Downloads\INF1500\INF1500_2034584_2081643_Lab3\lab3\lab3.xpr
# Log file: C:/Users/Adam/Downloads/INF1500/INF1500_2034584_2081643_Lab3/lab3/vivado.log
# Journal file: C:/Users/Adam/Downloads/INF1500/INF1500_2034584_2081643_Lab3/lab3\vivado.jou
#-----------------------------------------------------------
start_gui
open_project C:/Users/Adam/Downloads/INF1500/INF1500_2034584_2081643_Lab3/lab3/lab3.xpr
Scanning sources...
Finished scanning sources
INFO: [IP_Flow 19-234] Refreshing IP repositories
INFO: [IP_Flow 19-1700] Loaded user IP repository 'c:/Users/Adam/Downloads/INF1500/ip_repo/MUX3_1'.
INFO: [IP_Flow 19-1700] Loaded user IP repository 'c:/Users/Adam/Downloads/INF1500/ip_repo/BIN_GRAY'.
INFO: [IP_Flow 19-1700] Loaded user IP repository 'c:/Users/Adam/Downloads/INF1500/ip_repo/MUX_INDEX'.
INFO: [IP_Flow 19-1700] Loaded user IP repository 'c:/Users/Adam/Downloads/INF1500/ip_repo/CRYPTO'.
INFO: [IP_Flow 19-1700] Loaded user IP repository 'c:/Users/Adam/Downloads/INF1500/ip_repo/DIV_4_REST'.
INFO: [IP_Flow 19-1700] Loaded user IP repository 'c:/Users/Adam/Downloads/INF1500/ip_repo/ATAD_LIB'.
INFO: [IP_Flow 19-1700] Loaded user IP repository 'c:/Users/Adam/Downloads/INF1500/ip_repo/XUP_LIB'.
INFO: [IP_Flow 19-2313] Loaded Vivado IP repository 'C:/Xilinx/Vivado/2020.1/data/ip'.
open_project: Time (s): cpu = 00:00:32 ; elapsed = 00:00:17 . Memory (MB): peak = 1188.430 ; gain = 0.000
exit
INFO: [Common 17-206] Exiting Vivado at Wed Nov  4 21:06:51 2020...
