#-----------------------------------------------------------
# Vivado v2020.1 (64-bit)
# SW Build 2902540 on Wed May 27 19:54:49 MDT 2020
# IP Build 2902112 on Wed May 27 22:43:36 MDT 2020
# Start of session at: Tue Nov 17 19:01:17 2020
# Process ID: 15604
# Current directory: C:/Users/Adam/Downloads/INF1500/INF1500_2034584_2081643_Lab4/lab4
# Command line: vivado.exe -gui_launcher_event rodinguilauncherevent9764 C:\Users\Adam\Downloads\INF1500\INF1500_2034584_2081643_Lab4\lab4\lab4.xpr
# Log file: C:/Users/Adam/Downloads/INF1500/INF1500_2034584_2081643_Lab4/lab4/vivado.log
# Journal file: C:/Users/Adam/Downloads/INF1500/INF1500_2034584_2081643_Lab4/lab4\vivado.jou
#-----------------------------------------------------------
start_gui
open_project C:/Users/Adam/Downloads/INF1500/INF1500_2034584_2081643_Lab4/lab4/lab4.xpr
Scanning sources...
Finished scanning sources
INFO: [IP_Flow 19-234] Refreshing IP repositories
INFO: [IP_Flow 19-1704] No user IP repositories specified
INFO: [IP_Flow 19-2313] Loaded Vivado IP repository 'C:/Xilinx/Vivado/2020.1/data/ip'.
open_project: Time (s): cpu = 00:00:17 ; elapsed = 00:00:09 . Memory (MB): peak = 1188.887 ; gain = 0.000
update_compile_order -fileset sources_1
add_files -fileset constrs_1 -norecurse C:/Users/Adam/Downloads/INF1500/INF1500_2034584_2081643_Lab4/labo4.xdc
reset_run synth_1
launch_runs synth_1 -jobs 2
[Tue Nov 17 19:03:15 2020] Launched synth_1...
Run output will be captured here: C:/Users/Adam/Downloads/INF1500/INF1500_2034584_2081643_Lab4/lab4/lab4.runs/synth_1/runme.log
launch_runs impl_1 -jobs 2
[Tue Nov 17 19:13:26 2020] Launched impl_1...
Run output will be captured here: C:/Users/Adam/Downloads/INF1500/INF1500_2034584_2081643_Lab4/lab4/lab4.runs/impl_1/runme.log
launch_runs impl_1 -to_step write_bitstream -jobs 2
[Tue Nov 17 19:15:59 2020] Launched impl_1...
Run output will be captured here: C:/Users/Adam/Downloads/INF1500/INF1500_2034584_2081643_Lab4/lab4/lab4.runs/impl_1/runme.log
exit
INFO: [Common 17-206] Exiting Vivado at Tue Nov 17 19:17:33 2020...
