#-----------------------------------------------------------
# Vivado v2020.1 (64-bit)
# SW Build 2902540 on Wed May 27 19:54:49 MDT 2020
# IP Build 2902112 on Wed May 27 22:43:36 MDT 2020
# Start of session at: Tue Nov 17 18:52:57 2020
# Process ID: 7456
# Current directory: C:/Users/Adam/Downloads/INF1500/INF1500_2034584_2081643_Lab4/lab4
# Command line: vivado.exe -gui_launcher_event rodinguilauncherevent14640 C:\Users\Adam\Downloads\INF1500\INF1500_2034584_2081643_Lab4\lab4\lab4.xpr
# Log file: C:/Users/Adam/Downloads/INF1500/INF1500_2034584_2081643_Lab4/lab4/vivado.log
# Journal file: C:/Users/Adam/Downloads/INF1500/INF1500_2034584_2081643_Lab4/lab4\vivado.jou
#-----------------------------------------------------------
start_gui
open_project C:/Users/Adam/Downloads/INF1500/INF1500_2034584_2081643_Lab4/lab4/lab4.xpr
Scanning sources...
Finished scanning sources
INFO: [IP_Flow 19-234] Refreshing IP repositories
INFO: [IP_Flow 19-1704] No user IP repositories specified
INFO: [IP_Flow 19-2313] Loaded Vivado IP repository 'C:/Xilinx/Vivado/2020.1/data/ip'.
open_project: Time (s): cpu = 00:00:16 ; elapsed = 00:00:07 . Memory (MB): peak = 1187.727 ; gain = 0.000
update_compile_order -fileset sources_1
add_files -fileset constrs_1 -norecurse C:/Users/Adam/Downloads/INF1500/INF1500_2034584_2081643_Lab4/labo4.xdc
reset_run synth_1
launch_runs synth_1 -jobs 2
[Tue Nov 17 18:54:37 2020] Launched synth_1...
Run output will be captured here: C:/Users/Adam/Downloads/INF1500/INF1500_2034584_2081643_Lab4/lab4/lab4.runs/synth_1/runme.log
launch_runs impl_1 -jobs 2
[Tue Nov 17 18:55:58 2020] Launched impl_1...
Run output will be captured here: C:/Users/Adam/Downloads/INF1500/INF1500_2034584_2081643_Lab4/lab4/lab4.runs/impl_1/runme.log
export_ip_user_files -of_objects  [get_files C:/Users/Adam/Downloads/INF1500/INF1500_2034584_2081643_Lab4/labo4.xdc] -no_script -reset -force -quiet
remove_files  -fileset constrs_1 C:/Users/Adam/Downloads/INF1500/INF1500_2034584_2081643_Lab4/labo4.xdc
exit
INFO: [Common 17-206] Exiting Vivado at Tue Nov 17 19:01:11 2020...
