#-----------------------------------------------------------
# Vivado v2020.1 (64-bit)
# SW Build 2902540 on Wed May 27 19:54:49 MDT 2020
# IP Build 2902112 on Wed May 27 22:43:36 MDT 2020
# Start of session at: Sun Oct 11 22:01:28 2020
# Process ID: 18764
# Current directory: C:/Users/Adam/Downloads/INF1500/INF1500_2034584_2081643_Lab1/lab1
# Command line: vivado.exe -gui_launcher_event rodinguilauncherevent11060 C:\Users\Adam\Downloads\INF1500\INF1500_2034584_2081643_Lab1\lab1\lab1.xpr
# Log file: C:/Users/Adam/Downloads/INF1500/INF1500_2034584_2081643_Lab1/lab1/vivado.log
# Journal file: C:/Users/Adam/Downloads/INF1500/INF1500_2034584_2081643_Lab1/lab1\vivado.jou
#-----------------------------------------------------------
start_gui
open_project C:/Users/Adam/Downloads/INF1500/INF1500_2034584_2081643_Lab1/lab1/lab1.xpr
INFO: [Project 1-313] Project file moved from 'C:/Users/Adam/Downloads/INF1500/lab1' since last save.
Scanning sources...
Finished scanning sources
INFO: [filemgmt 56-1] IP Repository Path: Directory not found as 'C:/Users/Adam/Downloads/INF1500/INF1500_2034584_2081643_Lab1/ip_repo/fullAdder1B'; using path 'C:/Users/Adam/Downloads/INF1500/ip_repo/fullAdder1B' instead.
INFO: [filemgmt 56-1] IP Repository Path: Directory not found as 'C:/Users/Adam/Downloads/INF1500/INF1500_2034584_2081643_Lab1/ip_repo/ATAD_LIB'; using path 'C:/Users/Adam/Downloads/INF1500/ip_repo/ATAD_LIB' instead.
INFO: [filemgmt 56-1] IP Repository Path: Directory not found as 'C:/Users/Adam/Downloads/INF1500/INF1500_2034584_2081643_Lab1/ip_repo/XUP_LIB'; using path 'C:/Users/Adam/Downloads/INF1500/ip_repo/XUP_LIB' instead.
INFO: [IP_Flow 19-234] Refreshing IP repositories
INFO: [IP_Flow 19-1700] Loaded user IP repository 'c:/Users/Adam/Downloads/INF1500/ip_repo/fullAdder1B'.
INFO: [IP_Flow 19-1700] Loaded user IP repository 'c:/Users/Adam/Downloads/INF1500/ip_repo/ATAD_LIB'.
INFO: [IP_Flow 19-1700] Loaded user IP repository 'c:/Users/Adam/Downloads/INF1500/ip_repo/XUP_LIB'.
INFO: [IP_Flow 19-2313] Loaded Vivado IP repository 'C:/Xilinx/Vivado/2020.1/data/ip'.
WARNING: [IP_Flow 19-3664] IP 'fullAdder4B_fullAdder1B_0_0' generated file not found 'c:/Users/Adam/Downloads/INF1500/INF1500_2034584_2081643_Lab1/lab1/lab1.srcs/sources_1/bd/fullAdder4B/ip/fullAdder4B_fullAdder1B_0_0/src/fullAdder1B_xup_and2_0_0/fullAdder1B_xup_and2_0_0.xci'. Please regenerate to continue.
WARNING: [IP_Flow 19-3664] IP 'fullAdder4B_fullAdder1B_0_0' generated file not found 'c:/Users/Adam/Downloads/INF1500/INF1500_2034584_2081643_Lab1/lab1/lab1.srcs/sources_1/bd/fullAdder4B/ip/fullAdder4B_fullAdder1B_0_0/src/fullAdder1B_xup_and2_1_0/fullAdder1B_xup_and2_1_0.xci'. Please regenerate to continue.
WARNING: [IP_Flow 19-3664] IP 'fullAdder4B_fullAdder1B_0_0' generated file not found 'c:/Users/Adam/Downloads/INF1500/INF1500_2034584_2081643_Lab1/lab1/lab1.srcs/sources_1/bd/fullAdder4B/ip/fullAdder4B_fullAdder1B_0_0/src/fullAdder1B_xup_and2_2_0/fullAdder1B_xup_and2_2_0.xci'. Please regenerate to continue.
WARNING: [IP_Flow 19-3664] IP 'fullAdder4B_fullAdder1B_0_0' generated file not found 'c:/Users/Adam/Downloads/INF1500/INF1500_2034584_2081643_Lab1/lab1/lab1.srcs/sources_1/bd/fullAdder4B/ip/fullAdder4B_fullAdder1B_0_0/src/fullAdder1B_xup_xor2_0_0/fullAdder1B_xup_xor2_0_0.xci'. Please regenerate to continue.
WARNING: [IP_Flow 19-3664] IP 'fullAdder4B_fullAdder1B_0_0' generated file not found 'c:/Users/Adam/Downloads/INF1500/INF1500_2034584_2081643_Lab1/lab1/lab1.srcs/sources_1/bd/fullAdder4B/ip/fullAdder4B_fullAdder1B_0_0/src/fullAdder1B_xup_xor2_1_0/fullAdder1B_xup_xor2_1_0.xci'. Please regenerate to continue.
WARNING: [IP_Flow 19-3664] IP 'fullAdder4B_fullAdder1B_0_0' generated file not found 'c:/Users/Adam/Downloads/INF1500/INF1500_2034584_2081643_Lab1/lab1/lab1.srcs/sources_1/bd/fullAdder4B/ip/fullAdder4B_fullAdder1B_0_0/src/fullAdder1B_xup_or3_0_0/fullAdder1B_xup_or3_0_0.xci'. Please regenerate to continue.
ERROR: [IP_Flow 19-993] Could not find IP file for IP 'fullAdder1B_xup_and2_0_0'.
CRITICAL WARNING: [IP_Flow 19-5097] Unable to determine VLNV from IP file; verify it has the correct syntax: 
CRITICAL WARNING: [IP_Flow 19-3577] Failed to recreate IP instance 'fullAdder4B_fullAdder1B_0_0'. Error during subcore creation.
open_project: Time (s): cpu = 00:00:19 ; elapsed = 00:00:09 . Memory (MB): peak = 1015.316 ; gain = 0.000
ERROR: [Common 17-39] 'open_project' failed due to earlier errors.
update_compile_order -fileset sources_1
set_property top fullAdder1B_wrapper [current_fileset]
update_compile_order -fileset sources_1
set_property top fullAdder1B_wrapper [get_filesets sim_1]
set_property top_lib xil_defaultlib [get_filesets sim_1]
add_files -fileset constrs_1 -norecurse C:/Users/Adam/Downloads/INF1500/labo1.xdc
launch_runs synth_1 -jobs 2
INFO: [BD 41-433] 
Design successfully migrated to use XCI files...
Wrote  : <C:\Users\Adam\Downloads\INF1500\INF1500_2034584_2081643_Lab1\lab1\lab1.srcs\sources_1\bd\fullAdder1B\fullAdder1B.bd> 
VHDL Output written to : C:/Users/Adam/Downloads/INF1500/INF1500_2034584_2081643_Lab1/lab1/lab1.srcs/sources_1/bd/fullAdder1B/synth/fullAdder1B.vhd
VHDL Output written to : C:/Users/Adam/Downloads/INF1500/INF1500_2034584_2081643_Lab1/lab1/lab1.srcs/sources_1/bd/fullAdder1B/sim/fullAdder1B.vhd
VHDL Output written to : C:/Users/Adam/Downloads/INF1500/INF1500_2034584_2081643_Lab1/lab1/lab1.srcs/sources_1/bd/fullAdder1B/hdl/fullAdder1B_wrapper.vhd
INFO: [BD 41-1029] Generation completed for the IP Integrator block xup_and2_0 .
INFO: [BD 41-1029] Generation completed for the IP Integrator block xup_and2_1 .
INFO: [BD 41-1029] Generation completed for the IP Integrator block xup_and2_2 .
INFO: [BD 41-1029] Generation completed for the IP Integrator block xup_xor2_0 .
INFO: [BD 41-1029] Generation completed for the IP Integrator block xup_xor2_1 .
INFO: [BD 41-1029] Generation completed for the IP Integrator block xup_or3_0 .
Exporting to file C:/Users/Adam/Downloads/INF1500/INF1500_2034584_2081643_Lab1/lab1/lab1.srcs/sources_1/bd/fullAdder1B/hw_handoff/fullAdder1B.hwh
Generated Block Design Tcl file C:/Users/Adam/Downloads/INF1500/INF1500_2034584_2081643_Lab1/lab1/lab1.srcs/sources_1/bd/fullAdder1B/hw_handoff/fullAdder1B_bd.tcl
Generated Hardware Definition File C:/Users/Adam/Downloads/INF1500/INF1500_2034584_2081643_Lab1/lab1/lab1.srcs/sources_1/bd/fullAdder1B/synth/fullAdder1B.hwdef
[Sun Oct 11 22:18:33 2020] Launched fullAdder1B_xup_and2_0_0_synth_1, fullAdder1B_xup_and2_1_0_synth_1, fullAdder1B_xup_and2_2_0_synth_1, fullAdder1B_xup_xor2_1_0_synth_1, fullAdder1B_xup_xor2_0_0_synth_1, fullAdder1B_xup_or3_0_0_synth_1, fullAdder1B_xup_xor2_0_2_synth_1, fullAdder1B_xup_or3_0_2_synth_1, fullAdder1B_xup_and2_0_2_synth_1, fullAdder1B_xup_xor2_1_2_synth_1, fullAdder1B_xup_and2_2_2_synth_1, fullAdder1B_xup_and2_1_2_synth_1...
Run output will be captured here:
fullAdder1B_xup_and2_0_0_synth_1: C:/Users/Adam/Downloads/INF1500/INF1500_2034584_2081643_Lab1/lab1/lab1.runs/fullAdder1B_xup_and2_0_0_synth_1/runme.log
fullAdder1B_xup_and2_1_0_synth_1: C:/Users/Adam/Downloads/INF1500/INF1500_2034584_2081643_Lab1/lab1/lab1.runs/fullAdder1B_xup_and2_1_0_synth_1/runme.log
fullAdder1B_xup_and2_2_0_synth_1: C:/Users/Adam/Downloads/INF1500/INF1500_2034584_2081643_Lab1/lab1/lab1.runs/fullAdder1B_xup_and2_2_0_synth_1/runme.log
fullAdder1B_xup_xor2_1_0_synth_1: C:/Users/Adam/Downloads/INF1500/INF1500_2034584_2081643_Lab1/lab1/lab1.runs/fullAdder1B_xup_xor2_1_0_synth_1/runme.log
fullAdder1B_xup_xor2_0_0_synth_1: C:/Users/Adam/Downloads/INF1500/INF1500_2034584_2081643_Lab1/lab1/lab1.runs/fullAdder1B_xup_xor2_0_0_synth_1/runme.log
fullAdder1B_xup_or3_0_0_synth_1: C:/Users/Adam/Downloads/INF1500/INF1500_2034584_2081643_Lab1/lab1/lab1.runs/fullAdder1B_xup_or3_0_0_synth_1/runme.log
fullAdder1B_xup_xor2_0_2_synth_1: C:/Users/Adam/Downloads/INF1500/INF1500_2034584_2081643_Lab1/lab1/lab1.runs/fullAdder1B_xup_xor2_0_2_synth_1/runme.log
fullAdder1B_xup_or3_0_2_synth_1: C:/Users/Adam/Downloads/INF1500/INF1500_2034584_2081643_Lab1/lab1/lab1.runs/fullAdder1B_xup_or3_0_2_synth_1/runme.log
fullAdder1B_xup_and2_0_2_synth_1: C:/Users/Adam/Downloads/INF1500/INF1500_2034584_2081643_Lab1/lab1/lab1.runs/fullAdder1B_xup_and2_0_2_synth_1/runme.log
fullAdder1B_xup_xor2_1_2_synth_1: C:/Users/Adam/Downloads/INF1500/INF1500_2034584_2081643_Lab1/lab1/lab1.runs/fullAdder1B_xup_xor2_1_2_synth_1/runme.log
fullAdder1B_xup_and2_2_2_synth_1: C:/Users/Adam/Downloads/INF1500/INF1500_2034584_2081643_Lab1/lab1/lab1.runs/fullAdder1B_xup_and2_2_2_synth_1/runme.log
fullAdder1B_xup_and2_1_2_synth_1: C:/Users/Adam/Downloads/INF1500/INF1500_2034584_2081643_Lab1/lab1/lab1.runs/fullAdder1B_xup_and2_1_2_synth_1/runme.log
[Sun Oct 11 22:18:35 2020] Launched synth_1...
Run output will be captured here: C:/Users/Adam/Downloads/INF1500/INF1500_2034584_2081643_Lab1/lab1/lab1.runs/synth_1/runme.log
launch_runs: Time (s): cpu = 00:00:23 ; elapsed = 00:00:30 . Memory (MB): peak = 1015.316 ; gain = 0.000
launch_runs impl_1 -jobs 2
[Sun Oct 11 22:25:42 2020] Launched impl_1...
Run output will be captured here: C:/Users/Adam/Downloads/INF1500/INF1500_2034584_2081643_Lab1/lab1/lab1.runs/impl_1/runme.log
launch_runs impl_1 -to_step write_bitstream -jobs 2
[Sun Oct 11 22:29:28 2020] Launched impl_1...
Run output will be captured here: C:/Users/Adam/Downloads/INF1500/INF1500_2034584_2081643_Lab1/lab1/lab1.runs/impl_1/runme.log
open_hw_manager
connect_hw_server -allow_non_jtag
INFO: [Labtools 27-2285] Connecting to hw_server url TCP:localhost:3121
INFO: [Labtools 27-2222] Launching hw_server...
INFO: [Labtools 27-2221] Launch Output:

****** Xilinx hw_server v2020.1
  **** Build date : May 27 2020 at 20:24:38
    ** Copyright 1986-2020 Xilinx, Inc. All Rights Reserved.

warning: cannot open library ftd2xx.dll, first required symbol FT_Close, Digilent FTDI based JTAG cables cannot be supported
warning: cannot open library ftd2xx.dll, first required symbol FT_Close, Xilinx FTDI based JTAG cables cannot be supported

INFO: [Labtools 27-3415] Connecting to cs_server url TCP:localhost:3042
INFO: [Labtools 27-3417] Launching cs_server...
INFO: [Labtools 27-2221] Launch Output:


****** Xilinx cs_server v2020.1.0
  **** Build date : May 13 2020-21:10:29
    ** Copyright 2017-2020 Xilinx, Inc. All Rights Reserved.



connect_hw_server: Time (s): cpu = 00:00:00 ; elapsed = 00:00:08 . Memory (MB): peak = 1015.316 ; gain = 0.000
disconnect_hw_server localhost:3121
connect_hw_server -allow_non_jtag
INFO: [Labtools 27-2285] Connecting to hw_server url TCP:localhost:3121
INFO: [Labtools 27-3415] Connecting to cs_server url TCP:localhost:3042
INFO: [Labtools 27-3414] Connected to existing cs_server.
exit
INFO: [Common 17-206] Exiting Vivado at Sun Oct 11 22:40:26 2020...
