#-----------------------------------------------------------
# Vivado v2020.1 (64-bit)
# SW Build 2902540 on Wed May 27 19:54:49 MDT 2020
# IP Build 2902112 on Wed May 27 22:43:36 MDT 2020
# Start of session at: Tue Sep 29 23:23:47 2020
# Process ID: 11136
# Current directory: C:/Users/Adam/Downloads/INF1500/INF1500_2034584_2081643_Lab1/lab1
# Command line: vivado.exe -gui_launcher_event rodinguilauncherevent16540 C:\Users\Adam\Downloads\INF1500\INF1500_2034584_2081643_Lab1\lab1\lab1.xpr
# Log file: C:/Users/Adam/Downloads/INF1500/INF1500_2034584_2081643_Lab1/lab1/vivado.log
# Journal file: C:/Users/Adam/Downloads/INF1500/INF1500_2034584_2081643_Lab1/lab1\vivado.jou
#-----------------------------------------------------------
start_guopopen_project C:/Users/Adam/Downloads/INF1500/INF1500_2034584_2081643_Lab1/lab1/lab1.xpr
INFO: [Project 1-313] Project file moved from 'C:/Users/Adam/Downloads/INF1500/lab1' since last save.
Scanning sources...
Finished scanning sources
INFO: [filemgmt 56-1] IP Repository Path: Directory not found as 'C:/Users/Adam/Downloads/INF1500/INF1500_2034584_2081643_Lab1/ip_repo/fullAdder1B'; using path 'C:/Users/Adam/Downloads/INF1500/ip_repo/fullAdder1B' instead.
INFO: [filemgmt 56-1] IP Repository Path: Directory not found as 'C:/Users/Adam/Downloads/INF1500/INF1500_2034584_2081643_Lab1/ip_repo/ATAD_LIB'; using path 'C:/Users/Adam/Downloads/INF1500/ip_repo/ATAD_LIB' instead.
INFO: [filemgmt 56-1] IP Repository Path: Directory not found as 'C:/Users/Adam/Downloads/INF1500/INF1500_2034584_2081643_Lab1/ip_repo/XUP_LIB'; using path 'C:/Users/Adam/Downloads/INF1500/ip_repo/XUP_LIB' instead.
INFO: [IP_Flow 19-234] Refreshing IP repositories
INFO: [IP_Flow 19-1700] Loaded user IP repository 'c:/Users/Adam/Downloads/INF1500/ip_repo/fullAdder1B'.
INFO: [IP_Flow 19-1700] Loaded user IP repository 'c:/Users/Adam/Downloads/INF1500/ip_repo/ATAD_LIB'.
INFO: [IP_Flow 19-1700] Loaded user IP repository 'c:/Users/Adam/Downloads/INF1500/ip_repo/XUP_LIB'.
INFO: [IP_Flow 19-2313] Loaded Vivado IP repository 'C:/Xilinx/Vivado/2020.1/data/ip'opopen_project: Time (s): cpu = 00:00:21 ; elapsed = 00:00:27 . Memory (MB): peak = 1015.047 ; gain = 0.00upupdate_compile_order -fileset sources_opexit
INFO: [Common 17-206] Exiting Vivado at Tue Sep 29 23:26:05 2020...
1/lab1/lab1.srcs/sources_1/bd/fullAdder1B/fullAdder1B.bd}
Adding component instance block -- xilinx.com:xup:xup_and2:1.0 - xup_and2_0
Adding component instance block -- xilinx.com:xup:xup_and2:1.0 - xup_and2_1
Adding component instance block -- xilinx.com:xup:xup_and2:1.0 - xup_and2_2
Adding component instance block -- xilinx.com:xup:xup_xor2:1.0 - xup_xor2_0
Adding component instance block -- xilinx.com:xup:xup_xor2:1.0 - xup_xor2_1
Adding component instance block -- xilinx.com:xup:xup_or3:1.0 - xup_or3_0
Successfully read diagram <fullAdder1B> from BD file <C:/Users/Adam/Downloads/INF1500/INF1500_2034584_2081643_Lab1/lab1/lab1.srcs/sources_1/bd/fullAdder1B/fullAdder1B.bd>
INFO: [BD 41-433] 
Design successfully migrated to use XCI files...
open_bd_design: Time (s): cpu = 00:00:16 ; elapsed = 00:00:11 . Memory (MB): peak = 1015.004 ; gain = 0.000
exit
INFO: [Common 17-206] Exiting Vivado at Tue Sep 29 23:26:01 2020...
