
*** Running vivado
    with args -log MUX_INDEX_ATAD_SPLIT_2_0_0.vds -m64 -product Vivado -mode batch -messageDb vivado.pb -notrace -source MUX_INDEX_ATAD_SPLIT_2_0_0.tcl



****** Vivado v2020.1 (64-bit)
  **** SW Build 2902540 on Wed May 27 19:54:49 MDT 2020
  **** IP Build 2902112 on Wed May 27 22:43:36 MDT 2020
    ** Copyright 1986-2020 Xilinx, Inc. All Rights Reserved.

source MUX_INDEX_ATAD_SPLIT_2_0_0.tcl -notrace
INFO: [IP_Flow 19-234] Refreshing IP repositories
INFO: [IP_Flow 19-1700] Loaded user IP repository 'c:/Users/Adam/Downloads/INF1500/ip_repo/CRYPTO'.
INFO: [IP_Flow 19-1700] Loaded user IP repository 'c:/Users/Adam/Downloads/INF1500/ip_repo/DIV_4_REST'.
INFO: [IP_Flow 19-1700] Loaded user IP repository 'c:/Users/Adam/Downloads/INF1500/ip_repo/ATAD_LIB'.
INFO: [IP_Flow 19-1700] Loaded user IP repository 'c:/Users/Adam/Downloads/INF1500/ip_repo/XUP_LIB'.
INFO: [IP_Flow 19-2313] Loaded Vivado IP repository 'C:/Xilinx/Vivado/2020.1/data/ip'.
Command: synth_design -top MUX_INDEX_ATAD_SPLIT_2_0_0 -part xc7a100tcsg324-1 -mode out_of_context
Starting synth_design
Attempting to get a license for feature 'Synthesis' and/or device 'xc7a100t'
INFO: [Common 17-349] Got license for feature 'Synthesis' and/or device 'xc7a100t'
INFO: [Synth 8-7079] Multithreading enabled for synth_design using a maximum of 2 processes.
INFO: [Synth 8-7078] Launching helper process for spawning children vivado processes
INFO: [Synth 8-7075] Helper process launched with PID 2352
---------------------------------------------------------------------------------
Starting Synthesize : Time (s): cpu = 00:00:08 ; elapsed = 00:00:10 . Memory (MB): peak = 1032.938 ; gain = 0.000
---------------------------------------------------------------------------------
INFO: [Synth 8-638] synthesizing module 'MUX_INDEX_ATAD_SPLIT_2_0_0' [c:/Users/Adam/Downloads/INF1500/INF1500_2034584_2081643_Lab3/lab3/lab3.srcs/sources_1/bd/MUX_INDEX/ip/MUX_INDEX_ATAD_SPLIT_2_0_0/synth/MUX_INDEX_ATAD_SPLIT_2_0_0.vhd:64]
INFO: [Synth 8-3491] module 'ATAD_SPLIT_2' declared at 'c:/Users/Adam/Downloads/INF1500/INF1500_2034584_2081643_Lab3/lab3/lab3.srcs/sources_1/bd/MUX_INDEX/ipshared/4947/src/ATAD_SPLIT_2.vhd:34' bound to instance 'U0' of component 'ATAD_SPLIT_2' [c:/Users/Adam/Downloads/INF1500/INF1500_2034584_2081643_Lab3/lab3/lab3.srcs/sources_1/bd/MUX_INDEX/ip/MUX_INDEX_ATAD_SPLIT_2_0_0/synth/MUX_INDEX_ATAD_SPLIT_2_0_0.vhd:83]
INFO: [Synth 8-638] synthesizing module 'ATAD_SPLIT_2' [c:/Users/Adam/Downloads/INF1500/INF1500_2034584_2081643_Lab3/lab3/lab3.srcs/sources_1/bd/MUX_INDEX/ipshared/4947/src/ATAD_SPLIT_2.vhd:40]
INFO: [Synth 8-256] done synthesizing module 'ATAD_SPLIT_2' (1#1) [c:/Users/Adam/Downloads/INF1500/INF1500_2034584_2081643_Lab3/lab3/lab3.srcs/sources_1/bd/MUX_INDEX/ipshared/4947/src/ATAD_SPLIT_2.vhd:40]
INFO: [Synth 8-256] done synthesizing module 'MUX_INDEX_ATAD_SPLIT_2_0_0' (2#1) [c:/Users/Adam/Downloads/INF1500/INF1500_2034584_2081643_Lab3/lab3/lab3.srcs/sources_1/bd/MUX_INDEX/ip/MUX_INDEX_ATAD_SPLIT_2_0_0/synth/MUX_INDEX_ATAD_SPLIT_2_0_0.vhd:64]
---------------------------------------------------------------------------------
Finished Synthesize : Time (s): cpu = 00:00:10 ; elapsed = 00:00:13 . Memory (MB): peak = 1032.938 ; gain = 0.000
---------------------------------------------------------------------------------
---------------------------------------------------------------------------------
Finished Constraint Validation : Time (s): cpu = 00:00:10 ; elapsed = 00:00:14 . Memory (MB): peak = 1032.938 ; gain = 0.000
---------------------------------------------------------------------------------
---------------------------------------------------------------------------------
Start Loading Part and Timing Information
---------------------------------------------------------------------------------
Loading part: xc7a100tcsg324-1
---------------------------------------------------------------------------------
Finished Loading Part and Timing Information : Time (s): cpu = 00:00:10 ; elapsed = 00:00:14 . Memory (MB): peak = 1032.938 ; gain = 0.000
---------------------------------------------------------------------------------
INFO: [Device 21-403] Loading part xc7a100tcsg324-1
---------------------------------------------------------------------------------
Finished RTL Optimization Phase 2 : Time (s): cpu = 00:00:11 ; elapsed = 00:00:14 . Memory (MB): peak = 1032.938 ; gain = 0.000
---------------------------------------------------------------------------------
No constraint files found.
---------------------------------------------------------------------------------
Start RTL Component Statistics 
---------------------------------------------------------------------------------
Detailed RTL Component Info : 
---------------------------------------------------------------------------------
Finished RTL Component Statistics 
---------------------------------------------------------------------------------
---------------------------------------------------------------------------------
Start Part Resource Summary
---------------------------------------------------------------------------------
Part Resources:
DSPs: 240 (col length:80)
BRAMs: 270 (col length: RAMB18 80 RAMB36 40)
---------------------------------------------------------------------------------
Finished Part Resource Summary
---------------------------------------------------------------------------------
No constraint files found.
---------------------------------------------------------------------------------
Start Cross Boundary and Area Optimization
---------------------------------------------------------------------------------
---------------------------------------------------------------------------------
Finished Cross Boundary and Area Optimization : Time (s): cpu = 00:00:19 ; elapsed = 00:00:25 . Memory (MB): peak = 1032.938 ; gain = 0.000
---------------------------------------------------------------------------------
No constraint files found.
---------------------------------------------------------------------------------
Start Timing Optimization
---------------------------------------------------------------------------------
---------------------------------------------------------------------------------
Finished Timing Optimization : Time (s): cpu = 00:00:19 ; elapsed = 00:00:25 . Memory (MB): peak = 1032.938 ; gain = 0.000
---------------------------------------------------------------------------------
---------------------------------------------------------------------------------
Start Technology Mapping
---------------------------------------------------------------------------------
---------------------------------------------------------------------------------
Finished Technology Mapping : Time (s): cpu = 00:00:19 ; elapsed = 00:00:25 . Memory (MB): peak = 1032.938 ; gain = 0.000
---------------------------------------------------------------------------------
---------------------------------------------------------------------------------
Start IO Insertion
---------------------------------------------------------------------------------
---------------------------------------------------------------------------------
Start Flattening Before IO Insertion
---------------------------------------------------------------------------------
---------------------------------------------------------------------------------
Finished Flattening Before IO Insertion
---------------------------------------------------------------------------------
---------------------------------------------------------------------------------
Start Final Netlist Cleanup
---------------------------------------------------------------------------------
---------------------------------------------------------------------------------
Finished Final Netlist Cleanup
---------------------------------------------------------------------------------
---------------------------------------------------------------------------------
Finished IO Insertion : Time (s): cpu = 00:00:27 ; elapsed = 00:00:33 . Memory (MB): peak = 1032.938 ; gain = 0.000
---------------------------------------------------------------------------------
---------------------------------------------------------------------------------
Start Renaming Generated Instances
---------------------------------------------------------------------------------
---------------------------------------------------------------------------------
Finished Renaming Generated Instances : Time (s): cpu = 00:00:27 ; elapsed = 00:00:33 . Memory (MB): peak = 1032.938 ; gain = 0.000
---------------------------------------------------------------------------------
---------------------------------------------------------------------------------
Start Rebuilding User Hierarchy
---------------------------------------------------------------------------------
---------------------------------------------------------------------------------
Finished Rebuilding User Hierarchy : Time (s): cpu = 00:00:27 ; elapsed = 00:00:33 . Memory (MB): peak = 1032.938 ; gain = 0.000
---------------------------------------------------------------------------------
---------------------------------------------------------------------------------
Start Renaming Generated Ports
---------------------------------------------------------------------------------
---------------------------------------------------------------------------------
Finished Renaming Generated Ports : Time (s): cpu = 00:00:27 ; elapsed = 00:00:33 . Memory (MB): peak = 1032.938 ; gain = 0.000
---------------------------------------------------------------------------------
---------------------------------------------------------------------------------
Start Handling Custom Attributes
---------------------------------------------------------------------------------
---------------------------------------------------------------------------------
Finished Handling Custom Attributes : Time (s): cpu = 00:00:27 ; elapsed = 00:00:33 . Memory (MB): peak = 1032.938 ; gain = 0.000
---------------------------------------------------------------------------------
---------------------------------------------------------------------------------
Start Renaming Generated Nets
---------------------------------------------------------------------------------
---------------------------------------------------------------------------------
Finished Renaming Generated Nets : Time (s): cpu = 00:00:27 ; elapsed = 00:00:33 . Memory (MB): peak = 1032.938 ; gain = 0.000
---------------------------------------------------------------------------------
---------------------------------------------------------------------------------
Start Writing Synthesis Report
---------------------------------------------------------------------------------

Report BlackBoxes: 
+-+--------------+----------+
| |BlackBox name |Instances |
+-+--------------+----------+
+-+--------------+----------+

Report Cell Usage: 
+-+-----+------+
| |Cell |Count |
+-+-----+------+
+-+-----+------+

Report Instance Areas: 
+------+---------+-------+------+
|      |Instance |Module |Cells |
+------+---------+-------+------+
|1     |top      |       |     0|
+------+---------+-------+------+
---------------------------------------------------------------------------------
Finished Writing Synthesis Report : Time (s): cpu = 00:00:27 ; elapsed = 00:00:33 . Memory (MB): peak = 1032.938 ; gain = 0.000
---------------------------------------------------------------------------------
Synthesis finished with 0 errors, 0 critical warnings and 0 warnings.
Synthesis Optimization Runtime : Time (s): cpu = 00:00:27 ; elapsed = 00:00:33 . Memory (MB): peak = 1032.938 ; gain = 0.000
Synthesis Optimization Complete : Time (s): cpu = 00:00:27 ; elapsed = 00:00:33 . Memory (MB): peak = 1032.938 ; gain = 0.000
INFO: [Project 1-571] Translating synthesized netlist
Netlist sorting complete. Time (s): cpu = 00:00:00 ; elapsed = 00:00:00 . Memory (MB): peak = 1032.938 ; gain = 0.000
INFO: [Project 1-570] Preparing netlist for logic optimization
INFO: [Opt 31-138] Pushed 0 inverter(s) to 0 load pin(s).
Netlist sorting complete. Time (s): cpu = 00:00:00 ; elapsed = 00:00:00 . Memory (MB): peak = 1032.938 ; gain = 0.000
INFO: [Project 1-111] Unisim Transformation Summary:
No Unisim elements were transformed.

INFO: [Common 17-83] Releasing license: Synthesis
21 Infos, 0 Warnings, 0 Critical Warnings and 0 Errors encountered.
synth_design completed successfully
synth_design: Time (s): cpu = 00:00:34 ; elapsed = 00:00:43 . Memory (MB): peak = 1032.938 ; gain = 0.000
INFO: [Timing 38-35] Done setting XDC timing constraints.
INFO: [Common 17-1381] The checkpoint 'C:/Users/Adam/Downloads/INF1500/INF1500_2034584_2081643_Lab3/lab3/lab3.runs/MUX_INDEX_ATAD_SPLIT_2_0_0_synth_1/MUX_INDEX_ATAD_SPLIT_2_0_0.dcp' has been generated.
write_checkpoint: Time (s): cpu = 00:00:19 ; elapsed = 00:00:26 . Memory (MB): peak = 1214.461 ; gain = 181.523
WARNING: [Common 17-576] 'use_project_ipc' is deprecated. This option is deprecated and no longer used.
INFO: [Coretcl 2-1648] Added synthesis output to IP cache for IP MUX_INDEX_ATAD_SPLIT_2_0_0, cache-ID = b450c5558f847707
WARNING: [Constraints 18-5210] No constraints selected for write.
Resolution: This message can indicate that there are no constraints for the design, or it can indicate that the used_in flags are set such that the constraints are ignored. This later case is used when running synth_design to not write synthesis constraints to the resulting checkpoint. Instead, project constraints are read when the synthesized design is opened.
INFO: [Common 17-1381] The checkpoint 'C:/Users/Adam/Downloads/INF1500/INF1500_2034584_2081643_Lab3/lab3/lab3.runs/MUX_INDEX_ATAD_SPLIT_2_0_0_synth_1/MUX_INDEX_ATAD_SPLIT_2_0_0.dcp' has been generated.
INFO: [runtcl-4] Executing : report_utilization -file MUX_INDEX_ATAD_SPLIT_2_0_0_utilization_synth.rpt -pb MUX_INDEX_ATAD_SPLIT_2_0_0_utilization_synth.pb
INFO: [Common 17-206] Exiting Vivado at Wed Nov  4 18:29:14 2020...
