#-----------------------------------------------------------
# Vivado v2020.1 (64-bit)
# SW Build 2902540 on Wed May 27 19:54:49 MDT 2020
# IP Build 2902112 on Wed May 27 22:43:36 MDT 2020
# Start of session at: Sat Oct 17 20:40:52 2020
# Process ID: 9852
# Current directory: C:/Users/Adam/Downloads/INF1500/lab2
# Command line: vivado.exe -gui_launcher_event rodinguilauncherevent8932 C:\Users\Adam\Downloads\INF1500\lab2\lab2.xpr
# Log file: C:/Users/Adam/Downloads/INF1500/lab2/vivado.log
# Journal file: C:/Users/Adam/Downloads/INF1500/lab2\vivado.jou
#-----------------------------------------------------------
start_gui
open_project C:/Users/Adam/Downloads/INF1500/lab2/lab2.xpr
Scanning sources...
Finished scanning sources
INFO: [IP_Flow 19-234] Refreshing IP repositories
INFO: [IP_Flow 19-1700] Loaded user IP repository 'c:/Users/Adam/Downloads/INF1500/ip_repo/DIV_4_4B'.
INFO: [IP_Flow 19-1700] Loaded user IP repository 'c:/Users/Adam/Downloads/INF1500/ip_repo/MUX_4B'.
INFO: [IP_Flow 19-1700] Loaded user IP repository 'c:/Users/Adam/Downloads/INF1500/ip_repo/CMP_4B'.
INFO: [IP_Flow 19-1700] Loaded user IP repository 'c:/Users/Adam/Downloads/INF1500/ip_repo/ATAD_LIB'.
INFO: [IP_Flow 19-1700] Loaded user IP repository 'c:/Users/Adam/Downloads/INF1500/ip_repo/XUP_LIB'.
INFO: [IP_Flow 19-2313] Loaded Vivado IP repository 'C:/Xilinx/Vivado/2020.1/data/ip'.
open_project: Time (s): cpu = 00:00:33 ; elapsed = 00:00:17 . Memory (MB): peak = 1190.008 ; gain = 0.000
set_property top UAL_wrapper [current_fileset]
add_files -fileset constrs_1 -norecurse C:/Users/Adam/Downloads/INF1500/labo2.xdc
reset_run UAL_CMP_4B_0_0_synth_1
reset_run UAL_DIV_4_4B_0_0_synth_1
reset_run UAL_MUX_4B_0_0_synth_1
reset_run synth_1
launch_runs synth_1 -jobs 2
INFO: [IP_Flow 19-4993] Using cached IP synthesis design for IP UAL_CMP_4B_0_0, cache-ID = ca7c4c0ad00fa026; cache size = 0.230 MB.
INFO: [IP_Flow 19-4993] Using cached IP synthesis design for IP UAL_DIV_4_4B_0_0, cache-ID = 6e6862dd5e9faf01; cache size = 0.230 MB.
INFO: [IP_Flow 19-4993] Using cached IP synthesis design for IP UAL_MUX_4B_0_0, cache-ID = 7c4d8d5689a67404; cache size = 0.230 MB.
[Sat Oct 17 20:44:40 2020] Launched UAL_CMP_4B_0_0_synth_1, UAL_DIV_4_4B_0_0_synth_1, UAL_MUX_4B_0_0_synth_1...
Run output will be captured here:
UAL_CMP_4B_0_0_synth_1: C:/Users/Adam/Downloads/INF1500/lab2/lab2.runs/UAL_CMP_4B_0_0_synth_1/runme.log
UAL_DIV_4_4B_0_0_synth_1: C:/Users/Adam/Downloads/INF1500/lab2/lab2.runs/UAL_DIV_4_4B_0_0_synth_1/runme.log
UAL_MUX_4B_0_0_synth_1: C:/Users/Adam/Downloads/INF1500/lab2/lab2.runs/UAL_MUX_4B_0_0_synth_1/runme.log
[Sat Oct 17 20:44:41 2020] Launched synth_1...
Run output will be captured here: C:/Users/Adam/Downloads/INF1500/lab2/lab2.runs/synth_1/runme.log
open_bd_design {C:/Users/Adam/Downloads/INF1500/lab2/lab2.srcs/sources_1/bd/UAL/UAL.bd}
Adding component instance block -- xilinx.com:user:MUX_4B:1.0 - MUX_4B_0
Adding component instance block -- xilinx.com:user:DIV_4_4B:1.0 - DIV_4_4B_0
Adding component instance block -- xilinx.com:user:CMP_4B:1.0 - CMP_4B_0
Successfully read diagram <UAL> from BD file <C:/Users/Adam/Downloads/INF1500/lab2/lab2.srcs/sources_1/bd/UAL/UAL.bd>
launch_runs impl_1 -jobs 2
INFO: [IP_Flow 19-4993] Using cached IP synthesis design for IP UAL_CMP_4B_0_0, cache-ID = ca7c4c0ad00fa026; cache size = 0.230 MB.
INFO: [IP_Flow 19-4993] Using cached IP synthesis design for IP UAL_DIV_4_4B_0_0, cache-ID = 6e6862dd5e9faf01; cache size = 0.230 MB.
INFO: [IP_Flow 19-4993] Using cached IP synthesis design for IP UAL_MUX_4B_0_0, cache-ID = 7c4d8d5689a67404; cache size = 0.230 MB.
[Sat Oct 17 20:51:09 2020] Launched UAL_CMP_4B_0_0_synth_1, UAL_DIV_4_4B_0_0_synth_1, UAL_MUX_4B_0_0_synth_1...
Run output will be captured here:
UAL_CMP_4B_0_0_synth_1: C:/Users/Adam/Downloads/INF1500/lab2/lab2.runs/UAL_CMP_4B_0_0_synth_1/runme.log
UAL_DIV_4_4B_0_0_synth_1: C:/Users/Adam/Downloads/INF1500/lab2/lab2.runs/UAL_DIV_4_4B_0_0_synth_1/runme.log
UAL_MUX_4B_0_0_synth_1: C:/Users/Adam/Downloads/INF1500/lab2/lab2.runs/UAL_MUX_4B_0_0_synth_1/runme.log
[Sat Oct 17 20:51:09 2020] Launched impl_1...
Run output will be captured here: C:/Users/Adam/Downloads/INF1500/lab2/lab2.runs/impl_1/runme.log
reset_run synth_1
launch_runs impl_1 -to_step write_bitstream -jobs 2
INFO: [IP_Flow 19-4993] Using cached IP synthesis design for IP UAL_CMP_4B_0_0, cache-ID = ca7c4c0ad00fa026; cache size = 0.230 MB.
INFO: [IP_Flow 19-4993] Using cached IP synthesis design for IP UAL_DIV_4_4B_0_0, cache-ID = 6e6862dd5e9faf01; cache size = 0.230 MB.
INFO: [IP_Flow 19-4993] Using cached IP synthesis design for IP UAL_MUX_4B_0_0, cache-ID = 7c4d8d5689a67404; cache size = 0.230 MB.
[Sat Oct 17 20:53:59 2020] Launched UAL_CMP_4B_0_0_synth_1, UAL_DIV_4_4B_0_0_synth_1, UAL_MUX_4B_0_0_synth_1, synth_1...
Run output will be captured here:
UAL_CMP_4B_0_0_synth_1: C:/Users/Adam/Downloads/INF1500/lab2/lab2.runs/UAL_CMP_4B_0_0_synth_1/runme.log
UAL_DIV_4_4B_0_0_synth_1: C:/Users/Adam/Downloads/INF1500/lab2/lab2.runs/UAL_DIV_4_4B_0_0_synth_1/runme.log
UAL_MUX_4B_0_0_synth_1: C:/Users/Adam/Downloads/INF1500/lab2/lab2.runs/UAL_MUX_4B_0_0_synth_1/runme.log
synth_1: C:/Users/Adam/Downloads/INF1500/lab2/lab2.runs/synth_1/runme.log
[Sat Oct 17 20:54:00 2020] Launched impl_1...
Run output will be captured here: C:/Users/Adam/Downloads/INF1500/lab2/lab2.runs/impl_1/runme.log
open_run impl_1
INFO: [Device 21-403] Loading part xc7a100tcsg324-1
Netlist sorting complete. Time (s): cpu = 00:00:00 ; elapsed = 00:00:00.001 . Memory (MB): peak = 1402.609 ; gain = 0.000
INFO: [Project 1-479] Netlist was created with Vivado 2020.1
INFO: [Project 1-570] Preparing netlist for logic optimization
INFO: [Timing 38-478] Restoring timing data from binary archive.
INFO: [Timing 38-479] Binary timing data restore complete.
INFO: [Project 1-856] Restoring constraints from binary archive.
INFO: [Project 1-853] Binary constraint restore complete.
Reading XDEF placement.
Reading placer database...
Reading XDEF routing.
Read XDEF File: Time (s): cpu = 00:00:00 ; elapsed = 00:00:00.051 . Memory (MB): peak = 1949.578 ; gain = 0.000
Restored from archive | CPU: 0.000000 secs | Memory: 0.000000 MB |
Finished XDEF File Restore: Time (s): cpu = 00:00:00 ; elapsed = 00:00:00.051 . Memory (MB): peak = 1949.578 ; gain = 0.000
Netlist sorting complete. Time (s): cpu = 00:00:00 ; elapsed = 00:00:00 . Memory (MB): peak = 1949.578 ; gain = 0.000
INFO: [Project 1-111] Unisim Transformation Summary:
No Unisim elements were transformed.

open_run: Time (s): cpu = 00:00:38 ; elapsed = 00:00:31 . Memory (MB): peak = 2057.281 ; gain = 654.672
WARNING: [Timing 38-313] There are no user specified timing constraints. Timing constraints are needed for proper timing analysis.
export_ip_user_files -of_objects  [get_files C:/Users/Adam/Downloads/INF1500/labo2.xdc] -no_script -reset -force -quiet
remove_files  -fileset constrs_1 C:/Users/Adam/Downloads/INF1500/labo2.xdc
add_files -fileset constrs_1 -norecurse C:/Users/Adam/Downloads/INF1500/labo2.xdc
reset_run synth_1
launch_runs synth_1 -jobs 2
INFO: [IP_Flow 19-4993] Using cached IP synthesis design for IP UAL_CMP_4B_0_0, cache-ID = ca7c4c0ad00fa026; cache size = 0.230 MB.
INFO: [IP_Flow 19-4993] Using cached IP synthesis design for IP UAL_DIV_4_4B_0_0, cache-ID = 6e6862dd5e9faf01; cache size = 0.230 MB.
INFO: [IP_Flow 19-4993] Using cached IP synthesis design for IP UAL_MUX_4B_0_0, cache-ID = 7c4d8d5689a67404; cache size = 0.230 MB.
[Sat Oct 17 21:05:05 2020] Launched UAL_CMP_4B_0_0_synth_1, UAL_DIV_4_4B_0_0_synth_1, UAL_MUX_4B_0_0_synth_1...
Run output will be captured here:
UAL_CMP_4B_0_0_synth_1: C:/Users/Adam/Downloads/INF1500/lab2/lab2.runs/UAL_CMP_4B_0_0_synth_1/runme.log
UAL_DIV_4_4B_0_0_synth_1: C:/Users/Adam/Downloads/INF1500/lab2/lab2.runs/UAL_DIV_4_4B_0_0_synth_1/runme.log
UAL_MUX_4B_0_0_synth_1: C:/Users/Adam/Downloads/INF1500/lab2/lab2.runs/UAL_MUX_4B_0_0_synth_1/runme.log
[Sat Oct 17 21:05:06 2020] Launched synth_1...
Run output will be captured here: C:/Users/Adam/Downloads/INF1500/lab2/lab2.runs/synth_1/runme.log
launch_runs impl_1 -jobs 2
INFO: [IP_Flow 19-4993] Using cached IP synthesis design for IP UAL_CMP_4B_0_0, cache-ID = ca7c4c0ad00fa026; cache size = 0.230 MB.
INFO: [IP_Flow 19-4993] Using cached IP synthesis design for IP UAL_DIV_4_4B_0_0, cache-ID = 6e6862dd5e9faf01; cache size = 0.230 MB.
INFO: [IP_Flow 19-4993] Using cached IP synthesis design for IP UAL_MUX_4B_0_0, cache-ID = 7c4d8d5689a67404; cache size = 0.230 MB.
[Sat Oct 17 21:07:06 2020] Launched UAL_CMP_4B_0_0_synth_1, UAL_DIV_4_4B_0_0_synth_1, UAL_MUX_4B_0_0_synth_1...
Run output will be captured here:
UAL_CMP_4B_0_0_synth_1: C:/Users/Adam/Downloads/INF1500/lab2/lab2.runs/UAL_CMP_4B_0_0_synth_1/runme.log
UAL_DIV_4_4B_0_0_synth_1: C:/Users/Adam/Downloads/INF1500/lab2/lab2.runs/UAL_DIV_4_4B_0_0_synth_1/runme.log
UAL_MUX_4B_0_0_synth_1: C:/Users/Adam/Downloads/INF1500/lab2/lab2.runs/UAL_MUX_4B_0_0_synth_1/runme.log
[Sat Oct 17 21:07:07 2020] Launched impl_1...
Run output will be captured here: C:/Users/Adam/Downloads/INF1500/lab2/lab2.runs/impl_1/runme.log
reset_run synth_1
launch_runs impl_1 -to_step write_bitstream -jobs 2
INFO: [IP_Flow 19-4993] Using cached IP synthesis design for IP UAL_CMP_4B_0_0, cache-ID = ca7c4c0ad00fa026; cache size = 0.230 MB.
INFO: [IP_Flow 19-4993] Using cached IP synthesis design for IP UAL_DIV_4_4B_0_0, cache-ID = 6e6862dd5e9faf01; cache size = 0.230 MB.
INFO: [IP_Flow 19-4993] Using cached IP synthesis design for IP UAL_MUX_4B_0_0, cache-ID = 7c4d8d5689a67404; cache size = 0.230 MB.
[Sat Oct 17 21:10:12 2020] Launched UAL_CMP_4B_0_0_synth_1, UAL_DIV_4_4B_0_0_synth_1, UAL_MUX_4B_0_0_synth_1, synth_1...
Run output will be captured here:
UAL_CMP_4B_0_0_synth_1: C:/Users/Adam/Downloads/INF1500/lab2/lab2.runs/UAL_CMP_4B_0_0_synth_1/runme.log
UAL_DIV_4_4B_0_0_synth_1: C:/Users/Adam/Downloads/INF1500/lab2/lab2.runs/UAL_DIV_4_4B_0_0_synth_1/runme.log
UAL_MUX_4B_0_0_synth_1: C:/Users/Adam/Downloads/INF1500/lab2/lab2.runs/UAL_MUX_4B_0_0_synth_1/runme.log
synth_1: C:/Users/Adam/Downloads/INF1500/lab2/lab2.runs/synth_1/runme.log
[Sat Oct 17 21:10:13 2020] Launched impl_1...
Run output will be captured here: C:/Users/Adam/Downloads/INF1500/lab2/lab2.runs/impl_1/runme.log
exit
INFO: [Common 17-206] Exiting Vivado at Sat Oct 17 21:25:58 2020...
