#-----------------------------------------------------------
# Vivado v2020.1 (64-bit)
# SW Build 2902540 on Wed May 27 19:54:49 MDT 2020
# IP Build 2902112 on Wed May 27 22:43:36 MDT 2020
# Start of session at: Sun Oct 11 21:35:37 2020
# Process ID: 11300
# Current directory: C:/Users/Adam/Downloads/INF1500/lab2
# Command line: vivado.exe -gui_launcher_event rodinguilauncherevent6880 C:\Users\Adam\Downloads\INF1500\lab2\lab2.xpr
# Log file: C:/Users/Adam/Downloads/INF1500/lab2/vivado.log
# Journal file: C:/Users/Adam/Downloads/INF1500/lab2\vivado.jou
#-----------------------------------------------------------
start_gui
open_project C:/Users/Adam/Downloads/INF1500/lab2/lab2.xpr
Scanning sources...
Finished scanning sources
INFO: [IP_Flow 19-234] Refreshing IP repositories
INFO: [IP_Flow 19-1700] Loaded user IP repository 'c:/Users/Adam/Downloads/INF1500/ip_repo/DIV_4_4B'.
INFO: [IP_Flow 19-1700] Loaded user IP repository 'c:/Users/Adam/Downloads/INF1500/ip_repo/MUX_4B'.
INFO: [IP_Flow 19-1700] Loaded user IP repository 'c:/Users/Adam/Downloads/INF1500/ip_repo/CMP_4B'.
INFO: [IP_Flow 19-1700] Loaded user IP repository 'c:/Users/Adam/Downloads/INF1500/ip_repo/ATAD_LIB'.
INFO: [IP_Flow 19-1700] Loaded user IP repository 'c:/Users/Adam/Downloads/INF1500/ip_repo/XUP_LIB'.
INFO: [IP_Flow 19-2313] Loaded Vivado IP repository 'C:/Xilinx/Vivado/2020.1/data/ip'.
open_project: Time (s): cpu = 00:00:22 ; elapsed = 00:00:14 . Memory (MB): peak = 1015.008 ; gain = 0.000
exit
INFO: [Common 17-206] Exiting Vivado at Sun Oct 11 21:57:40 2020...
