#-----------------------------------------------------------
# Vivado v2020.1 (64-bit)
# SW Build 2902540 on Wed May 27 19:54:49 MDT 2020
# IP Build 2902112 on Wed May 27 22:43:36 MDT 2020
# Start of session at: Sun Oct 18 18:41:57 2020
# Process ID: 14440
# Current directory: C:/Users/Adam/Downloads/INF1500/INF1500_2034584_2081643_Lab2/lab2
# Command line: vivado.exe -gui_launcher_event rodinguilauncherevent12360 C:\Users\Adam\Downloads\INF1500\INF1500_2034584_2081643_Lab2\lab2\lab2.xpr
# Log file: C:/Users/Adam/Downloads/INF1500/INF1500_2034584_2081643_Lab2/lab2/vivado.log
# Journal file: C:/Users/Adam/Downloads/INF1500/INF1500_2034584_2081643_Lab2/lab2\vivado.jou
#-----------------------------------------------------------
start_gui
open_project C:/Users/Adam/Downloads/INF1500/INF1500_2034584_2081643_Lab2/lab2/lab2.xpr
INFO: [Project 1-313] Project file moved from 'C:/Users/Adam/Downloads/INF1500/lab2' since last save.
Scanning sources...
Finished scanning sources
INFO: [IP_Flow 19-234] Refreshing IP repositories
INFO: [IP_Flow 19-1700] Loaded user IP repository 'c:/Users/Adam/Downloads/INF1500/INF1500_2034584_2081643_Lab2/ip_repo/DIV_4_4B'.
INFO: [IP_Flow 19-1700] Loaded user IP repository 'c:/Users/Adam/Downloads/INF1500/INF1500_2034584_2081643_Lab2/ip_repo/MUX_4B'.
INFO: [IP_Flow 19-1700] Loaded user IP repository 'c:/Users/Adam/Downloads/INF1500/INF1500_2034584_2081643_Lab2/ip_repo/CMP_4B'.
INFO: [IP_Flow 19-1700] Loaded user IP repository 'c:/Users/Adam/Downloads/INF1500/INF1500_2034584_2081643_Lab2/ip_repo/ATAD_LIB'.
INFO: [IP_Flow 19-1700] Loaded user IP repository 'c:/Users/Adam/Downloads/INF1500/INF1500_2034584_2081643_Lab2/ip_repo/XUP_LIB'.
INFO: [IP_Flow 19-2313] Loaded Vivado IP repository 'C:/Xilinx/Vivado/2020.1/data/ip'.
open_project: Time (s): cpu = 00:00:31 ; elapsed = 00:00:17 . Memory (MB): peak = 1014.980 ; gain = 0.000
export_ip_user_files -of_objects  [get_files C:/Users/Adam/Downloads/INF1500/INF1500_2034584_2081643_Lab2/labo2.xdc] -no_script -reset -force -quiet
remove_files  -fileset constrs_1 C:/Users/Adam/Downloads/INF1500/INF1500_2034584_2081643_Lab2/labo2.xdc
add_files -fileset constrs_1 -norecurse C:/Users/Adam/Downloads/INF1500/INF1500_2034584_2081643_Lab2/labo2.xdc
reset_run UAL_CMP_4B_0_0_synth_1
reset_run UAL_DIV_4_4B_0_0_synth_1
reset_run UAL_MUX_4B_0_0_synth_1
reset_run synth_1
launch_runs synth_1 -jobs 2
INFO: [IP_Flow 19-4993] Using cached IP synthesis design for IP UAL_CMP_4B_0_0, cache-ID = ca7c4c0ad00fa026; cache size = 0.230 MB.
INFO: [IP_Flow 19-4993] Using cached IP synthesis design for IP UAL_DIV_4_4B_0_0, cache-ID = 6e6862dd5e9faf01; cache size = 0.230 MB.
INFO: [IP_Flow 19-4993] Using cached IP synthesis design for IP UAL_MUX_4B_0_0, cache-ID = 7c4d8d5689a67404; cache size = 0.230 MB.
[Sun Oct 18 18:43:56 2020] Launched UAL_CMP_4B_0_0_synth_1, UAL_DIV_4_4B_0_0_synth_1, UAL_MUX_4B_0_0_synth_1...
Run output will be captured here:
UAL_CMP_4B_0_0_synth_1: C:/Users/Adam/Downloads/INF1500/INF1500_2034584_2081643_Lab2/lab2/lab2.runs/UAL_CMP_4B_0_0_synth_1/runme.log
UAL_DIV_4_4B_0_0_synth_1: C:/Users/Adam/Downloads/INF1500/INF1500_2034584_2081643_Lab2/lab2/lab2.runs/UAL_DIV_4_4B_0_0_synth_1/runme.log
UAL_MUX_4B_0_0_synth_1: C:/Users/Adam/Downloads/INF1500/INF1500_2034584_2081643_Lab2/lab2/lab2.runs/UAL_MUX_4B_0_0_synth_1/runme.log
[Sun Oct 18 18:43:57 2020] Launched synth_1...
Run output will be captured here: C:/Users/Adam/Downloads/INF1500/INF1500_2034584_2081643_Lab2/lab2/lab2.runs/synth_1/runme.log
launch_runs impl_1 -jobs 2
INFO: [IP_Flow 19-4993] Using cached IP synthesis design for IP UAL_CMP_4B_0_0, cache-ID = ca7c4c0ad00fa026; cache size = 0.230 MB.
INFO: [IP_Flow 19-4993] Using cached IP synthesis design for IP UAL_DIV_4_4B_0_0, cache-ID = 6e6862dd5e9faf01; cache size = 0.230 MB.
INFO: [IP_Flow 19-4993] Using cached IP synthesis design for IP UAL_MUX_4B_0_0, cache-ID = 7c4d8d5689a67404; cache size = 0.230 MB.
[Sun Oct 18 18:45:28 2020] Launched UAL_CMP_4B_0_0_synth_1, UAL_DIV_4_4B_0_0_synth_1, UAL_MUX_4B_0_0_synth_1...
Run output will be captured here:
UAL_CMP_4B_0_0_synth_1: C:/Users/Adam/Downloads/INF1500/INF1500_2034584_2081643_Lab2/lab2/lab2.runs/UAL_CMP_4B_0_0_synth_1/runme.log
UAL_DIV_4_4B_0_0_synth_1: C:/Users/Adam/Downloads/INF1500/INF1500_2034584_2081643_Lab2/lab2/lab2.runs/UAL_DIV_4_4B_0_0_synth_1/runme.log
UAL_MUX_4B_0_0_synth_1: C:/Users/Adam/Downloads/INF1500/INF1500_2034584_2081643_Lab2/lab2/lab2.runs/UAL_MUX_4B_0_0_synth_1/runme.log
[Sun Oct 18 18:45:28 2020] Launched impl_1...
Run output will be captured here: C:/Users/Adam/Downloads/INF1500/INF1500_2034584_2081643_Lab2/lab2/lab2.runs/impl_1/runme.log
reset_run synth_1
launch_runs impl_1 -to_step write_bitstream -jobs 2
INFO: [IP_Flow 19-4993] Using cached IP synthesis design for IP UAL_CMP_4B_0_0, cache-ID = ca7c4c0ad00fa026; cache size = 0.230 MB.
INFO: [IP_Flow 19-4993] Using cached IP synthesis design for IP UAL_DIV_4_4B_0_0, cache-ID = 6e6862dd5e9faf01; cache size = 0.230 MB.
INFO: [IP_Flow 19-4993] Using cached IP synthesis design for IP UAL_MUX_4B_0_0, cache-ID = 7c4d8d5689a67404; cache size = 0.230 MB.
[Sun Oct 18 18:49:50 2020] Launched UAL_CMP_4B_0_0_synth_1, UAL_DIV_4_4B_0_0_synth_1, UAL_MUX_4B_0_0_synth_1, synth_1...
Run output will be captured here:
UAL_CMP_4B_0_0_synth_1: C:/Users/Adam/Downloads/INF1500/INF1500_2034584_2081643_Lab2/lab2/lab2.runs/UAL_CMP_4B_0_0_synth_1/runme.log
UAL_DIV_4_4B_0_0_synth_1: C:/Users/Adam/Downloads/INF1500/INF1500_2034584_2081643_Lab2/lab2/lab2.runs/UAL_DIV_4_4B_0_0_synth_1/runme.log
UAL_MUX_4B_0_0_synth_1: C:/Users/Adam/Downloads/INF1500/INF1500_2034584_2081643_Lab2/lab2/lab2.runs/UAL_MUX_4B_0_0_synth_1/runme.log
synth_1: C:/Users/Adam/Downloads/INF1500/INF1500_2034584_2081643_Lab2/lab2/lab2.runs/synth_1/runme.log
[Sun Oct 18 18:49:51 2020] Launched impl_1...
Run output will be captured here: C:/Users/Adam/Downloads/INF1500/INF1500_2034584_2081643_Lab2/lab2/lab2.runs/impl_1/runme.log
exit
INFO: [Common 17-206] Exiting Vivado at Sun Oct 18 18:54:33 2020...
