
*** Running vivado
    with args -log MUX3_1_MUX_INDEX_1_0.vds -m64 -product Vivado -mode batch -messageDb vivado.pb -notrace -source MUX3_1_MUX_INDEX_1_0.tcl



****** Vivado v2020.1 (64-bit)
  **** SW Build 2902540 on Wed May 27 19:54:49 MDT 2020
  **** IP Build 2902112 on Wed May 27 22:43:36 MDT 2020
    ** Copyright 1986-2020 Xilinx, Inc. All Rights Reserved.

source MUX3_1_MUX_INDEX_1_0.tcl -notrace
INFO: [IP_Flow 19-234] Refreshing IP repositories
INFO: [IP_Flow 19-1700] Loaded user IP repository 'c:/Users/Adam/Downloads/INF1500/ip_repo/BIN_GRAY'.
INFO: [IP_Flow 19-1700] Loaded user IP repository 'c:/Users/Adam/Downloads/INF1500/ip_repo/MUX_INDEX'.
INFO: [IP_Flow 19-1700] Loaded user IP repository 'c:/Users/Adam/Downloads/INF1500/ip_repo/CRYPTO'.
INFO: [IP_Flow 19-1700] Loaded user IP repository 'c:/Users/Adam/Downloads/INF1500/ip_repo/DIV_4_REST'.
INFO: [IP_Flow 19-1700] Loaded user IP repository 'c:/Users/Adam/Downloads/INF1500/ip_repo/ATAD_LIB'.
INFO: [IP_Flow 19-1700] Loaded user IP repository 'c:/Users/Adam/Downloads/INF1500/ip_repo/XUP_LIB'.
INFO: [IP_Flow 19-2313] Loaded Vivado IP repository 'C:/Xilinx/Vivado/2020.1/data/ip'.
Command: synth_design -top MUX3_1_MUX_INDEX_1_0 -part xc7a100tcsg324-1 -mode out_of_context
Starting synth_design
Attempting to get a license for feature 'Synthesis' and/or device 'xc7a100t'
INFO: [Common 17-349] Got license for feature 'Synthesis' and/or device 'xc7a100t'
INFO: [Device 21-403] Loading part xc7a100tcsg324-1
INFO: [Synth 8-7079] Multithreading enabled for synth_design using a maximum of 2 processes.
INFO: [Synth 8-7078] Launching helper process for spawning children vivado processes
INFO: [Synth 8-7075] Helper process launched with PID 11876
---------------------------------------------------------------------------------
Starting RTL Elaboration : Time (s): cpu = 00:00:08 ; elapsed = 00:00:08 . Memory (MB): peak = 1014.523 ; gain = 0.000
---------------------------------------------------------------------------------
INFO: [Synth 8-638] synthesizing module 'MUX3_1_MUX_INDEX_1_0' [c:/Users/Adam/Downloads/INF1500/INF1500_2034584_2081643_Lab3/lab3/lab3.srcs/sources_1/bd/MUX3_1/ip/MUX3_1_MUX_INDEX_1_0/synth/MUX3_1_MUX_INDEX_1_0.vhd:66]
INFO: [Synth 8-3491] module 'MUX_INDEX' declared at 'c:/Users/Adam/Downloads/INF1500/INF1500_2034584_2081643_Lab3/lab3/lab3.srcs/sources_1/bd/MUX3_1/ipshared/3164/src/MUX_INDEX.vhd:14' bound to instance 'U0' of component 'MUX_INDEX' [c:/Users/Adam/Downloads/INF1500/INF1500_2034584_2081643_Lab3/lab3/lab3.srcs/sources_1/bd/MUX3_1/ip/MUX3_1_MUX_INDEX_1_0/synth/MUX3_1_MUX_INDEX_1_0.vhd:87]
INFO: [Synth 8-638] synthesizing module 'MUX_INDEX' [c:/Users/Adam/Downloads/INF1500/INF1500_2034584_2081643_Lab3/lab3/lab3.srcs/sources_1/bd/MUX3_1/ipshared/3164/src/MUX_INDEX.vhd:28]
INFO: [Synth 8-3491] module 'MUX_INDEX_ATAD_SPLIT_2_0_0' declared at 'c:/Users/Adam/Downloads/INF1500/INF1500_2034584_2081643_Lab3/lab3/lab3.srcs/sources_1/bd/MUX3_1/ip/MUX3_1_MUX_INDEX_1_0/src/MUX_INDEX_ATAD_SPLIT_2_0_0/synth/MUX_INDEX_ATAD_SPLIT_2_0_0.vhd:56' bound to instance 'ATAD_SPLIT_2_0' of component 'MUX_INDEX_ATAD_SPLIT_2_0_0' [c:/Users/Adam/Downloads/INF1500/INF1500_2034584_2081643_Lab3/lab3/lab3.srcs/sources_1/bd/MUX3_1/ipshared/3164/src/MUX_INDEX.vhd:98]
INFO: [Synth 8-638] synthesizing module 'MUX_INDEX_ATAD_SPLIT_2_0_0' [c:/Users/Adam/Downloads/INF1500/INF1500_2034584_2081643_Lab3/lab3/lab3.srcs/sources_1/bd/MUX3_1/ip/MUX3_1_MUX_INDEX_1_0/src/MUX_INDEX_ATAD_SPLIT_2_0_0/synth/MUX_INDEX_ATAD_SPLIT_2_0_0.vhd:64]
INFO: [Synth 8-3491] module 'ATAD_SPLIT_2' declared at 'c:/Users/Adam/Downloads/INF1500/INF1500_2034584_2081643_Lab3/lab3/lab3.srcs/sources_1/bd/MUX3_1/ip/MUX3_1_MUX_INDEX_1_0/ipshared/4947/src/ATAD_SPLIT_2.vhd:34' bound to instance 'U0' of component 'ATAD_SPLIT_2' [c:/Users/Adam/Downloads/INF1500/INF1500_2034584_2081643_Lab3/lab3/lab3.srcs/sources_1/bd/MUX3_1/ip/MUX3_1_MUX_INDEX_1_0/src/MUX_INDEX_ATAD_SPLIT_2_0_0/synth/MUX_INDEX_ATAD_SPLIT_2_0_0.vhd:83]
INFO: [Synth 8-638] synthesizing module 'ATAD_SPLIT_2' [c:/Users/Adam/Downloads/INF1500/INF1500_2034584_2081643_Lab3/lab3/lab3.srcs/sources_1/bd/MUX3_1/ip/MUX3_1_MUX_INDEX_1_0/ipshared/4947/src/ATAD_SPLIT_2.vhd:40]
INFO: [Synth 8-256] done synthesizing module 'ATAD_SPLIT_2' (1#1) [c:/Users/Adam/Downloads/INF1500/INF1500_2034584_2081643_Lab3/lab3/lab3.srcs/sources_1/bd/MUX3_1/ip/MUX3_1_MUX_INDEX_1_0/ipshared/4947/src/ATAD_SPLIT_2.vhd:40]
INFO: [Synth 8-256] done synthesizing module 'MUX_INDEX_ATAD_SPLIT_2_0_0' (2#1) [c:/Users/Adam/Downloads/INF1500/INF1500_2034584_2081643_Lab3/lab3/lab3.srcs/sources_1/bd/MUX3_1/ip/MUX3_1_MUX_INDEX_1_0/src/MUX_INDEX_ATAD_SPLIT_2_0_0/synth/MUX_INDEX_ATAD_SPLIT_2_0_0.vhd:64]
INFO: [Synth 8-3491] module 'MUX_INDEX_xup_and3_0_0' declared at 'c:/Users/Adam/Downloads/INF1500/INF1500_2034584_2081643_Lab3/lab3/lab3.srcs/sources_1/bd/MUX3_1/ip/MUX3_1_MUX_INDEX_1_0/src/MUX_INDEX_xup_and3_0_0/synth/MUX_INDEX_xup_and3_0_0.v:57' bound to instance 'xup_and3_0' of component 'MUX_INDEX_xup_and3_0_0' [c:/Users/Adam/Downloads/INF1500/INF1500_2034584_2081643_Lab3/lab3/lab3.srcs/sources_1/bd/MUX3_1/ipshared/3164/src/MUX_INDEX.vhd:104]
INFO: [Synth 8-6157] synthesizing module 'MUX_INDEX_xup_and3_0_0' [c:/Users/Adam/Downloads/INF1500/INF1500_2034584_2081643_Lab3/lab3/lab3.srcs/sources_1/bd/MUX3_1/ip/MUX3_1_MUX_INDEX_1_0/src/MUX_INDEX_xup_and3_0_0/synth/MUX_INDEX_xup_and3_0_0.v:57]
INFO: [Synth 8-6157] synthesizing module 'xup_and3' [c:/Users/Adam/Downloads/INF1500/INF1500_2034584_2081643_Lab3/lab3/lab3.srcs/sources_1/bd/MUX3_1/ip/MUX3_1_MUX_INDEX_1_0/ipshared/b79c/xup_and3.srcs/sources_1/new/xup_and3.v:5]
	Parameter DELAY bound to: 3 - type: integer 
INFO: [Synth 8-6155] done synthesizing module 'xup_and3' (3#1) [c:/Users/Adam/Downloads/INF1500/INF1500_2034584_2081643_Lab3/lab3/lab3.srcs/sources_1/bd/MUX3_1/ip/MUX3_1_MUX_INDEX_1_0/ipshared/b79c/xup_and3.srcs/sources_1/new/xup_and3.v:5]
INFO: [Synth 8-6155] done synthesizing module 'MUX_INDEX_xup_and3_0_0' (4#1) [c:/Users/Adam/Downloads/INF1500/INF1500_2034584_2081643_Lab3/lab3/lab3.srcs/sources_1/bd/MUX3_1/ip/MUX3_1_MUX_INDEX_1_0/src/MUX_INDEX_xup_and3_0_0/synth/MUX_INDEX_xup_and3_0_0.v:57]
INFO: [Synth 8-3491] module 'MUX_INDEX_xup_and3_1_0' declared at 'c:/Users/Adam/Downloads/INF1500/INF1500_2034584_2081643_Lab3/lab3/lab3.srcs/sources_1/bd/MUX3_1/ip/MUX3_1_MUX_INDEX_1_0/src/MUX_INDEX_xup_and3_1_0/synth/MUX_INDEX_xup_and3_1_0.v:57' bound to instance 'xup_and3_1' of component 'MUX_INDEX_xup_and3_1_0' [c:/Users/Adam/Downloads/INF1500/INF1500_2034584_2081643_Lab3/lab3/lab3.srcs/sources_1/bd/MUX3_1/ipshared/3164/src/MUX_INDEX.vhd:111]
INFO: [Synth 8-6157] synthesizing module 'MUX_INDEX_xup_and3_1_0' [c:/Users/Adam/Downloads/INF1500/INF1500_2034584_2081643_Lab3/lab3/lab3.srcs/sources_1/bd/MUX3_1/ip/MUX3_1_MUX_INDEX_1_0/src/MUX_INDEX_xup_and3_1_0/synth/MUX_INDEX_xup_and3_1_0.v:57]
INFO: [Synth 8-6155] done synthesizing module 'MUX_INDEX_xup_and3_1_0' (5#1) [c:/Users/Adam/Downloads/INF1500/INF1500_2034584_2081643_Lab3/lab3/lab3.srcs/sources_1/bd/MUX3_1/ip/MUX3_1_MUX_INDEX_1_0/src/MUX_INDEX_xup_and3_1_0/synth/MUX_INDEX_xup_and3_1_0.v:57]
INFO: [Synth 8-3491] module 'MUX_INDEX_xup_and3_2_0' declared at 'c:/Users/Adam/Downloads/INF1500/INF1500_2034584_2081643_Lab3/lab3/lab3.srcs/sources_1/bd/MUX3_1/ip/MUX3_1_MUX_INDEX_1_0/src/MUX_INDEX_xup_and3_2_0/synth/MUX_INDEX_xup_and3_2_0.v:57' bound to instance 'xup_and3_2' of component 'MUX_INDEX_xup_and3_2_0' [c:/Users/Adam/Downloads/INF1500/INF1500_2034584_2081643_Lab3/lab3/lab3.srcs/sources_1/bd/MUX3_1/ipshared/3164/src/MUX_INDEX.vhd:118]
INFO: [Synth 8-6157] synthesizing module 'MUX_INDEX_xup_and3_2_0' [c:/Users/Adam/Downloads/INF1500/INF1500_2034584_2081643_Lab3/lab3/lab3.srcs/sources_1/bd/MUX3_1/ip/MUX3_1_MUX_INDEX_1_0/src/MUX_INDEX_xup_and3_2_0/synth/MUX_INDEX_xup_and3_2_0.v:57]
INFO: [Synth 8-6155] done synthesizing module 'MUX_INDEX_xup_and3_2_0' (6#1) [c:/Users/Adam/Downloads/INF1500/INF1500_2034584_2081643_Lab3/lab3/lab3.srcs/sources_1/bd/MUX3_1/ip/MUX3_1_MUX_INDEX_1_0/src/MUX_INDEX_xup_and3_2_0/synth/MUX_INDEX_xup_and3_2_0.v:57]
INFO: [Synth 8-3491] module 'MUX_INDEX_xup_inv_0_0' declared at 'c:/Users/Adam/Downloads/INF1500/INF1500_2034584_2081643_Lab3/lab3/lab3.srcs/sources_1/bd/MUX3_1/ip/MUX3_1_MUX_INDEX_1_0/src/MUX_INDEX_xup_inv_0_0/synth/MUX_INDEX_xup_inv_0_0.v:57' bound to instance 'xup_inv_0' of component 'MUX_INDEX_xup_inv_0_0' [c:/Users/Adam/Downloads/INF1500/INF1500_2034584_2081643_Lab3/lab3/lab3.srcs/sources_1/bd/MUX3_1/ipshared/3164/src/MUX_INDEX.vhd:125]
INFO: [Synth 8-6157] synthesizing module 'MUX_INDEX_xup_inv_0_0' [c:/Users/Adam/Downloads/INF1500/INF1500_2034584_2081643_Lab3/lab3/lab3.srcs/sources_1/bd/MUX3_1/ip/MUX3_1_MUX_INDEX_1_0/src/MUX_INDEX_xup_inv_0_0/synth/MUX_INDEX_xup_inv_0_0.v:57]
INFO: [Synth 8-6157] synthesizing module 'xup_inv' [c:/Users/Adam/Downloads/INF1500/INF1500_2034584_2081643_Lab3/lab3/lab3.srcs/sources_1/bd/MUX3_1/ip/MUX3_1_MUX_INDEX_1_0/ipshared/e3e7/xup_inv.srcs/sources_1/new/xup_inv.v:5]
	Parameter DELAY bound to: 3 - type: integer 
INFO: [Synth 8-6155] done synthesizing module 'xup_inv' (7#1) [c:/Users/Adam/Downloads/INF1500/INF1500_2034584_2081643_Lab3/lab3/lab3.srcs/sources_1/bd/MUX3_1/ip/MUX3_1_MUX_INDEX_1_0/ipshared/e3e7/xup_inv.srcs/sources_1/new/xup_inv.v:5]
INFO: [Synth 8-6155] done synthesizing module 'MUX_INDEX_xup_inv_0_0' (8#1) [c:/Users/Adam/Downloads/INF1500/INF1500_2034584_2081643_Lab3/lab3/lab3.srcs/sources_1/bd/MUX3_1/ip/MUX3_1_MUX_INDEX_1_0/src/MUX_INDEX_xup_inv_0_0/synth/MUX_INDEX_xup_inv_0_0.v:57]
INFO: [Synth 8-3491] module 'MUX_INDEX_xup_inv_1_0' declared at 'c:/Users/Adam/Downloads/INF1500/INF1500_2034584_2081643_Lab3/lab3/lab3.srcs/sources_1/bd/MUX3_1/ip/MUX3_1_MUX_INDEX_1_0/src/MUX_INDEX_xup_inv_1_0/synth/MUX_INDEX_xup_inv_1_0.v:57' bound to instance 'xup_inv_1' of component 'MUX_INDEX_xup_inv_1_0' [c:/Users/Adam/Downloads/INF1500/INF1500_2034584_2081643_Lab3/lab3/lab3.srcs/sources_1/bd/MUX3_1/ipshared/3164/src/MUX_INDEX.vhd:130]
INFO: [Synth 8-6157] synthesizing module 'MUX_INDEX_xup_inv_1_0' [c:/Users/Adam/Downloads/INF1500/INF1500_2034584_2081643_Lab3/lab3/lab3.srcs/sources_1/bd/MUX3_1/ip/MUX3_1_MUX_INDEX_1_0/src/MUX_INDEX_xup_inv_1_0/synth/MUX_INDEX_xup_inv_1_0.v:57]
INFO: [Synth 8-6155] done synthesizing module 'MUX_INDEX_xup_inv_1_0' (9#1) [c:/Users/Adam/Downloads/INF1500/INF1500_2034584_2081643_Lab3/lab3/lab3.srcs/sources_1/bd/MUX3_1/ip/MUX3_1_MUX_INDEX_1_0/src/MUX_INDEX_xup_inv_1_0/synth/MUX_INDEX_xup_inv_1_0.v:57]
INFO: [Synth 8-3491] module 'MUX_INDEX_xup_or3_0_0' declared at 'c:/Users/Adam/Downloads/INF1500/INF1500_2034584_2081643_Lab3/lab3/lab3.srcs/sources_1/bd/MUX3_1/ip/MUX3_1_MUX_INDEX_1_0/src/MUX_INDEX_xup_or3_0_0/synth/MUX_INDEX_xup_or3_0_0.v:57' bound to instance 'xup_or3_0' of component 'MUX_INDEX_xup_or3_0_0' [c:/Users/Adam/Downloads/INF1500/INF1500_2034584_2081643_Lab3/lab3/lab3.srcs/sources_1/bd/MUX3_1/ipshared/3164/src/MUX_INDEX.vhd:135]
INFO: [Synth 8-6157] synthesizing module 'MUX_INDEX_xup_or3_0_0' [c:/Users/Adam/Downloads/INF1500/INF1500_2034584_2081643_Lab3/lab3/lab3.srcs/sources_1/bd/MUX3_1/ip/MUX3_1_MUX_INDEX_1_0/src/MUX_INDEX_xup_or3_0_0/synth/MUX_INDEX_xup_or3_0_0.v:57]
INFO: [Synth 8-6157] synthesizing module 'xup_or3' [c:/Users/Adam/Downloads/INF1500/INF1500_2034584_2081643_Lab3/lab3/lab3.srcs/sources_1/bd/MUX3_1/ip/MUX3_1_MUX_INDEX_1_0/ipshared/ded9/xup_or3.srcs/sources_1/new/xup_or3.v:5]
	Parameter DELAY bound to: 3 - type: integer 
INFO: [Synth 8-6155] done synthesizing module 'xup_or3' (10#1) [c:/Users/Adam/Downloads/INF1500/INF1500_2034584_2081643_Lab3/lab3/lab3.srcs/sources_1/bd/MUX3_1/ip/MUX3_1_MUX_INDEX_1_0/ipshared/ded9/xup_or3.srcs/sources_1/new/xup_or3.v:5]
INFO: [Synth 8-6155] done synthesizing module 'MUX_INDEX_xup_or3_0_0' (11#1) [c:/Users/Adam/Downloads/INF1500/INF1500_2034584_2081643_Lab3/lab3/lab3.srcs/sources_1/bd/MUX3_1/ip/MUX3_1_MUX_INDEX_1_0/src/MUX_INDEX_xup_or3_0_0/synth/MUX_INDEX_xup_or3_0_0.v:57]
INFO: [Synth 8-256] done synthesizing module 'MUX_INDEX' (12#1) [c:/Users/Adam/Downloads/INF1500/INF1500_2034584_2081643_Lab3/lab3/lab3.srcs/sources_1/bd/MUX3_1/ipshared/3164/src/MUX_INDEX.vhd:28]
INFO: [Synth 8-256] done synthesizing module 'MUX3_1_MUX_INDEX_1_0' (13#1) [c:/Users/Adam/Downloads/INF1500/INF1500_2034584_2081643_Lab3/lab3/lab3.srcs/sources_1/bd/MUX3_1/ip/MUX3_1_MUX_INDEX_1_0/synth/MUX3_1_MUX_INDEX_1_0.vhd:66]
---------------------------------------------------------------------------------
Finished RTL Elaboration : Time (s): cpu = 00:00:09 ; elapsed = 00:00:10 . Memory (MB): peak = 1014.523 ; gain = 0.000
---------------------------------------------------------------------------------
---------------------------------------------------------------------------------
Start Handling Custom Attributes
---------------------------------------------------------------------------------
---------------------------------------------------------------------------------
Finished Handling Custom Attributes : Time (s): cpu = 00:00:10 ; elapsed = 00:00:11 . Memory (MB): peak = 1014.523 ; gain = 0.000
---------------------------------------------------------------------------------
---------------------------------------------------------------------------------
Finished RTL Optimization Phase 1 : Time (s): cpu = 00:00:10 ; elapsed = 00:00:11 . Memory (MB): peak = 1014.523 ; gain = 0.000
---------------------------------------------------------------------------------
Netlist sorting complete. Time (s): cpu = 00:00:00 ; elapsed = 00:00:00 . Memory (MB): peak = 1014.523 ; gain = 0.000
INFO: [Project 1-570] Preparing netlist for logic optimization

Processing XDC Constraints
Initializing timing engine
Parsing XDC File [c:/Users/Adam/Downloads/INF1500/INF1500_2034584_2081643_Lab3/lab3/lab3.srcs/sources_1/bd/MUX3_1/ip/MUX3_1_MUX_INDEX_1_0/src/MUX_INDEX_ooc.xdc] for cell 'U0'
Finished Parsing XDC File [c:/Users/Adam/Downloads/INF1500/INF1500_2034584_2081643_Lab3/lab3/lab3.srcs/sources_1/bd/MUX3_1/ip/MUX3_1_MUX_INDEX_1_0/src/MUX_INDEX_ooc.xdc] for cell 'U0'
Parsing XDC File [C:/Users/Adam/Downloads/INF1500/INF1500_2034584_2081643_Lab3/lab3/lab3.runs/MUX3_1_MUX_INDEX_1_0_synth_1/dont_touch.xdc]
Finished Parsing XDC File [C:/Users/Adam/Downloads/INF1500/INF1500_2034584_2081643_Lab3/lab3/lab3.runs/MUX3_1_MUX_INDEX_1_0_synth_1/dont_touch.xdc]
Completed Processing XDC Constraints

Netlist sorting complete. Time (s): cpu = 00:00:00 ; elapsed = 00:00:00.001 . Memory (MB): peak = 1014.523 ; gain = 0.000
INFO: [Project 1-111] Unisim Transformation Summary:
No Unisim elements were transformed.

Constraint Validation Runtime : Time (s): cpu = 00:00:00 ; elapsed = 00:00:00.024 . Memory (MB): peak = 1014.523 ; gain = 0.000
---------------------------------------------------------------------------------
Finished Constraint Validation : Time (s): cpu = 00:00:19 ; elapsed = 00:00:20 . Memory (MB): peak = 1014.523 ; gain = 0.000
---------------------------------------------------------------------------------
---------------------------------------------------------------------------------
Start Loading Part and Timing Information
---------------------------------------------------------------------------------
Loading part: xc7a100tcsg324-1
---------------------------------------------------------------------------------
Finished Loading Part and Timing Information : Time (s): cpu = 00:00:19 ; elapsed = 00:00:20 . Memory (MB): peak = 1014.523 ; gain = 0.000
---------------------------------------------------------------------------------
---------------------------------------------------------------------------------
Start Applying 'set_property' XDC Constraints
---------------------------------------------------------------------------------
Applied set_property DONT_TOUCH = true for U0. (constraint file  C:/Users/Adam/Downloads/INF1500/INF1500_2034584_2081643_Lab3/lab3/lab3.runs/MUX3_1_MUX_INDEX_1_0_synth_1/dont_touch.xdc, line 30).
Applied set_property DONT_TOUCH = true for U0/xup_or3_0. (constraint file  auto generated constraint, line ).
Applied set_property DONT_TOUCH = true for U0/xup_and3_2. (constraint file  auto generated constraint, line ).
Applied set_property DONT_TOUCH = true for U0/xup_and3_1. (constraint file  auto generated constraint, line ).
Applied set_property DONT_TOUCH = true for U0/xup_and3_0. (constraint file  auto generated constraint, line ).
Applied set_property DONT_TOUCH = true for U0/xup_inv_1. (constraint file  auto generated constraint, line ).
Applied set_property DONT_TOUCH = true for U0/xup_inv_0. (constraint file  auto generated constraint, line ).
Applied set_property DONT_TOUCH = true for U0/ATAD_SPLIT_2_0. (constraint file  auto generated constraint, line ).
---------------------------------------------------------------------------------
Finished applying 'set_property' XDC Constraints : Time (s): cpu = 00:00:19 ; elapsed = 00:00:20 . Memory (MB): peak = 1014.523 ; gain = 0.000
---------------------------------------------------------------------------------
---------------------------------------------------------------------------------
Finished RTL Optimization Phase 2 : Time (s): cpu = 00:00:19 ; elapsed = 00:00:20 . Memory (MB): peak = 1014.523 ; gain = 0.000
---------------------------------------------------------------------------------
---------------------------------------------------------------------------------
Start RTL Component Statistics 
---------------------------------------------------------------------------------
Detailed RTL Component Info : 
---------------------------------------------------------------------------------
Finished RTL Component Statistics 
---------------------------------------------------------------------------------
---------------------------------------------------------------------------------
Start Part Resource Summary
---------------------------------------------------------------------------------
Part Resources:
DSPs: 240 (col length:80)
BRAMs: 270 (col length: RAMB18 80 RAMB36 40)
---------------------------------------------------------------------------------
Finished Part Resource Summary
---------------------------------------------------------------------------------
---------------------------------------------------------------------------------
Start Cross Boundary and Area Optimization
---------------------------------------------------------------------------------
---------------------------------------------------------------------------------
Finished Cross Boundary and Area Optimization : Time (s): cpu = 00:00:21 ; elapsed = 00:00:22 . Memory (MB): peak = 1014.523 ; gain = 0.000
---------------------------------------------------------------------------------
---------------------------------------------------------------------------------
Start Applying XDC Timing Constraints
---------------------------------------------------------------------------------
---------------------------------------------------------------------------------
Finished Applying XDC Timing Constraints : Time (s): cpu = 00:00:33 ; elapsed = 00:00:35 . Memory (MB): peak = 1014.523 ; gain = 0.000
---------------------------------------------------------------------------------
---------------------------------------------------------------------------------
Start Timing Optimization
---------------------------------------------------------------------------------
---------------------------------------------------------------------------------
Finished Timing Optimization : Time (s): cpu = 00:00:33 ; elapsed = 00:00:35 . Memory (MB): peak = 1014.523 ; gain = 0.000
---------------------------------------------------------------------------------
---------------------------------------------------------------------------------
Start Technology Mapping
---------------------------------------------------------------------------------
---------------------------------------------------------------------------------
Finished Technology Mapping : Time (s): cpu = 00:00:33 ; elapsed = 00:00:35 . Memory (MB): peak = 1014.523 ; gain = 0.000
---------------------------------------------------------------------------------
---------------------------------------------------------------------------------
Start IO Insertion
---------------------------------------------------------------------------------
---------------------------------------------------------------------------------
Start Flattening Before IO Insertion
---------------------------------------------------------------------------------
---------------------------------------------------------------------------------
Finished Flattening Before IO Insertion
---------------------------------------------------------------------------------
---------------------------------------------------------------------------------
Start Final Netlist Cleanup
---------------------------------------------------------------------------------
---------------------------------------------------------------------------------
Finished Final Netlist Cleanup
---------------------------------------------------------------------------------
---------------------------------------------------------------------------------
Finished IO Insertion : Time (s): cpu = 00:00:40 ; elapsed = 00:00:42 . Memory (MB): peak = 1014.523 ; gain = 0.000
---------------------------------------------------------------------------------
---------------------------------------------------------------------------------
Start Renaming Generated Instances
---------------------------------------------------------------------------------
---------------------------------------------------------------------------------
Finished Renaming Generated Instances : Time (s): cpu = 00:00:40 ; elapsed = 00:00:42 . Memory (MB): peak = 1014.523 ; gain = 0.000
---------------------------------------------------------------------------------
---------------------------------------------------------------------------------
Start Rebuilding User Hierarchy
---------------------------------------------------------------------------------
---------------------------------------------------------------------------------
Finished Rebuilding User Hierarchy : Time (s): cpu = 00:00:40 ; elapsed = 00:00:42 . Memory (MB): peak = 1014.523 ; gain = 0.000
---------------------------------------------------------------------------------
---------------------------------------------------------------------------------
Start Renaming Generated Ports
---------------------------------------------------------------------------------
---------------------------------------------------------------------------------
Finished Renaming Generated Ports : Time (s): cpu = 00:00:40 ; elapsed = 00:00:42 . Memory (MB): peak = 1014.523 ; gain = 0.000
---------------------------------------------------------------------------------
---------------------------------------------------------------------------------
Start Handling Custom Attributes
---------------------------------------------------------------------------------
---------------------------------------------------------------------------------
Finished Handling Custom Attributes : Time (s): cpu = 00:00:40 ; elapsed = 00:00:42 . Memory (MB): peak = 1014.523 ; gain = 0.000
---------------------------------------------------------------------------------
---------------------------------------------------------------------------------
Start Renaming Generated Nets
---------------------------------------------------------------------------------
---------------------------------------------------------------------------------
Finished Renaming Generated Nets : Time (s): cpu = 00:00:40 ; elapsed = 00:00:42 . Memory (MB): peak = 1014.523 ; gain = 0.000
---------------------------------------------------------------------------------
---------------------------------------------------------------------------------
Start Writing Synthesis Report
---------------------------------------------------------------------------------

Report BlackBoxes: 
+-+--------------+----------+
| |BlackBox name |Instances |
+-+--------------+----------+
+-+--------------+----------+

Report Cell Usage: 
+------+-----+------+
|      |Cell |Count |
+------+-----+------+
|1     |LUT1 |     2|
|2     |LUT3 |     4|
+------+-----+------+
---------------------------------------------------------------------------------
Finished Writing Synthesis Report : Time (s): cpu = 00:00:40 ; elapsed = 00:00:42 . Memory (MB): peak = 1014.523 ; gain = 0.000
---------------------------------------------------------------------------------
Synthesis finished with 0 errors, 0 critical warnings and 0 warnings.
Synthesis Optimization Runtime : Time (s): cpu = 00:00:27 ; elapsed = 00:00:39 . Memory (MB): peak = 1014.523 ; gain = 0.000
Synthesis Optimization Complete : Time (s): cpu = 00:00:40 ; elapsed = 00:00:42 . Memory (MB): peak = 1014.523 ; gain = 0.000
INFO: [Project 1-571] Translating synthesized netlist
Netlist sorting complete. Time (s): cpu = 00:00:00 ; elapsed = 00:00:00 . Memory (MB): peak = 1014.523 ; gain = 0.000
INFO: [Project 1-570] Preparing netlist for logic optimization
INFO: [Opt 31-138] Pushed 0 inverter(s) to 0 load pin(s).
Netlist sorting complete. Time (s): cpu = 00:00:00 ; elapsed = 00:00:00 . Memory (MB): peak = 1014.523 ; gain = 0.000
INFO: [Project 1-111] Unisim Transformation Summary:
No Unisim elements were transformed.

INFO: [Common 17-83] Releasing license: Synthesis
55 Infos, 0 Warnings, 0 Critical Warnings and 0 Errors encountered.
synth_design completed successfully
synth_design: Time (s): cpu = 00:00:49 ; elapsed = 00:00:54 . Memory (MB): peak = 1014.523 ; gain = 0.000
INFO: [Common 17-1381] The checkpoint 'C:/Users/Adam/Downloads/INF1500/INF1500_2034584_2081643_Lab3/lab3/lab3.runs/MUX3_1_MUX_INDEX_1_0_synth_1/MUX3_1_MUX_INDEX_1_0.dcp' has been generated.
WARNING: [Common 17-576] 'use_project_ipc' is deprecated. This option is deprecated and no longer used.
INFO: [Coretcl 2-1648] Added synthesis output to IP cache for IP MUX3_1_MUX_INDEX_1_0, cache-ID = b7b6421ffd0629af
INFO: [Coretcl 2-1174] Renamed 12 cell refs.
INFO: [Common 17-1381] The checkpoint 'C:/Users/Adam/Downloads/INF1500/INF1500_2034584_2081643_Lab3/lab3/lab3.runs/MUX3_1_MUX_INDEX_1_0_synth_1/MUX3_1_MUX_INDEX_1_0.dcp' has been generated.
INFO: [runtcl-4] Executing : report_utilization -file MUX3_1_MUX_INDEX_1_0_utilization_synth.rpt -pb MUX3_1_MUX_INDEX_1_0_utilization_synth.pb
INFO: [Common 17-206] Exiting Vivado at Wed Nov  4 18:34:51 2020...
