INFO: [VRFC 10-2263] Analyzing Verilog file "C:/Users/Adam/Downloads/INF1500/INF1500_2034584_2081643_Lab3/lab3/lab3.srcs/sources_1/bd/CRYPTO/ipshared/1ec9/xup_or2.srcs/sources_1/new/xup_or2.v" into library xil_defaultlib
INFO: [VRFC 10-311] analyzing module xup_or2
INFO: [VRFC 10-2263] Analyzing Verilog file "C:/Users/Adam/Downloads/INF1500/INF1500_2034584_2081643_Lab3/lab3/lab3.srcs/sources_1/bd/CRYPTO/ip/CRYPTO_xup_or2_0_0/sim/CRYPTO_xup_or2_0_0.v" into library xil_defaultlib
INFO: [VRFC 10-311] analyzing module CRYPTO_xup_or2_0_0
INFO: [VRFC 10-2263] Analyzing Verilog file "C:/Users/Adam/Downloads/INF1500/INF1500_2034584_2081643_Lab3/lab3/lab3.srcs/sources_1/bd/CRYPTO/ipshared/778c/xup_and2.srcs/sources_1/new/xup_and2.v" into library xil_defaultlib
INFO: [VRFC 10-311] analyzing module xup_and2
INFO: [VRFC 10-2263] Analyzing Verilog file "C:/Users/Adam/Downloads/INF1500/INF1500_2034584_2081643_Lab3/lab3/lab3.srcs/sources_1/bd/CRYPTO/ip/CRYPTO_xup_and2_0_0/sim/CRYPTO_xup_and2_0_0.v" into library xil_defaultlib
INFO: [VRFC 10-311] analyzing module CRYPTO_xup_and2_0_0
INFO: [VRFC 10-2263] Analyzing Verilog file "C:/Users/Adam/Downloads/INF1500/INF1500_2034584_2081643_Lab3/lab3/lab3.srcs/sources_1/bd/CRYPTO/ipshared/b79c/xup_and3.srcs/sources_1/new/xup_and3.v" into library xil_defaultlib
INFO: [VRFC 10-311] analyzing module xup_and3
INFO: [VRFC 10-2263] Analyzing Verilog file "C:/Users/Adam/Downloads/INF1500/INF1500_2034584_2081643_Lab3/lab3/lab3.srcs/sources_1/bd/CRYPTO/ip/CRYPTO_xup_and3_0_0/sim/CRYPTO_xup_and3_0_0.v" into library xil_defaultlib
INFO: [VRFC 10-311] analyzing module CRYPTO_xup_and3_0_0
INFO: [VRFC 10-2263] Analyzing Verilog file "C:/Users/Adam/Downloads/INF1500/INF1500_2034584_2081643_Lab3/lab3/lab3.srcs/sources_1/bd/CRYPTO/ipshared/77ea/xup_and4.srcs/sources_1/new/xup_and4.v" into library xil_defaultlib
INFO: [VRFC 10-311] analyzing module xup_and4
INFO: [VRFC 10-2263] Analyzing Verilog file "C:/Users/Adam/Downloads/INF1500/INF1500_2034584_2081643_Lab3/lab3/lab3.srcs/sources_1/bd/CRYPTO/ip/CRYPTO_xup_and4_3_0/sim/CRYPTO_xup_and4_3_0.v" into library xil_defaultlib
INFO: [VRFC 10-311] analyzing module CRYPTO_xup_and4_3_0
INFO: [VRFC 10-2263] Analyzing Verilog file "C:/Users/Adam/Downloads/INF1500/INF1500_2034584_2081643_Lab3/lab3/lab3.srcs/sources_1/bd/CRYPTO/ip/CRYPTO_xup_and2_1_0/sim/CRYPTO_xup_and2_1_0.v" into library xil_defaultlib
INFO: [VRFC 10-311] analyzing module CRYPTO_xup_and2_1_0
INFO: [VRFC 10-2263] Analyzing Verilog file "C:/Users/Adam/Downloads/INF1500/INF1500_2034584_2081643_Lab3/lab3/lab3.srcs/sources_1/bd/CRYPTO/ip/CRYPTO_xup_or2_2_0/sim/CRYPTO_xup_or2_2_0.v" into library xil_defaultlib
INFO: [VRFC 10-311] analyzing module CRYPTO_xup_or2_2_0
INFO: [VRFC 10-2263] Analyzing Verilog file "C:/Users/Adam/Downloads/INF1500/INF1500_2034584_2081643_Lab3/lab3/lab3.srcs/sources_1/bd/CRYPTO/ip/CRYPTO_xup_and4_8_0/sim/CRYPTO_xup_and4_8_0.v" into library xil_defaultlib
INFO: [VRFC 10-311] analyzing module CRYPTO_xup_and4_8_0
INFO: [VRFC 10-2263] Analyzing Verilog file "C:/Users/Adam/Downloads/INF1500/INF1500_2034584_2081643_Lab3/lab3/lab3.srcs/sources_1/bd/CRYPTO/ipshared/ded9/xup_or3.srcs/sources_1/new/xup_or3.v" into library xil_defaultlib
INFO: [VRFC 10-311] analyzing module xup_or3
INFO: [VRFC 10-2263] Analyzing Verilog file "C:/Users/Adam/Downloads/INF1500/INF1500_2034584_2081643_Lab3/lab3/lab3.srcs/sources_1/bd/CRYPTO/ip/CRYPTO_xup_or3_0_0/sim/CRYPTO_xup_or3_0_0.v" into library xil_defaultlib
INFO: [VRFC 10-311] analyzing module CRYPTO_xup_or3_0_0
INFO: [VRFC 10-2263] Analyzing Verilog file "C:/Users/Adam/Downloads/INF1500/INF1500_2034584_2081643_Lab3/lab3/lab3.srcs/sources_1/bd/CRYPTO/ip/CRYPTO_xup_or3_1_0/sim/CRYPTO_xup_or3_1_0.v" into library xil_defaultlib
INFO: [VRFC 10-311] analyzing module CRYPTO_xup_or3_1_0
INFO: [VRFC 10-2263] Analyzing Verilog file "C:/Users/Adam/Downloads/INF1500/INF1500_2034584_2081643_Lab3/lab3/lab3.srcs/sources_1/bd/CRYPTO/ip/CRYPTO_xup_or3_2_0/sim/CRYPTO_xup_or3_2_0.v" into library xil_defaultlib
INFO: [VRFC 10-311] analyzing module CRYPTO_xup_or3_2_0
INFO: [VRFC 10-2263] Analyzing Verilog file "C:/Users/Adam/Downloads/INF1500/INF1500_2034584_2081643_Lab3/lab3/lab3.srcs/sources_1/bd/CRYPTO/ip/CRYPTO_xup_or3_3_0/sim/CRYPTO_xup_or3_3_0.v" into library xil_defaultlib
INFO: [VRFC 10-311] analyzing module CRYPTO_xup_or3_3_0
INFO: [VRFC 10-2263] Analyzing Verilog file "C:/Users/Adam/Downloads/INF1500/INF1500_2034584_2081643_Lab3/lab3/lab3.srcs/sources_1/bd/CRYPTO/ipshared/7bd1/xup_xor2.srcs/sources_1/new/xup_xor2.v" into library xil_defaultlib
INFO: [VRFC 10-311] analyzing module xup_xor2
INFO: [VRFC 10-2263] Analyzing Verilog file "C:/Users/Adam/Downloads/INF1500/INF1500_2034584_2081643_Lab3/lab3/lab3.srcs/sources_1/bd/CRYPTO/ip/CRYPTO_xup_xor2_0_0/sim/CRYPTO_xup_xor2_0_0.v" into library xil_defaultlib
INFO: [VRFC 10-311] analyzing module CRYPTO_xup_xor2_0_0
INFO: [VRFC 10-2263] Analyzing Verilog file "C:/Users/Adam/Downloads/INF1500/INF1500_2034584_2081643_Lab3/lab3/lab3.srcs/sources_1/bd/CRYPTO/ip/CRYPTO_xup_xor2_1_0/sim/CRYPTO_xup_xor2_1_0.v" into library xil_defaultlib
INFO: [VRFC 10-311] analyzing module CRYPTO_xup_xor2_1_0
INFO: [VRFC 10-2263] Analyzing Verilog file "C:/Users/Adam/Downloads/INF1500/INF1500_2034584_2081643_Lab3/lab3/lab3.srcs/sources_1/bd/CRYPTO/ipshared/fb55/xup_xnor2.srcs/sources_1/new/xup_xnor2.v" into library xil_defaultlib
INFO: [VRFC 10-311] analyzing module xup_xnor2
INFO: [VRFC 10-2263] Analyzing Verilog file "C:/Users/Adam/Downloads/INF1500/INF1500_2034584_2081643_Lab3/lab3/lab3.srcs/sources_1/bd/CRYPTO/ip/CRYPTO_xup_xnor2_0_0/sim/CRYPTO_xup_xnor2_0_0.v" into library xil_defaultlib
INFO: [VRFC 10-311] analyzing module CRYPTO_xup_xnor2_0_0
INFO: [VRFC 10-2263] Analyzing Verilog file "C:/Users/Adam/Downloads/INF1500/INF1500_2034584_2081643_Lab3/lab3/lab3.srcs/sources_1/bd/CRYPTO/ip/CRYPTO_xup_xnor2_1_0/sim/CRYPTO_xup_xnor2_1_0.v" into library xil_defaultlib
INFO: [VRFC 10-311] analyzing module CRYPTO_xup_xnor2_1_0
INFO: [VRFC 10-2263] Analyzing Verilog file "C:/Users/Adam/Downloads/INF1500/INF1500_2034584_2081643_Lab3/lab3/lab3.srcs/sources_1/bd/CRYPTO/ip/CRYPTO_xup_or2_1_0/sim/CRYPTO_xup_or2_1_0.v" into library xil_defaultlib
INFO: [VRFC 10-311] analyzing module CRYPTO_xup_or2_1_0
INFO: [VRFC 10-2263] Analyzing Verilog file "C:/Users/Adam/Downloads/INF1500/INF1500_2034584_2081643_Lab3/lab3/lab3.srcs/sources_1/bd/CRYPTO/ip/CRYPTO_xup_and2_2_0/sim/CRYPTO_xup_and2_2_0.v" into library xil_defaultlib
INFO: [VRFC 10-311] analyzing module CRYPTO_xup_and2_2_0
INFO: [VRFC 10-2263] Analyzing Verilog file "C:/Users/Adam/Downloads/INF1500/INF1500_2034584_2081643_Lab3/lab3/lab3.srcs/sources_1/bd/CRYPTO/ip/CRYPTO_xup_and2_3_0/sim/CRYPTO_xup_and2_3_0.v" into library xil_defaultlib
INFO: [VRFC 10-311] analyzing module CRYPTO_xup_and2_3_0
INFO: [VRFC 10-2263] Analyzing Verilog file "C:/Users/Adam/Downloads/INF1500/INF1500_2034584_2081643_Lab3/lab3/lab3.ip_user_files/bd/MUX_INDEX/ipshared/e3e7/xup_inv.srcs/sources_1/new/xup_inv.v" into library xil_defaultlib
INFO: [VRFC 10-311] analyzing module xup_inv
INFO: [VRFC 10-2263] Analyzing Verilog file "C:/Users/Adam/Downloads/INF1500/INF1500_2034584_2081643_Lab3/lab3/lab3.ip_user_files/bd/MUX_INDEX/ip/MUX_INDEX_xup_inv_0_0/sim/MUX_INDEX_xup_inv_0_0.v" into library xil_defaultlib
INFO: [VRFC 10-311] analyzing module MUX_INDEX_xup_inv_0_0
INFO: [VRFC 10-2263] Analyzing Verilog file "C:/Users/Adam/Downloads/INF1500/INF1500_2034584_2081643_Lab3/lab3/lab3.ip_user_files/bd/MUX_INDEX/ip/MUX_INDEX_xup_inv_1_0/sim/MUX_INDEX_xup_inv_1_0.v" into library xil_defaultlib
INFO: [VRFC 10-311] analyzing module MUX_INDEX_xup_inv_1_0
INFO: [VRFC 10-2263] Analyzing Verilog file "C:/Users/Adam/Downloads/INF1500/INF1500_2034584_2081643_Lab3/lab3/lab3.ip_user_files/bd/MUX_INDEX/ipshared/b79c/xup_and3.srcs/sources_1/new/xup_and3.v" into library xil_defaultlib
INFO: [VRFC 10-311] analyzing module xup_and3
WARNING: [VRFC 10-3609] overwriting previous definition of module 'xup_and3' [C:/Users/Adam/Downloads/INF1500/INF1500_2034584_2081643_Lab3/lab3/lab3.ip_user_files/bd/MUX_INDEX/ipshared/b79c/xup_and3.srcs/sources_1/new/xup_and3.v:5]
INFO: [VRFC 10-2263] Analyzing Verilog file "C:/Users/Adam/Downloads/INF1500/INF1500_2034584_2081643_Lab3/lab3/lab3.ip_user_files/bd/MUX_INDEX/ip/MUX_INDEX_xup_and3_0_0/sim/MUX_INDEX_xup_and3_0_0.v" into library xil_defaultlib
INFO: [VRFC 10-311] analyzing module MUX_INDEX_xup_and3_0_0
INFO: [VRFC 10-2263] Analyzing Verilog file "C:/Users/Adam/Downloads/INF1500/INF1500_2034584_2081643_Lab3/lab3/lab3.ip_user_files/bd/MUX_INDEX/ip/MUX_INDEX_xup_and3_1_0/sim/MUX_INDEX_xup_and3_1_0.v" into library xil_defaultlib
INFO: [VRFC 10-311] analyzing module MUX_INDEX_xup_and3_1_0
INFO: [VRFC 10-2263] Analyzing Verilog file "C:/Users/Adam/Downloads/INF1500/INF1500_2034584_2081643_Lab3/lab3/lab3.ip_user_files/bd/MUX_INDEX/ip/MUX_INDEX_xup_and3_2_0/sim/MUX_INDEX_xup_and3_2_0.v" into library xil_defaultlib
INFO: [VRFC 10-311] analyzing module MUX_INDEX_xup_and3_2_0
INFO: [VRFC 10-2263] Analyzing Verilog file "C:/Users/Adam/Downloads/INF1500/INF1500_2034584_2081643_Lab3/lab3/lab3.ip_user_files/bd/MUX_INDEX/ipshared/ded9/xup_or3.srcs/sources_1/new/xup_or3.v" into library xil_defaultlib
INFO: [VRFC 10-311] analyzing module xup_or3
WARNING: [VRFC 10-3609] overwriting previous definition of module 'xup_or3' [C:/Users/Adam/Downloads/INF1500/INF1500_2034584_2081643_Lab3/lab3/lab3.ip_user_files/bd/MUX_INDEX/ipshared/ded9/xup_or3.srcs/sources_1/new/xup_or3.v:5]
INFO: [VRFC 10-2263] Analyzing Verilog file "C:/Users/Adam/Downloads/INF1500/INF1500_2034584_2081643_Lab3/lab3/lab3.ip_user_files/bd/MUX_INDEX/ip/MUX_INDEX_xup_or3_0_0/sim/MUX_INDEX_xup_or3_0_0.v" into library xil_defaultlib
INFO: [VRFC 10-311] analyzing module MUX_INDEX_xup_or3_0_0
INFO: [VRFC 10-2263] Analyzing Verilog file "C:/Users/Adam/Downloads/INF1500/INF1500_2034584_2081643_Lab3/lab3/lab3.ip_user_files/bd/BIN_GRAY/ipshared/7bd1/xup_xor2.srcs/sources_1/new/xup_xor2.v" into library xil_defaultlib
INFO: [VRFC 10-311] analyzing module xup_xor2
WARNING: [VRFC 10-3609] overwriting previous definition of module 'xup_xor2' [C:/Users/Adam/Downloads/INF1500/INF1500_2034584_2081643_Lab3/lab3/lab3.ip_user_files/bd/BIN_GRAY/ipshared/7bd1/xup_xor2.srcs/sources_1/new/xup_xor2.v:5]
INFO: [VRFC 10-2263] Analyzing Verilog file "C:/Users/Adam/Downloads/INF1500/INF1500_2034584_2081643_Lab3/lab3/lab3.ip_user_files/bd/BIN_GRAY/ip/BIN_GRAY_xup_xor2_0_0/sim/BIN_GRAY_xup_xor2_0_0.v" into library xil_defaultlib
INFO: [VRFC 10-311] analyzing module BIN_GRAY_xup_xor2_0_0
INFO: [VRFC 10-2263] Analyzing Verilog file "C:/Users/Adam/Downloads/INF1500/INF1500_2034584_2081643_Lab3/lab3/lab3.ip_user_files/bd/BIN_GRAY/ip/BIN_GRAY_xup_xor2_1_0/sim/BIN_GRAY_xup_xor2_1_0.v" into library xil_defaultlib
INFO: [VRFC 10-311] analyzing module BIN_GRAY_xup_xor2_1_0
INFO: [VRFC 10-2263] Analyzing Verilog file "C:/Users/Adam/Downloads/INF1500/INF1500_2034584_2081643_Lab3/lab3/lab3.ip_user_files/bd/BIN_GRAY/ip/BIN_GRAY_xup_xor2_2_0/sim/BIN_GRAY_xup_xor2_2_0.v" into library xil_defaultlib
INFO: [VRFC 10-311] analyzing module BIN_GRAY_xup_xor2_2_0
INFO: [VRFC 10-2263] Analyzing Verilog file "C:/Users/Adam/Downloads/INF1500/INF1500_2034584_2081643_Lab3/lab3/lab3.ip_user_files/bd/MUX3_1/ip/MUX3_1_MUX_INDEX_1_0/ipshared/e3e7/xup_inv.srcs/sources_1/new/xup_inv.v" into library xil_defaultlib
INFO: [VRFC 10-311] analyzing module xup_inv
WARNING: [VRFC 10-3609] overwriting previous definition of module 'xup_inv' [C:/Users/Adam/Downloads/INF1500/INF1500_2034584_2081643_Lab3/lab3/lab3.ip_user_files/bd/MUX3_1/ip/MUX3_1_MUX_INDEX_1_0/ipshared/e3e7/xup_inv.srcs/sources_1/new/xup_inv.v:5]
INFO: [VRFC 10-2263] Analyzing Verilog file "C:/Users/Adam/Downloads/INF1500/INF1500_2034584_2081643_Lab3/lab3/lab3.ip_user_files/bd/MUX3_1/ip/MUX3_1_MUX_INDEX_1_0/src/MUX_INDEX_xup_inv_0_0/sim/MUX_INDEX_xup_inv_0_0.v" into library xil_defaultlib
INFO: [VRFC 10-311] analyzing module MUX_INDEX_xup_inv_0_0
WARNING: [VRFC 10-3609] overwriting previous definition of module 'MUX_INDEX_xup_inv_0_0' [C:/Users/Adam/Downloads/INF1500/INF1500_2034584_2081643_Lab3/lab3/lab3.ip_user_files/bd/MUX3_1/ip/MUX3_1_MUX_INDEX_1_0/src/MUX_INDEX_xup_inv_0_0/sim/MUX_INDEX_xup_inv_0_0.v:56]
INFO: [VRFC 10-2263] Analyzing Verilog file "C:/Users/Adam/Downloads/INF1500/INF1500_2034584_2081643_Lab3/lab3/lab3.ip_user_files/bd/MUX3_1/ip/MUX3_1_MUX_INDEX_1_0/src/MUX_INDEX_xup_inv_1_0/sim/MUX_INDEX_xup_inv_1_0.v" into library xil_defaultlib
INFO: [VRFC 10-311] analyzing module MUX_INDEX_xup_inv_1_0
WARNING: [VRFC 10-3609] overwriting previous definition of module 'MUX_INDEX_xup_inv_1_0' [C:/Users/Adam/Downloads/INF1500/INF1500_2034584_2081643_Lab3/lab3/lab3.ip_user_files/bd/MUX3_1/ip/MUX3_1_MUX_INDEX_1_0/src/MUX_INDEX_xup_inv_1_0/sim/MUX_INDEX_xup_inv_1_0.v:56]
INFO: [VRFC 10-2263] Analyzing Verilog file "C:/Users/Adam/Downloads/INF1500/INF1500_2034584_2081643_Lab3/lab3/lab3.ip_user_files/bd/MUX3_1/ip/MUX3_1_MUX_INDEX_1_0/ipshared/b79c/xup_and3.srcs/sources_1/new/xup_and3.v" into library xil_defaultlib
INFO: [VRFC 10-311] analyzing module xup_and3
WARNING: [VRFC 10-3609] overwriting previous definition of module 'xup_and3' [C:/Users/Adam/Downloads/INF1500/INF1500_2034584_2081643_Lab3/lab3/lab3.ip_user_files/bd/MUX3_1/ip/MUX3_1_MUX_INDEX_1_0/ipshared/b79c/xup_and3.srcs/sources_1/new/xup_and3.v:5]
INFO: [VRFC 10-2263] Analyzing Verilog file "C:/Users/Adam/Downloads/INF1500/INF1500_2034584_2081643_Lab3/lab3/lab3.ip_user_files/bd/MUX3_1/ip/MUX3_1_MUX_INDEX_1_0/src/MUX_INDEX_xup_and3_0_0/sim/MUX_INDEX_xup_and3_0_0.v" into library xil_defaultlib
INFO: [VRFC 10-311] analyzing module MUX_INDEX_xup_and3_0_0
WARNING: [VRFC 10-3609] overwriting previous definition of module 'MUX_INDEX_xup_and3_0_0' [C:/Users/Adam/Downloads/INF1500/INF1500_2034584_2081643_Lab3/lab3/lab3.ip_user_files/bd/MUX3_1/ip/MUX3_1_MUX_INDEX_1_0/src/MUX_INDEX_xup_and3_0_0/sim/MUX_INDEX_xup_and3_0_0.v:56]
INFO: [VRFC 10-2263] Analyzing Verilog file "C:/Users/Adam/Downloads/INF1500/INF1500_2034584_2081643_Lab3/lab3/lab3.ip_user_files/bd/MUX3_1/ip/MUX3_1_MUX_INDEX_1_0/src/MUX_INDEX_xup_and3_1_0/sim/MUX_INDEX_xup_and3_1_0.v" into library xil_defaultlib
INFO: [VRFC 10-311] analyzing module MUX_INDEX_xup_and3_1_0
WARNING: [VRFC 10-3609] overwriting previous definition of module 'MUX_INDEX_xup_and3_1_0' [C:/Users/Adam/Downloads/INF1500/INF1500_2034584_2081643_Lab3/lab3/lab3.ip_user_files/bd/MUX3_1/ip/MUX3_1_MUX_INDEX_1_0/src/MUX_INDEX_xup_and3_1_0/sim/MUX_INDEX_xup_and3_1_0.v:56]
INFO: [VRFC 10-2263] Analyzing Verilog file "C:/Users/Adam/Downloads/INF1500/INF1500_2034584_2081643_Lab3/lab3/lab3.ip_user_files/bd/MUX3_1/ip/MUX3_1_MUX_INDEX_1_0/src/MUX_INDEX_xup_and3_2_0/sim/MUX_INDEX_xup_and3_2_0.v" into library xil_defaultlib
INFO: [VRFC 10-311] analyzing module MUX_INDEX_xup_and3_2_0
WARNING: [VRFC 10-3609] overwriting previous definition of module 'MUX_INDEX_xup_and3_2_0' [C:/Users/Adam/Downloads/INF1500/INF1500_2034584_2081643_Lab3/lab3/lab3.ip_user_files/bd/MUX3_1/ip/MUX3_1_MUX_INDEX_1_0/src/MUX_INDEX_xup_and3_2_0/sim/MUX_INDEX_xup_and3_2_0.v:56]
INFO: [VRFC 10-2263] Analyzing Verilog file "C:/Users/Adam/Downloads/INF1500/INF1500_2034584_2081643_Lab3/lab3/lab3.ip_user_files/bd/MUX3_1/ip/MUX3_1_MUX_INDEX_1_0/ipshared/ded9/xup_or3.srcs/sources_1/new/xup_or3.v" into library xil_defaultlib
INFO: [VRFC 10-311] analyzing module xup_or3
WARNING: [VRFC 10-3609] overwriting previous definition of module 'xup_or3' [C:/Users/Adam/Downloads/INF1500/INF1500_2034584_2081643_Lab3/lab3/lab3.ip_user_files/bd/MUX3_1/ip/MUX3_1_MUX_INDEX_1_0/ipshared/ded9/xup_or3.srcs/sources_1/new/xup_or3.v:5]
INFO: [VRFC 10-2263] Analyzing Verilog file "C:/Users/Adam/Downloads/INF1500/INF1500_2034584_2081643_Lab3/lab3/lab3.ip_user_files/bd/MUX3_1/ip/MUX3_1_MUX_INDEX_1_0/src/MUX_INDEX_xup_or3_0_0/sim/MUX_INDEX_xup_or3_0_0.v" into library xil_defaultlib
INFO: [VRFC 10-311] analyzing module MUX_INDEX_xup_or3_0_0
WARNING: [VRFC 10-3609] overwriting previous definition of module 'MUX_INDEX_xup_or3_0_0' [C:/Users/Adam/Downloads/INF1500/INF1500_2034584_2081643_Lab3/lab3/lab3.ip_user_files/bd/MUX3_1/ip/MUX3_1_MUX_INDEX_1_0/src/MUX_INDEX_xup_or3_0_0/sim/MUX_INDEX_xup_or3_0_0.v:56]
INFO: [VRFC 10-2263] Analyzing Verilog file "C:/Users/Adam/Downloads/INF1500/INF1500_2034584_2081643_Lab3/lab3/lab3.ip_user_files/bd/MUX3_1/ip/MUX3_1_MUX_INDEX_2_0/ipshared/e3e7/xup_inv.srcs/sources_1/new/xup_inv.v" into library xil_defaultlib
INFO: [VRFC 10-311] analyzing module xup_inv
WARNING: [VRFC 10-3609] overwriting previous definition of module 'xup_inv' [C:/Users/Adam/Downloads/INF1500/INF1500_2034584_2081643_Lab3/lab3/lab3.ip_user_files/bd/MUX3_1/ip/MUX3_1_MUX_INDEX_2_0/ipshared/e3e7/xup_inv.srcs/sources_1/new/xup_inv.v:5]
INFO: [VRFC 10-2263] Analyzing Verilog file "C:/Users/Adam/Downloads/INF1500/INF1500_2034584_2081643_Lab3/lab3/lab3.ip_user_files/bd/MUX3_1/ip/MUX3_1_MUX_INDEX_2_0/src/MUX_INDEX_xup_inv_0_0/sim/MUX_INDEX_xup_inv_0_0.v" into library xil_defaultlib
INFO: [VRFC 10-311] analyzing module MUX_INDEX_xup_inv_0_0
WARNING: [VRFC 10-3609] overwriting previous definition of module 'MUX_INDEX_xup_inv_0_0' [C:/Users/Adam/Downloads/INF1500/INF1500_2034584_2081643_Lab3/lab3/lab3.ip_user_files/bd/MUX3_1/ip/MUX3_1_MUX_INDEX_2_0/src/MUX_INDEX_xup_inv_0_0/sim/MUX_INDEX_xup_inv_0_0.v:56]
INFO: [VRFC 10-2263] Analyzing Verilog file "C:/Users/Adam/Downloads/INF1500/INF1500_2034584_2081643_Lab3/lab3/lab3.ip_user_files/bd/MUX3_1/ip/MUX3_1_MUX_INDEX_2_0/src/MUX_INDEX_xup_inv_1_0/sim/MUX_INDEX_xup_inv_1_0.v" into library xil_defaultlib
INFO: [VRFC 10-311] analyzing module MUX_INDEX_xup_inv_1_0
WARNING: [VRFC 10-3609] overwriting previous definition of module 'MUX_INDEX_xup_inv_1_0' [C:/Users/Adam/Downloads/INF1500/INF1500_2034584_2081643_Lab3/lab3/lab3.ip_user_files/bd/MUX3_1/ip/MUX3_1_MUX_INDEX_2_0/src/MUX_INDEX_xup_inv_1_0/sim/MUX_INDEX_xup_inv_1_0.v:56]
INFO: [VRFC 10-2263] Analyzing Verilog file "C:/Users/Adam/Downloads/INF1500/INF1500_2034584_2081643_Lab3/lab3/lab3.ip_user_files/bd/MUX3_1/ip/MUX3_1_MUX_INDEX_2_0/ipshared/b79c/xup_and3.srcs/sources_1/new/xup_and3.v" into library xil_defaultlib
INFO: [VRFC 10-311] analyzing module xup_and3
WARNING: [VRFC 10-3609] overwriting previous definition of module 'xup_and3' [C:/Users/Adam/Downloads/INF1500/INF1500_2034584_2081643_Lab3/lab3/lab3.ip_user_files/bd/MUX3_1/ip/MUX3_1_MUX_INDEX_2_0/ipshared/b79c/xup_and3.srcs/sources_1/new/xup_and3.v:5]
INFO: [VRFC 10-2263] Analyzing Verilog file "C:/Users/Adam/Downloads/INF1500/INF1500_2034584_2081643_Lab3/lab3/lab3.ip_user_files/bd/MUX3_1/ip/MUX3_1_MUX_INDEX_2_0/src/MUX_INDEX_xup_and3_0_0/sim/MUX_INDEX_xup_and3_0_0.v" into library xil_defaultlib
INFO: [VRFC 10-311] analyzing module MUX_INDEX_xup_and3_0_0
WARNING: [VRFC 10-3609] overwriting previous definition of module 'MUX_INDEX_xup_and3_0_0' [C:/Users/Adam/Downloads/INF1500/INF1500_2034584_2081643_Lab3/lab3/lab3.ip_user_files/bd/MUX3_1/ip/MUX3_1_MUX_INDEX_2_0/src/MUX_INDEX_xup_and3_0_0/sim/MUX_INDEX_xup_and3_0_0.v:56]
INFO: [VRFC 10-2263] Analyzing Verilog file "C:/Users/Adam/Downloads/INF1500/INF1500_2034584_2081643_Lab3/lab3/lab3.ip_user_files/bd/MUX3_1/ip/MUX3_1_MUX_INDEX_2_0/src/MUX_INDEX_xup_and3_1_0/sim/MUX_INDEX_xup_and3_1_0.v" into library xil_defaultlib
INFO: [VRFC 10-311] analyzing module MUX_INDEX_xup_and3_1_0
WARNING: [VRFC 10-3609] overwriting previous definition of module 'MUX_INDEX_xup_and3_1_0' [C:/Users/Adam/Downloads/INF1500/INF1500_2034584_2081643_Lab3/lab3/lab3.ip_user_files/bd/MUX3_1/ip/MUX3_1_MUX_INDEX_2_0/src/MUX_INDEX_xup_and3_1_0/sim/MUX_INDEX_xup_and3_1_0.v:56]
INFO: [VRFC 10-2263] Analyzing Verilog file "C:/Users/Adam/Downloads/INF1500/INF1500_2034584_2081643_Lab3/lab3/lab3.ip_user_files/bd/MUX3_1/ip/MUX3_1_MUX_INDEX_2_0/src/MUX_INDEX_xup_and3_2_0/sim/MUX_INDEX_xup_and3_2_0.v" into library xil_defaultlib
INFO: [VRFC 10-311] analyzing module MUX_INDEX_xup_and3_2_0
WARNING: [VRFC 10-3609] overwriting previous definition of module 'MUX_INDEX_xup_and3_2_0' [C:/Users/Adam/Downloads/INF1500/INF1500_2034584_2081643_Lab3/lab3/lab3.ip_user_files/bd/MUX3_1/ip/MUX3_1_MUX_INDEX_2_0/src/MUX_INDEX_xup_and3_2_0/sim/MUX_INDEX_xup_and3_2_0.v:56]
INFO: [VRFC 10-2263] Analyzing Verilog file "C:/Users/Adam/Downloads/INF1500/INF1500_2034584_2081643_Lab3/lab3/lab3.ip_user_files/bd/MUX3_1/ip/MUX3_1_MUX_INDEX_2_0/ipshared/ded9/xup_or3.srcs/sources_1/new/xup_or3.v" into library xil_defaultlib
INFO: [VRFC 10-311] analyzing module xup_or3
WARNING: [VRFC 10-3609] overwriting previous definition of module 'xup_or3' [C:/Users/Adam/Downloads/INF1500/INF1500_2034584_2081643_Lab3/lab3/lab3.ip_user_files/bd/MUX3_1/ip/MUX3_1_MUX_INDEX_2_0/ipshared/ded9/xup_or3.srcs/sources_1/new/xup_or3.v:5]
INFO: [VRFC 10-2263] Analyzing Verilog file "C:/Users/Adam/Downloads/INF1500/INF1500_2034584_2081643_Lab3/lab3/lab3.ip_user_files/bd/MUX3_1/ip/MUX3_1_MUX_INDEX_2_0/src/MUX_INDEX_xup_or3_0_0/sim/MUX_INDEX_xup_or3_0_0.v" into library xil_defaultlib
INFO: [VRFC 10-311] analyzing module MUX_INDEX_xup_or3_0_0
WARNING: [VRFC 10-3609] overwriting previous definition of module 'MUX_INDEX_xup_or3_0_0' [C:/Users/Adam/Downloads/INF1500/INF1500_2034584_2081643_Lab3/lab3/lab3.ip_user_files/bd/MUX3_1/ip/MUX3_1_MUX_INDEX_2_0/src/MUX_INDEX_xup_or3_0_0/sim/MUX_INDEX_xup_or3_0_0.v:56]
INFO: [VRFC 10-2263] Analyzing Verilog file "C:/Users/Adam/Downloads/INF1500/INF1500_2034584_2081643_Lab3/lab3/lab3.ip_user_files/bd/MUX3_1/ip/MUX3_1_MUX_INDEX_3_0/ipshared/e3e7/xup_inv.srcs/sources_1/new/xup_inv.v" into library xil_defaultlib
INFO: [VRFC 10-311] analyzing module xup_inv
WARNING: [VRFC 10-3609] overwriting previous definition of module 'xup_inv' [C:/Users/Adam/Downloads/INF1500/INF1500_2034584_2081643_Lab3/lab3/lab3.ip_user_files/bd/MUX3_1/ip/MUX3_1_MUX_INDEX_3_0/ipshared/e3e7/xup_inv.srcs/sources_1/new/xup_inv.v:5]
INFO: [VRFC 10-2263] Analyzing Verilog file "C:/Users/Adam/Downloads/INF1500/INF1500_2034584_2081643_Lab3/lab3/lab3.ip_user_files/bd/MUX3_1/ip/MUX3_1_MUX_INDEX_3_0/src/MUX_INDEX_xup_inv_0_0/sim/MUX_INDEX_xup_inv_0_0.v" into library xil_defaultlib
INFO: [VRFC 10-311] analyzing module MUX_INDEX_xup_inv_0_0
WARNING: [VRFC 10-3609] overwriting previous definition of module 'MUX_INDEX_xup_inv_0_0' [C:/Users/Adam/Downloads/INF1500/INF1500_2034584_2081643_Lab3/lab3/lab3.ip_user_files/bd/MUX3_1/ip/MUX3_1_MUX_INDEX_3_0/src/MUX_INDEX_xup_inv_0_0/sim/MUX_INDEX_xup_inv_0_0.v:56]
INFO: [VRFC 10-2263] Analyzing Verilog file "C:/Users/Adam/Downloads/INF1500/INF1500_2034584_2081643_Lab3/lab3/lab3.ip_user_files/bd/MUX3_1/ip/MUX3_1_MUX_INDEX_3_0/src/MUX_INDEX_xup_inv_1_0/sim/MUX_INDEX_xup_inv_1_0.v" into library xil_defaultlib
INFO: [VRFC 10-311] analyzing module MUX_INDEX_xup_inv_1_0
WARNING: [VRFC 10-3609] overwriting previous definition of module 'MUX_INDEX_xup_inv_1_0' [C:/Users/Adam/Downloads/INF1500/INF1500_2034584_2081643_Lab3/lab3/lab3.ip_user_files/bd/MUX3_1/ip/MUX3_1_MUX_INDEX_3_0/src/MUX_INDEX_xup_inv_1_0/sim/MUX_INDEX_xup_inv_1_0.v:56]
INFO: [VRFC 10-2263] Analyzing Verilog file "C:/Users/Adam/Downloads/INF1500/INF1500_2034584_2081643_Lab3/lab3/lab3.ip_user_files/bd/MUX3_1/ip/MUX3_1_MUX_INDEX_3_0/ipshared/b79c/xup_and3.srcs/sources_1/new/xup_and3.v" into library xil_defaultlib
INFO: [VRFC 10-311] analyzing module xup_and3
WARNING: [VRFC 10-3609] overwriting previous definition of module 'xup_and3' [C:/Users/Adam/Downloads/INF1500/INF1500_2034584_2081643_Lab3/lab3/lab3.ip_user_files/bd/MUX3_1/ip/MUX3_1_MUX_INDEX_3_0/ipshared/b79c/xup_and3.srcs/sources_1/new/xup_and3.v:5]
INFO: [VRFC 10-2263] Analyzing Verilog file "C:/Users/Adam/Downloads/INF1500/INF1500_2034584_2081643_Lab3/lab3/lab3.ip_user_files/bd/MUX3_1/ip/MUX3_1_MUX_INDEX_3_0/src/MUX_INDEX_xup_and3_0_0/sim/MUX_INDEX_xup_and3_0_0.v" into library xil_defaultlib
INFO: [VRFC 10-311] analyzing module MUX_INDEX_xup_and3_0_0
WARNING: [VRFC 10-3609] overwriting previous definition of module 'MUX_INDEX_xup_and3_0_0' [C:/Users/Adam/Downloads/INF1500/INF1500_2034584_2081643_Lab3/lab3/lab3.ip_user_files/bd/MUX3_1/ip/MUX3_1_MUX_INDEX_3_0/src/MUX_INDEX_xup_and3_0_0/sim/MUX_INDEX_xup_and3_0_0.v:56]
INFO: [VRFC 10-2263] Analyzing Verilog file "C:/Users/Adam/Downloads/INF1500/INF1500_2034584_2081643_Lab3/lab3/lab3.ip_user_files/bd/MUX3_1/ip/MUX3_1_MUX_INDEX_3_0/src/MUX_INDEX_xup_and3_1_0/sim/MUX_INDEX_xup_and3_1_0.v" into library xil_defaultlib
INFO: [VRFC 10-311] analyzing module MUX_INDEX_xup_and3_1_0
WARNING: [VRFC 10-3609] overwriting previous definition of module 'MUX_INDEX_xup_and3_1_0' [C:/Users/Adam/Downloads/INF1500/INF1500_2034584_2081643_Lab3/lab3/lab3.ip_user_files/bd/MUX3_1/ip/MUX3_1_MUX_INDEX_3_0/src/MUX_INDEX_xup_and3_1_0/sim/MUX_INDEX_xup_and3_1_0.v:56]
INFO: [VRFC 10-2263] Analyzing Verilog file "C:/Users/Adam/Downloads/INF1500/INF1500_2034584_2081643_Lab3/lab3/lab3.ip_user_files/bd/MUX3_1/ip/MUX3_1_MUX_INDEX_3_0/src/MUX_INDEX_xup_and3_2_0/sim/MUX_INDEX_xup_and3_2_0.v" into library xil_defaultlib
INFO: [VRFC 10-311] analyzing module MUX_INDEX_xup_and3_2_0
WARNING: [VRFC 10-3609] overwriting previous definition of module 'MUX_INDEX_xup_and3_2_0' [C:/Users/Adam/Downloads/INF1500/INF1500_2034584_2081643_Lab3/lab3/lab3.ip_user_files/bd/MUX3_1/ip/MUX3_1_MUX_INDEX_3_0/src/MUX_INDEX_xup_and3_2_0/sim/MUX_INDEX_xup_and3_2_0.v:56]
INFO: [VRFC 10-2263] Analyzing Verilog file "C:/Users/Adam/Downloads/INF1500/INF1500_2034584_2081643_Lab3/lab3/lab3.ip_user_files/bd/MUX3_1/ip/MUX3_1_MUX_INDEX_3_0/ipshared/ded9/xup_or3.srcs/sources_1/new/xup_or3.v" into library xil_defaultlib
INFO: [VRFC 10-311] analyzing module xup_or3
WARNING: [VRFC 10-3609] overwriting previous definition of module 'xup_or3' [C:/Users/Adam/Downloads/INF1500/INF1500_2034584_2081643_Lab3/lab3/lab3.ip_user_files/bd/MUX3_1/ip/MUX3_1_MUX_INDEX_3_0/ipshared/ded9/xup_or3.srcs/sources_1/new/xup_or3.v:5]
INFO: [VRFC 10-2263] Analyzing Verilog file "C:/Users/Adam/Downloads/INF1500/INF1500_2034584_2081643_Lab3/lab3/lab3.ip_user_files/bd/MUX3_1/ip/MUX3_1_MUX_INDEX_3_0/src/MUX_INDEX_xup_or3_0_0/sim/MUX_INDEX_xup_or3_0_0.v" into library xil_defaultlib
INFO: [VRFC 10-311] analyzing module MUX_INDEX_xup_or3_0_0
WARNING: [VRFC 10-3609] overwriting previous definition of module 'MUX_INDEX_xup_or3_0_0' [C:/Users/Adam/Downloads/INF1500/INF1500_2034584_2081643_Lab3/lab3/lab3.ip_user_files/bd/MUX3_1/ip/MUX3_1_MUX_INDEX_3_0/src/MUX_INDEX_xup_or3_0_0/sim/MUX_INDEX_xup_or3_0_0.v:56]
INFO: [VRFC 10-2263] Analyzing Verilog file "C:/Users/Adam/Downloads/INF1500/INF1500_2034584_2081643_Lab3/lab3/lab3.ip_user_files/bd/MUX3_1/ip/MUX3_1_MUX_INDEX_0_0/ipshared/e3e7/xup_inv.srcs/sources_1/new/xup_inv.v" into library xil_defaultlib
INFO: [VRFC 10-311] analyzing module xup_inv
WARNING: [VRFC 10-3609] overwriting previous definition of module 'xup_inv' [C:/Users/Adam/Downloads/INF1500/INF1500_2034584_2081643_Lab3/lab3/lab3.ip_user_files/bd/MUX3_1/ip/MUX3_1_MUX_INDEX_0_0/ipshared/e3e7/xup_inv.srcs/sources_1/new/xup_inv.v:5]
INFO: [VRFC 10-2263] Analyzing Verilog file "C:/Users/Adam/Downloads/INF1500/INF1500_2034584_2081643_Lab3/lab3/lab3.ip_user_files/bd/MUX3_1/ip/MUX3_1_MUX_INDEX_0_0/src/MUX_INDEX_xup_inv_0_0/sim/MUX_INDEX_xup_inv_0_0.v" into library xil_defaultlib
INFO: [VRFC 10-311] analyzing module MUX_INDEX_xup_inv_0_0
WARNING: [VRFC 10-3609] overwriting previous definition of module 'MUX_INDEX_xup_inv_0_0' [C:/Users/Adam/Downloads/INF1500/INF1500_2034584_2081643_Lab3/lab3/lab3.ip_user_files/bd/MUX3_1/ip/MUX3_1_MUX_INDEX_0_0/src/MUX_INDEX_xup_inv_0_0/sim/MUX_INDEX_xup_inv_0_0.v:56]
INFO: [VRFC 10-2263] Analyzing Verilog file "C:/Users/Adam/Downloads/INF1500/INF1500_2034584_2081643_Lab3/lab3/lab3.ip_user_files/bd/MUX3_1/ip/MUX3_1_MUX_INDEX_0_0/src/MUX_INDEX_xup_inv_1_0/sim/MUX_INDEX_xup_inv_1_0.v" into library xil_defaultlib
INFO: [VRFC 10-311] analyzing module MUX_INDEX_xup_inv_1_0
WARNING: [VRFC 10-3609] overwriting previous definition of module 'MUX_INDEX_xup_inv_1_0' [C:/Users/Adam/Downloads/INF1500/INF1500_2034584_2081643_Lab3/lab3/lab3.ip_user_files/bd/MUX3_1/ip/MUX3_1_MUX_INDEX_0_0/src/MUX_INDEX_xup_inv_1_0/sim/MUX_INDEX_xup_inv_1_0.v:56]
INFO: [VRFC 10-2263] Analyzing Verilog file "C:/Users/Adam/Downloads/INF1500/INF1500_2034584_2081643_Lab3/lab3/lab3.ip_user_files/bd/MUX3_1/ip/MUX3_1_MUX_INDEX_0_0/ipshared/b79c/xup_and3.srcs/sources_1/new/xup_and3.v" into library xil_defaultlib
INFO: [VRFC 10-311] analyzing module xup_and3
WARNING: [VRFC 10-3609] overwriting previous definition of module 'xup_and3' [C:/Users/Adam/Downloads/INF1500/INF1500_2034584_2081643_Lab3/lab3/lab3.ip_user_files/bd/MUX3_1/ip/MUX3_1_MUX_INDEX_0_0/ipshared/b79c/xup_and3.srcs/sources_1/new/xup_and3.v:5]
INFO: [VRFC 10-2263] Analyzing Verilog file "C:/Users/Adam/Downloads/INF1500/INF1500_2034584_2081643_Lab3/lab3/lab3.ip_user_files/bd/MUX3_1/ip/MUX3_1_MUX_INDEX_0_0/src/MUX_INDEX_xup_and3_0_0/sim/MUX_INDEX_xup_and3_0_0.v" into library xil_defaultlib
INFO: [VRFC 10-311] analyzing module MUX_INDEX_xup_and3_0_0
WARNING: [VRFC 10-3609] overwriting previous definition of module 'MUX_INDEX_xup_and3_0_0' [C:/Users/Adam/Downloads/INF1500/INF1500_2034584_2081643_Lab3/lab3/lab3.ip_user_files/bd/MUX3_1/ip/MUX3_1_MUX_INDEX_0_0/src/MUX_INDEX_xup_and3_0_0/sim/MUX_INDEX_xup_and3_0_0.v:56]
INFO: [VRFC 10-2263] Analyzing Verilog file "C:/Users/Adam/Downloads/INF1500/INF1500_2034584_2081643_Lab3/lab3/lab3.ip_user_files/bd/MUX3_1/ip/MUX3_1_MUX_INDEX_0_0/src/MUX_INDEX_xup_and3_1_0/sim/MUX_INDEX_xup_and3_1_0.v" into library xil_defaultlib
INFO: [VRFC 10-311] analyzing module MUX_INDEX_xup_and3_1_0
WARNING: [VRFC 10-3609] overwriting previous definition of module 'MUX_INDEX_xup_and3_1_0' [C:/Users/Adam/Downloads/INF1500/INF1500_2034584_2081643_Lab3/lab3/lab3.ip_user_files/bd/MUX3_1/ip/MUX3_1_MUX_INDEX_0_0/src/MUX_INDEX_xup_and3_1_0/sim/MUX_INDEX_xup_and3_1_0.v:56]
INFO: [VRFC 10-2263] Analyzing Verilog file "C:/Users/Adam/Downloads/INF1500/INF1500_2034584_2081643_Lab3/lab3/lab3.ip_user_files/bd/MUX3_1/ip/MUX3_1_MUX_INDEX_0_0/src/MUX_INDEX_xup_and3_2_0/sim/MUX_INDEX_xup_and3_2_0.v" into library xil_defaultlib
INFO: [VRFC 10-311] analyzing module MUX_INDEX_xup_and3_2_0
WARNING: [VRFC 10-3609] overwriting previous definition of module 'MUX_INDEX_xup_and3_2_0' [C:/Users/Adam/Downloads/INF1500/INF1500_2034584_2081643_Lab3/lab3/lab3.ip_user_files/bd/MUX3_1/ip/MUX3_1_MUX_INDEX_0_0/src/MUX_INDEX_xup_and3_2_0/sim/MUX_INDEX_xup_and3_2_0.v:56]
INFO: [VRFC 10-2263] Analyzing Verilog file "C:/Users/Adam/Downloads/INF1500/INF1500_2034584_2081643_Lab3/lab3/lab3.ip_user_files/bd/MUX3_1/ip/MUX3_1_MUX_INDEX_0_0/ipshared/ded9/xup_or3.srcs/sources_1/new/xup_or3.v" into library xil_defaultlib
INFO: [VRFC 10-311] analyzing module xup_or3
WARNING: [VRFC 10-3609] overwriting previous definition of module 'xup_or3' [C:/Users/Adam/Downloads/INF1500/INF1500_2034584_2081643_Lab3/lab3/lab3.ip_user_files/bd/MUX3_1/ip/MUX3_1_MUX_INDEX_0_0/ipshared/ded9/xup_or3.srcs/sources_1/new/xup_or3.v:5]
INFO: [VRFC 10-2263] Analyzing Verilog file "C:/Users/Adam/Downloads/INF1500/INF1500_2034584_2081643_Lab3/lab3/lab3.ip_user_files/bd/MUX3_1/ip/MUX3_1_MUX_INDEX_0_0/src/MUX_INDEX_xup_or3_0_0/sim/MUX_INDEX_xup_or3_0_0.v" into library xil_defaultlib
INFO: [VRFC 10-311] analyzing module MUX_INDEX_xup_or3_0_0
WARNING: [VRFC 10-3609] overwriting previous definition of module 'MUX_INDEX_xup_or3_0_0' [C:/Users/Adam/Downloads/INF1500/INF1500_2034584_2081643_Lab3/lab3/lab3.ip_user_files/bd/MUX3_1/ip/MUX3_1_MUX_INDEX_0_0/src/MUX_INDEX_xup_or3_0_0/sim/MUX_INDEX_xup_or3_0_0.v:56]
INFO: [VRFC 10-2263] Analyzing Verilog file "C:/Users/Adam/Downloads/INF1500/INF1500_2034584_2081643_Lab3/lab3/lab3.ip_user_files/bd/MUX3_1/ip/MUX3_1_xlconcat_0_0/sim/MUX3_1_xlconcat_0_0.v" into library xil_defaultlib
INFO: [VRFC 10-311] analyzing module MUX3_1_xlconcat_0_0
INFO: [VRFC 10-2263] Analyzing Verilog file "C:/Users/Adam/Downloads/INF1500/INF1500_2034584_2081643_Lab3/lab3/lab3.ip_user_files/bd/LAB3_SYS/ip/LAB3_SYS_BIN_GRAY_0_1/ipshared/7bd1/xup_xor2.srcs/sources_1/new/xup_xor2.v" into library xil_defaultlib
INFO: [VRFC 10-311] analyzing module xup_xor2
WARNING: [VRFC 10-3609] overwriting previous definition of module 'xup_xor2' [C:/Users/Adam/Downloads/INF1500/INF1500_2034584_2081643_Lab3/lab3/lab3.ip_user_files/bd/LAB3_SYS/ip/LAB3_SYS_BIN_GRAY_0_1/ipshared/7bd1/xup_xor2.srcs/sources_1/new/xup_xor2.v:5]
INFO: [VRFC 10-2263] Analyzing Verilog file "C:/Users/Adam/Downloads/INF1500/INF1500_2034584_2081643_Lab3/lab3/lab3.ip_user_files/bd/LAB3_SYS/ip/LAB3_SYS_BIN_GRAY_0_1/src/BIN_GRAY_xup_xor2_0_0/sim/BIN_GRAY_xup_xor2_0_0.v" into library xil_defaultlib
INFO: [VRFC 10-311] analyzing module BIN_GRAY_xup_xor2_0_0
WARNING: [VRFC 10-3609] overwriting previous definition of module 'BIN_GRAY_xup_xor2_0_0' [C:/Users/Adam/Downloads/INF1500/INF1500_2034584_2081643_Lab3/lab3/lab3.ip_user_files/bd/LAB3_SYS/ip/LAB3_SYS_BIN_GRAY_0_1/src/BIN_GRAY_xup_xor2_0_0/sim/BIN_GRAY_xup_xor2_0_0.v:56]
INFO: [VRFC 10-2263] Analyzing Verilog file "C:/Users/Adam/Downloads/INF1500/INF1500_2034584_2081643_Lab3/lab3/lab3.ip_user_files/bd/LAB3_SYS/ip/LAB3_SYS_BIN_GRAY_0_1/src/BIN_GRAY_xup_xor2_1_0/sim/BIN_GRAY_xup_xor2_1_0.v" into library xil_defaultlib
INFO: [VRFC 10-311] analyzing module BIN_GRAY_xup_xor2_1_0
WARNING: [VRFC 10-3609] overwriting previous definition of module 'BIN_GRAY_xup_xor2_1_0' [C:/Users/Adam/Downloads/INF1500/INF1500_2034584_2081643_Lab3/lab3/lab3.ip_user_files/bd/LAB3_SYS/ip/LAB3_SYS_BIN_GRAY_0_1/src/BIN_GRAY_xup_xor2_1_0/sim/BIN_GRAY_xup_xor2_1_0.v:56]
INFO: [VRFC 10-2263] Analyzing Verilog file "C:/Users/Adam/Downloads/INF1500/INF1500_2034584_2081643_Lab3/lab3/lab3.ip_user_files/bd/LAB3_SYS/ip/LAB3_SYS_BIN_GRAY_0_1/src/BIN_GRAY_xup_xor2_2_0/sim/BIN_GRAY_xup_xor2_2_0.v" into library xil_defaultlib
INFO: [VRFC 10-311] analyzing module BIN_GRAY_xup_xor2_2_0
WARNING: [VRFC 10-3609] overwriting previous definition of module 'BIN_GRAY_xup_xor2_2_0' [C:/Users/Adam/Downloads/INF1500/INF1500_2034584_2081643_Lab3/lab3/lab3.ip_user_files/bd/LAB3_SYS/ip/LAB3_SYS_BIN_GRAY_0_1/src/BIN_GRAY_xup_xor2_2_0/sim/BIN_GRAY_xup_xor2_2_0.v:56]
INFO: [VRFC 10-2263] Analyzing Verilog file "C:/Users/Adam/Downloads/INF1500/INF1500_2034584_2081643_Lab3/lab3/lab3.ip_user_files/bd/LAB3_SYS/ip/LAB3_SYS_BIN_GRAY_0_1/src/BIN_GRAY_xlconcat_0_0/sim/BIN_GRAY_xlconcat_0_0.v" into library xil_defaultlib
INFO: [VRFC 10-311] analyzing module BIN_GRAY_xlconcat_0_0
INFO: [VRFC 10-2263] Analyzing Verilog file "C:/Users/Adam/Downloads/INF1500/INF1500_2034584_2081643_Lab3/lab3/lab3.ip_user_files/bd/LAB3_SYS/ip/LAB3_SYS_DIV_4_REST_0_1/src/DIV_4_REST_xlconcat_0_0/sim/DIV_4_REST_xlconcat_0_0.v" into library xil_defaultlib
INFO: [VRFC 10-311] analyzing module DIV_4_REST_xlconcat_0_0
INFO: [VRFC 10-2263] Analyzing Verilog file "C:/Users/Adam/Downloads/INF1500/INF1500_2034584_2081643_Lab3/lab3/lab3.ip_user_files/bd/LAB3_SYS/ip/LAB3_SYS_CRYPTO_0_1/src/CRYPTO_xlconcat_0_0/sim/CRYPTO_xlconcat_0_0.v" into library xil_defaultlib
INFO: [VRFC 10-311] analyzing module CRYPTO_xlconcat_0_0
INFO: [VRFC 10-2263] Analyzing Verilog file "C:/Users/Adam/Downloads/INF1500/INF1500_2034584_2081643_Lab3/lab3/lab3.ip_user_files/bd/LAB3_SYS/ip/LAB3_SYS_CRYPTO_0_1/ipshared/1ec9/xup_or2.srcs/sources_1/new/xup_or2.v" into library xil_defaultlib
INFO: [VRFC 10-311] analyzing module xup_or2
WARNING: [VRFC 10-3609] overwriting previous definition of module 'xup_or2' [C:/Users/Adam/Downloads/INF1500/INF1500_2034584_2081643_Lab3/lab3/lab3.ip_user_files/bd/LAB3_SYS/ip/LAB3_SYS_CRYPTO_0_1/ipshared/1ec9/xup_or2.srcs/sources_1/new/xup_or2.v:5]
INFO: [VRFC 10-2263] Analyzing Verilog file "C:/Users/Adam/Downloads/INF1500/INF1500_2034584_2081643_Lab3/lab3/lab3.ip_user_files/bd/LAB3_SYS/ip/LAB3_SYS_CRYPTO_0_1/src/CRYPTO_xup_or2_0_0/sim/CRYPTO_xup_or2_0_0.v" into library xil_defaultlib
INFO: [VRFC 10-311] analyzing module CRYPTO_xup_or2_0_0
WARNING: [VRFC 10-3609] overwriting previous definition of module 'CRYPTO_xup_or2_0_0' [C:/Users/Adam/Downloads/INF1500/INF1500_2034584_2081643_Lab3/lab3/lab3.ip_user_files/bd/LAB3_SYS/ip/LAB3_SYS_CRYPTO_0_1/src/CRYPTO_xup_or2_0_0/sim/CRYPTO_xup_or2_0_0.v:56]
INFO: [VRFC 10-2263] Analyzing Verilog file "C:/Users/Adam/Downloads/INF1500/INF1500_2034584_2081643_Lab3/lab3/lab3.ip_user_files/bd/LAB3_SYS/ip/LAB3_SYS_CRYPTO_0_1/ipshared/778c/xup_and2.srcs/sources_1/new/xup_and2.v" into library xil_defaultlib
INFO: [VRFC 10-311] analyzing module xup_and2
WARNING: [VRFC 10-3609] overwriting previous definition of module 'xup_and2' [C:/Users/Adam/Downloads/INF1500/INF1500_2034584_2081643_Lab3/lab3/lab3.ip_user_files/bd/LAB3_SYS/ip/LAB3_SYS_CRYPTO_0_1/ipshared/778c/xup_and2.srcs/sources_1/new/xup_and2.v:5]
INFO: [VRFC 10-2263] Analyzing Verilog file "C:/Users/Adam/Downloads/INF1500/INF1500_2034584_2081643_Lab3/lab3/lab3.ip_user_files/bd/LAB3_SYS/ip/LAB3_SYS_CRYPTO_0_1/src/CRYPTO_xup_and2_0_0/sim/CRYPTO_xup_and2_0_0.v" into library xil_defaultlib
INFO: [VRFC 10-311] analyzing module CRYPTO_xup_and2_0_0
WARNING: [VRFC 10-3609] overwriting previous definition of module 'CRYPTO_xup_and2_0_0' [C:/Users/Adam/Downloads/INF1500/INF1500_2034584_2081643_Lab3/lab3/lab3.ip_user_files/bd/LAB3_SYS/ip/LAB3_SYS_CRYPTO_0_1/src/CRYPTO_xup_and2_0_0/sim/CRYPTO_xup_and2_0_0.v:56]
INFO: [VRFC 10-2263] Analyzing Verilog file "C:/Users/Adam/Downloads/INF1500/INF1500_2034584_2081643_Lab3/lab3/lab3.ip_user_files/bd/LAB3_SYS/ip/LAB3_SYS_CRYPTO_0_1/ipshared/b79c/xup_and3.srcs/sources_1/new/xup_and3.v" into library xil_defaultlib
INFO: [VRFC 10-311] analyzing module xup_and3
WARNING: [VRFC 10-3609] overwriting previous definition of module 'xup_and3' [C:/Users/Adam/Downloads/INF1500/INF1500_2034584_2081643_Lab3/lab3/lab3.ip_user_files/bd/LAB3_SYS/ip/LAB3_SYS_CRYPTO_0_1/ipshared/b79c/xup_and3.srcs/sources_1/new/xup_and3.v:5]
INFO: [VRFC 10-2263] Analyzing Verilog file "C:/Users/Adam/Downloads/INF1500/INF1500_2034584_2081643_Lab3/lab3/lab3.ip_user_files/bd/LAB3_SYS/ip/LAB3_SYS_CRYPTO_0_1/src/CRYPTO_xup_and3_0_0/sim/CRYPTO_xup_and3_0_0.v" into library xil_defaultlib
INFO: [VRFC 10-311] analyzing module CRYPTO_xup_and3_0_0
WARNING: [VRFC 10-3609] overwriting previous definition of module 'CRYPTO_xup_and3_0_0' [C:/Users/Adam/Downloads/INF1500/INF1500_2034584_2081643_Lab3/lab3/lab3.ip_user_files/bd/LAB3_SYS/ip/LAB3_SYS_CRYPTO_0_1/src/CRYPTO_xup_and3_0_0/sim/CRYPTO_xup_and3_0_0.v:56]
INFO: [VRFC 10-2263] Analyzing Verilog file "C:/Users/Adam/Downloads/INF1500/INF1500_2034584_2081643_Lab3/lab3/lab3.ip_user_files/bd/LAB3_SYS/ip/LAB3_SYS_CRYPTO_0_1/ipshared/e3e7/xup_inv.srcs/sources_1/new/xup_inv.v" into library xil_defaultlib
INFO: [VRFC 10-311] analyzing module xup_inv
WARNING: [VRFC 10-3609] overwriting previous definition of module 'xup_inv' [C:/Users/Adam/Downloads/INF1500/INF1500_2034584_2081643_Lab3/lab3/lab3.ip_user_files/bd/LAB3_SYS/ip/LAB3_SYS_CRYPTO_0_1/ipshared/e3e7/xup_inv.srcs/sources_1/new/xup_inv.v:5]
INFO: [VRFC 10-2263] Analyzing Verilog file "C:/Users/Adam/Downloads/INF1500/INF1500_2034584_2081643_Lab3/lab3/lab3.ip_user_files/bd/LAB3_SYS/ip/LAB3_SYS_CRYPTO_0_1/src/CRYPTO_xup_inv_0_0/sim/CRYPTO_xup_inv_0_0.v" into library xil_defaultlib
INFO: [VRFC 10-311] analyzing module CRYPTO_xup_inv_0_0
INFO: [VRFC 10-2263] Analyzing Verilog file "C:/Users/Adam/Downloads/INF1500/INF1500_2034584_2081643_Lab3/lab3/lab3.ip_user_files/bd/LAB3_SYS/ip/LAB3_SYS_CRYPTO_0_1/src/CRYPTO_xup_inv_1_0/sim/CRYPTO_xup_inv_1_0.v" into library xil_defaultlib
INFO: [VRFC 10-311] analyzing module CRYPTO_xup_inv_1_0
INFO: [VRFC 10-2263] Analyzing Verilog file "C:/Users/Adam/Downloads/INF1500/INF1500_2034584_2081643_Lab3/lab3/lab3.ip_user_files/bd/LAB3_SYS/ip/LAB3_SYS_CRYPTO_0_1/src/CRYPTO_xup_inv_2_0/sim/CRYPTO_xup_inv_2_0.v" into library xil_defaultlib
INFO: [VRFC 10-311] analyzing module CRYPTO_xup_inv_2_0
INFO: [VRFC 10-2263] Analyzing Verilog file "C:/Users/Adam/Downloads/INF1500/INF1500_2034584_2081643_Lab3/lab3/lab3.ip_user_files/bd/LAB3_SYS/ip/LAB3_SYS_CRYPTO_0_1/src/CRYPTO_xup_inv_3_0/sim/CRYPTO_xup_inv_3_0.v" into library xil_defaultlib
INFO: [VRFC 10-311] analyzing module CRYPTO_xup_inv_3_0
INFO: [VRFC 10-2263] Analyzing Verilog file "C:/Users/Adam/Downloads/INF1500/INF1500_2034584_2081643_Lab3/lab3/lab3.ip_user_files/bd/LAB3_SYS/ip/LAB3_SYS_CRYPTO_0_1/ipshared/77ea/xup_and4.srcs/sources_1/new/xup_and4.v" into library xil_defaultlib
INFO: [VRFC 10-311] analyzing module xup_and4
WARNING: [VRFC 10-3609] overwriting previous definition of module 'xup_and4' [C:/Users/Adam/Downloads/INF1500/INF1500_2034584_2081643_Lab3/lab3/lab3.ip_user_files/bd/LAB3_SYS/ip/LAB3_SYS_CRYPTO_0_1/ipshared/77ea/xup_and4.srcs/sources_1/new/xup_and4.v:5]
INFO: [VRFC 10-2263] Analyzing Verilog file "C:/Users/Adam/Downloads/INF1500/INF1500_2034584_2081643_Lab3/lab3/lab3.ip_user_files/bd/LAB3_SYS/ip/LAB3_SYS_CRYPTO_0_1/src/CRYPTO_xup_and4_3_0/sim/CRYPTO_xup_and4_3_0.v" into library xil_defaultlib
INFO: [VRFC 10-311] analyzing module CRYPTO_xup_and4_3_0
WARNING: [VRFC 10-3609] overwriting previous definition of module 'CRYPTO_xup_and4_3_0' [C:/Users/Adam/Downloads/INF1500/INF1500_2034584_2081643_Lab3/lab3/lab3.ip_user_files/bd/LAB3_SYS/ip/LAB3_SYS_CRYPTO_0_1/src/CRYPTO_xup_and4_3_0/sim/CRYPTO_xup_and4_3_0.v:56]
INFO: [VRFC 10-2263] Analyzing Verilog file "C:/Users/Adam/Downloads/INF1500/INF1500_2034584_2081643_Lab3/lab3/lab3.ip_user_files/bd/LAB3_SYS/ip/LAB3_SYS_CRYPTO_0_1/src/CRYPTO_xup_and2_1_0/sim/CRYPTO_xup_and2_1_0.v" into library xil_defaultlib
INFO: [VRFC 10-311] analyzing module CRYPTO_xup_and2_1_0
WARNING: [VRFC 10-3609] overwriting previous definition of module 'CRYPTO_xup_and2_1_0' [C:/Users/Adam/Downloads/INF1500/INF1500_2034584_2081643_Lab3/lab3/lab3.ip_user_files/bd/LAB3_SYS/ip/LAB3_SYS_CRYPTO_0_1/src/CRYPTO_xup_and2_1_0/sim/CRYPTO_xup_and2_1_0.v:56]
INFO: [VRFC 10-2263] Analyzing Verilog file "C:/Users/Adam/Downloads/INF1500/INF1500_2034584_2081643_Lab3/lab3/lab3.ip_user_files/bd/LAB3_SYS/ip/LAB3_SYS_CRYPTO_0_1/src/CRYPTO_xup_or2_2_0/sim/CRYPTO_xup_or2_2_0.v" into library xil_defaultlib
INFO: [VRFC 10-311] analyzing module CRYPTO_xup_or2_2_0
WARNING: [VRFC 10-3609] overwriting previous definition of module 'CRYPTO_xup_or2_2_0' [C:/Users/Adam/Downloads/INF1500/INF1500_2034584_2081643_Lab3/lab3/lab3.ip_user_files/bd/LAB3_SYS/ip/LAB3_SYS_CRYPTO_0_1/src/CRYPTO_xup_or2_2_0/sim/CRYPTO_xup_or2_2_0.v:56]
INFO: [VRFC 10-2263] Analyzing Verilog file "C:/Users/Adam/Downloads/INF1500/INF1500_2034584_2081643_Lab3/lab3/lab3.ip_user_files/bd/LAB3_SYS/ip/LAB3_SYS_CRYPTO_0_1/src/CRYPTO_xup_and4_8_0/sim/CRYPTO_xup_and4_8_0.v" into library xil_defaultlib
INFO: [VRFC 10-311] analyzing module CRYPTO_xup_and4_8_0
WARNING: [VRFC 10-3609] overwriting previous definition of module 'CRYPTO_xup_and4_8_0' [C:/Users/Adam/Downloads/INF1500/INF1500_2034584_2081643_Lab3/lab3/lab3.ip_user_files/bd/LAB3_SYS/ip/LAB3_SYS_CRYPTO_0_1/src/CRYPTO_xup_and4_8_0/sim/CRYPTO_xup_and4_8_0.v:56]
INFO: [VRFC 10-2263] Analyzing Verilog file "C:/Users/Adam/Downloads/INF1500/INF1500_2034584_2081643_Lab3/lab3/lab3.ip_user_files/bd/LAB3_SYS/ip/LAB3_SYS_CRYPTO_0_1/ipshared/ded9/xup_or3.srcs/sources_1/new/xup_or3.v" into library xil_defaultlib
INFO: [VRFC 10-311] analyzing module xup_or3
WARNING: [VRFC 10-3609] overwriting previous definition of module 'xup_or3' [C:/Users/Adam/Downloads/INF1500/INF1500_2034584_2081643_Lab3/lab3/lab3.ip_user_files/bd/LAB3_SYS/ip/LAB3_SYS_CRYPTO_0_1/ipshared/ded9/xup_or3.srcs/sources_1/new/xup_or3.v:5]
INFO: [VRFC 10-2263] Analyzing Verilog file "C:/Users/Adam/Downloads/INF1500/INF1500_2034584_2081643_Lab3/lab3/lab3.ip_user_files/bd/LAB3_SYS/ip/LAB3_SYS_CRYPTO_0_1/src/CRYPTO_xup_or3_0_0/sim/CRYPTO_xup_or3_0_0.v" into library xil_defaultlib
INFO: [VRFC 10-311] analyzing module CRYPTO_xup_or3_0_0
WARNING: [VRFC 10-3609] overwriting previous definition of module 'CRYPTO_xup_or3_0_0' [C:/Users/Adam/Downloads/INF1500/INF1500_2034584_2081643_Lab3/lab3/lab3.ip_user_files/bd/LAB3_SYS/ip/LAB3_SYS_CRYPTO_0_1/src/CRYPTO_xup_or3_0_0/sim/CRYPTO_xup_or3_0_0.v:56]
INFO: [VRFC 10-2263] Analyzing Verilog file "C:/Users/Adam/Downloads/INF1500/INF1500_2034584_2081643_Lab3/lab3/lab3.ip_user_files/bd/LAB3_SYS/ip/LAB3_SYS_CRYPTO_0_1/src/CRYPTO_xup_or3_1_0/sim/CRYPTO_xup_or3_1_0.v" into library xil_defaultlib
INFO: [VRFC 10-311] analyzing module CRYPTO_xup_or3_1_0
WARNING: [VRFC 10-3609] overwriting previous definition of module 'CRYPTO_xup_or3_1_0' [C:/Users/Adam/Downloads/INF1500/INF1500_2034584_2081643_Lab3/lab3/lab3.ip_user_files/bd/LAB3_SYS/ip/LAB3_SYS_CRYPTO_0_1/src/CRYPTO_xup_or3_1_0/sim/CRYPTO_xup_or3_1_0.v:56]
INFO: [VRFC 10-2263] Analyzing Verilog file "C:/Users/Adam/Downloads/INF1500/INF1500_2034584_2081643_Lab3/lab3/lab3.ip_user_files/bd/LAB3_SYS/ip/LAB3_SYS_CRYPTO_0_1/src/CRYPTO_xup_or3_2_0/sim/CRYPTO_xup_or3_2_0.v" into library xil_defaultlib
INFO: [VRFC 10-311] analyzing module CRYPTO_xup_or3_2_0
WARNING: [VRFC 10-3609] overwriting previous definition of module 'CRYPTO_xup_or3_2_0' [C:/Users/Adam/Downloads/INF1500/INF1500_2034584_2081643_Lab3/lab3/lab3.ip_user_files/bd/LAB3_SYS/ip/LAB3_SYS_CRYPTO_0_1/src/CRYPTO_xup_or3_2_0/sim/CRYPTO_xup_or3_2_0.v:56]
INFO: [VRFC 10-2263] Analyzing Verilog file "C:/Users/Adam/Downloads/INF1500/INF1500_2034584_2081643_Lab3/lab3/lab3.ip_user_files/bd/LAB3_SYS/ip/LAB3_SYS_CRYPTO_0_1/src/CRYPTO_xup_or3_3_0/sim/CRYPTO_xup_or3_3_0.v" into library xil_defaultlib
INFO: [VRFC 10-311] analyzing module CRYPTO_xup_or3_3_0
WARNING: [VRFC 10-3609] overwriting previous definition of module 'CRYPTO_xup_or3_3_0' [C:/Users/Adam/Downloads/INF1500/INF1500_2034584_2081643_Lab3/lab3/lab3.ip_user_files/bd/LAB3_SYS/ip/LAB3_SYS_CRYPTO_0_1/src/CRYPTO_xup_or3_3_0/sim/CRYPTO_xup_or3_3_0.v:56]
INFO: [VRFC 10-2263] Analyzing Verilog file "C:/Users/Adam/Downloads/INF1500/INF1500_2034584_2081643_Lab3/lab3/lab3.ip_user_files/bd/LAB3_SYS/ip/LAB3_SYS_CRYPTO_0_1/ipshared/7bd1/xup_xor2.srcs/sources_1/new/xup_xor2.v" into library xil_defaultlib
INFO: [VRFC 10-311] analyzing module xup_xor2
WARNING: [VRFC 10-3609] overwriting previous definition of module 'xup_xor2' [C:/Users/Adam/Downloads/INF1500/INF1500_2034584_2081643_Lab3/lab3/lab3.ip_user_files/bd/LAB3_SYS/ip/LAB3_SYS_CRYPTO_0_1/ipshared/7bd1/xup_xor2.srcs/sources_1/new/xup_xor2.v:5]
INFO: [VRFC 10-2263] Analyzing Verilog file "C:/Users/Adam/Downloads/INF1500/INF1500_2034584_2081643_Lab3/lab3/lab3.ip_user_files/bd/LAB3_SYS/ip/LAB3_SYS_CRYPTO_0_1/src/CRYPTO_xup_xor2_0_0/sim/CRYPTO_xup_xor2_0_0.v" into library xil_defaultlib
INFO: [VRFC 10-311] analyzing module CRYPTO_xup_xor2_0_0
WARNING: [VRFC 10-3609] overwriting previous definition of module 'CRYPTO_xup_xor2_0_0' [C:/Users/Adam/Downloads/INF1500/INF1500_2034584_2081643_Lab3/lab3/lab3.ip_user_files/bd/LAB3_SYS/ip/LAB3_SYS_CRYPTO_0_1/src/CRYPTO_xup_xor2_0_0/sim/CRYPTO_xup_xor2_0_0.v:56]
INFO: [VRFC 10-2263] Analyzing Verilog file "C:/Users/Adam/Downloads/INF1500/INF1500_2034584_2081643_Lab3/lab3/lab3.ip_user_files/bd/LAB3_SYS/ip/LAB3_SYS_CRYPTO_0_1/src/CRYPTO_xup_xor2_1_0/sim/CRYPTO_xup_xor2_1_0.v" into library xil_defaultlib
INFO: [VRFC 10-311] analyzing module CRYPTO_xup_xor2_1_0
WARNING: [VRFC 10-3609] overwriting previous definition of module 'CRYPTO_xup_xor2_1_0' [C:/Users/Adam/Downloads/INF1500/INF1500_2034584_2081643_Lab3/lab3/lab3.ip_user_files/bd/LAB3_SYS/ip/LAB3_SYS_CRYPTO_0_1/src/CRYPTO_xup_xor2_1_0/sim/CRYPTO_xup_xor2_1_0.v:56]
INFO: [VRFC 10-2263] Analyzing Verilog file "C:/Users/Adam/Downloads/INF1500/INF1500_2034584_2081643_Lab3/lab3/lab3.ip_user_files/bd/LAB3_SYS/ip/LAB3_SYS_CRYPTO_0_1/ipshared/fb55/xup_xnor2.srcs/sources_1/new/xup_xnor2.v" into library xil_defaultlib
INFO: [VRFC 10-311] analyzing module xup_xnor2
WARNING: [VRFC 10-3609] overwriting previous definition of module 'xup_xnor2' [C:/Users/Adam/Downloads/INF1500/INF1500_2034584_2081643_Lab3/lab3/lab3.ip_user_files/bd/LAB3_SYS/ip/LAB3_SYS_CRYPTO_0_1/ipshared/fb55/xup_xnor2.srcs/sources_1/new/xup_xnor2.v:5]
INFO: [VRFC 10-2263] Analyzing Verilog file "C:/Users/Adam/Downloads/INF1500/INF1500_2034584_2081643_Lab3/lab3/lab3.ip_user_files/bd/LAB3_SYS/ip/LAB3_SYS_CRYPTO_0_1/src/CRYPTO_xup_xnor2_0_0/sim/CRYPTO_xup_xnor2_0_0.v" into library xil_defaultlib
INFO: [VRFC 10-311] analyzing module CRYPTO_xup_xnor2_0_0
WARNING: [VRFC 10-3609] overwriting previous definition of module 'CRYPTO_xup_xnor2_0_0' [C:/Users/Adam/Downloads/INF1500/INF1500_2034584_2081643_Lab3/lab3/lab3.ip_user_files/bd/LAB3_SYS/ip/LAB3_SYS_CRYPTO_0_1/src/CRYPTO_xup_xnor2_0_0/sim/CRYPTO_xup_xnor2_0_0.v:56]
INFO: [VRFC 10-2263] Analyzing Verilog file "C:/Users/Adam/Downloads/INF1500/INF1500_2034584_2081643_Lab3/lab3/lab3.ip_user_files/bd/LAB3_SYS/ip/LAB3_SYS_CRYPTO_0_1/src/CRYPTO_xup_xnor2_1_0/sim/CRYPTO_xup_xnor2_1_0.v" into library xil_defaultlib
INFO: [VRFC 10-311] analyzing module CRYPTO_xup_xnor2_1_0
WARNING: [VRFC 10-3609] overwriting previous definition of module 'CRYPTO_xup_xnor2_1_0' [C:/Users/Adam/Downloads/INF1500/INF1500_2034584_2081643_Lab3/lab3/lab3.ip_user_files/bd/LAB3_SYS/ip/LAB3_SYS_CRYPTO_0_1/src/CRYPTO_xup_xnor2_1_0/sim/CRYPTO_xup_xnor2_1_0.v:56]
INFO: [VRFC 10-2263] Analyzing Verilog file "C:/Users/Adam/Downloads/INF1500/INF1500_2034584_2081643_Lab3/lab3/lab3.ip_user_files/bd/LAB3_SYS/ip/LAB3_SYS_CRYPTO_0_1/src/CRYPTO_xup_or2_1_0/sim/CRYPTO_xup_or2_1_0.v" into library xil_defaultlib
INFO: [VRFC 10-311] analyzing module CRYPTO_xup_or2_1_0
WARNING: [VRFC 10-3609] overwriting previous definition of module 'CRYPTO_xup_or2_1_0' [C:/Users/Adam/Downloads/INF1500/INF1500_2034584_2081643_Lab3/lab3/lab3.ip_user_files/bd/LAB3_SYS/ip/LAB3_SYS_CRYPTO_0_1/src/CRYPTO_xup_or2_1_0/sim/CRYPTO_xup_or2_1_0.v:56]
INFO: [VRFC 10-2263] Analyzing Verilog file "C:/Users/Adam/Downloads/INF1500/INF1500_2034584_2081643_Lab3/lab3/lab3.ip_user_files/bd/LAB3_SYS/ip/LAB3_SYS_CRYPTO_0_1/src/CRYPTO_xup_and2_2_0/sim/CRYPTO_xup_and2_2_0.v" into library xil_defaultlib
INFO: [VRFC 10-311] analyzing module CRYPTO_xup_and2_2_0
WARNING: [VRFC 10-3609] overwriting previous definition of module 'CRYPTO_xup_and2_2_0' [C:/Users/Adam/Downloads/INF1500/INF1500_2034584_2081643_Lab3/lab3/lab3.ip_user_files/bd/LAB3_SYS/ip/LAB3_SYS_CRYPTO_0_1/src/CRYPTO_xup_and2_2_0/sim/CRYPTO_xup_and2_2_0.v:56]
INFO: [VRFC 10-2263] Analyzing Verilog file "C:/Users/Adam/Downloads/INF1500/INF1500_2034584_2081643_Lab3/lab3/lab3.ip_user_files/bd/LAB3_SYS/ip/LAB3_SYS_CRYPTO_0_1/src/CRYPTO_xup_and2_3_0/sim/CRYPTO_xup_and2_3_0.v" into library xil_defaultlib
INFO: [VRFC 10-311] analyzing module CRYPTO_xup_and2_3_0
WARNING: [VRFC 10-3609] overwriting previous definition of module 'CRYPTO_xup_and2_3_0' [C:/Users/Adam/Downloads/INF1500/INF1500_2034584_2081643_Lab3/lab3/lab3.ip_user_files/bd/LAB3_SYS/ip/LAB3_SYS_CRYPTO_0_1/src/CRYPTO_xup_and2_3_0/sim/CRYPTO_xup_and2_3_0.v:56]
INFO: [VRFC 10-2263] Analyzing Verilog file "C:/Users/Adam/Downloads/INF1500/INF1500_2034584_2081643_Lab3/lab3/lab3.ip_user_files/bd/LAB3_SYS/ip/LAB3_SYS_MUX3_1_0_1/src/MUX3_1_xlconcat_0_0/sim/MUX3_1_xlconcat_0_0.v" into library xil_defaultlib
INFO: [VRFC 10-311] analyzing module MUX3_1_xlconcat_0_0
WARNING: [VRFC 10-3609] overwriting previous definition of module 'MUX3_1_xlconcat_0_0' [C:/Users/Adam/Downloads/INF1500/INF1500_2034584_2081643_Lab3/lab3/lab3.ip_user_files/bd/LAB3_SYS/ip/LAB3_SYS_MUX3_1_0_1/src/MUX3_1_xlconcat_0_0/sim/MUX3_1_xlconcat_0_0.v:56]
INFO: [VRFC 10-2263] Analyzing Verilog file "C:/Users/Adam/Downloads/INF1500/INF1500_2034584_2081643_Lab3/lab3/lab3.ip_user_files/bd/LAB3_SYS/ip/LAB3_SYS_MUX3_1_0_1/src/MUX3_1_MUX_INDEX_1_0/ipshared/e3e7/xup_inv.srcs/sources_1/new/xup_inv.v" into library xil_defaultlib
INFO: [VRFC 10-311] analyzing module xup_inv
WARNING: [VRFC 10-3609] overwriting previous definition of module 'xup_inv' [C:/Users/Adam/Downloads/INF1500/INF1500_2034584_2081643_Lab3/lab3/lab3.ip_user_files/bd/LAB3_SYS/ip/LAB3_SYS_MUX3_1_0_1/src/MUX3_1_MUX_INDEX_1_0/ipshared/e3e7/xup_inv.srcs/sources_1/new/xup_inv.v:5]
INFO: [VRFC 10-2263] Analyzing Verilog file "C:/Users/Adam/Downloads/INF1500/INF1500_2034584_2081643_Lab3/lab3/lab3.ip_user_files/bd/LAB3_SYS/ip/LAB3_SYS_MUX3_1_0_1/src/MUX3_1_MUX_INDEX_1_0/src/MUX_INDEX_xup_inv_0_0/sim/MUX_INDEX_xup_inv_0_0.v" into library xil_defaultlib
INFO: [VRFC 10-311] analyzing module MUX_INDEX_xup_inv_0_0
WARNING: [VRFC 10-3609] overwriting previous definition of module 'MUX_INDEX_xup_inv_0_0' [C:/Users/Adam/Downloads/INF1500/INF1500_2034584_2081643_Lab3/lab3/lab3.ip_user_files/bd/LAB3_SYS/ip/LAB3_SYS_MUX3_1_0_1/src/MUX3_1_MUX_INDEX_1_0/src/MUX_INDEX_xup_inv_0_0/sim/MUX_INDEX_xup_inv_0_0.v:56]
INFO: [VRFC 10-2263] Analyzing Verilog file "C:/Users/Adam/Downloads/INF1500/INF1500_2034584_2081643_Lab3/lab3/lab3.ip_user_files/bd/LAB3_SYS/ip/LAB3_SYS_MUX3_1_0_1/src/MUX3_1_MUX_INDEX_1_0/src/MUX_INDEX_xup_inv_1_0/sim/MUX_INDEX_xup_inv_1_0.v" into library xil_defaultlib
INFO: [VRFC 10-311] analyzing module MUX_INDEX_xup_inv_1_0
WARNING: [VRFC 10-3609] overwriting previous definition of module 'MUX_INDEX_xup_inv_1_0' [C:/Users/Adam/Downloads/INF1500/INF1500_2034584_2081643_Lab3/lab3/lab3.ip_user_files/bd/LAB3_SYS/ip/LAB3_SYS_MUX3_1_0_1/src/MUX3_1_MUX_INDEX_1_0/src/MUX_INDEX_xup_inv_1_0/sim/MUX_INDEX_xup_inv_1_0.v:56]
INFO: [VRFC 10-2263] Analyzing Verilog file "C:/Users/Adam/Downloads/INF1500/INF1500_2034584_2081643_Lab3/lab3/lab3.ip_user_files/bd/LAB3_SYS/ip/LAB3_SYS_MUX3_1_0_1/src/MUX3_1_MUX_INDEX_1_0/ipshared/b79c/xup_and3.srcs/sources_1/new/xup_and3.v" into library xil_defaultlib
INFO: [VRFC 10-311] analyzing module xup_and3
WARNING: [VRFC 10-3609] overwriting previous definition of module 'xup_and3' [C:/Users/Adam/Downloads/INF1500/INF1500_2034584_2081643_Lab3/lab3/lab3.ip_user_files/bd/LAB3_SYS/ip/LAB3_SYS_MUX3_1_0_1/src/MUX3_1_MUX_INDEX_1_0/ipshared/b79c/xup_and3.srcs/sources_1/new/xup_and3.v:5]
INFO: [VRFC 10-2263] Analyzing Verilog file "C:/Users/Adam/Downloads/INF1500/INF1500_2034584_2081643_Lab3/lab3/lab3.ip_user_files/bd/LAB3_SYS/ip/LAB3_SYS_MUX3_1_0_1/src/MUX3_1_MUX_INDEX_1_0/src/MUX_INDEX_xup_and3_0_0/sim/MUX_INDEX_xup_and3_0_0.v" into library xil_defaultlib
INFO: [VRFC 10-311] analyzing module MUX_INDEX_xup_and3_0_0
WARNING: [VRFC 10-3609] overwriting previous definition of module 'MUX_INDEX_xup_and3_0_0' [C:/Users/Adam/Downloads/INF1500/INF1500_2034584_2081643_Lab3/lab3/lab3.ip_user_files/bd/LAB3_SYS/ip/LAB3_SYS_MUX3_1_0_1/src/MUX3_1_MUX_INDEX_1_0/src/MUX_INDEX_xup_and3_0_0/sim/MUX_INDEX_xup_and3_0_0.v:56]
INFO: [VRFC 10-2263] Analyzing Verilog file "C:/Users/Adam/Downloads/INF1500/INF1500_2034584_2081643_Lab3/lab3/lab3.ip_user_files/bd/LAB3_SYS/ip/LAB3_SYS_MUX3_1_0_1/src/MUX3_1_MUX_INDEX_1_0/src/MUX_INDEX_xup_and3_1_0/sim/MUX_INDEX_xup_and3_1_0.v" into library xil_defaultlib
INFO: [VRFC 10-311] analyzing module MUX_INDEX_xup_and3_1_0
WARNING: [VRFC 10-3609] overwriting previous definition of module 'MUX_INDEX_xup_and3_1_0' [C:/Users/Adam/Downloads/INF1500/INF1500_2034584_2081643_Lab3/lab3/lab3.ip_user_files/bd/LAB3_SYS/ip/LAB3_SYS_MUX3_1_0_1/src/MUX3_1_MUX_INDEX_1_0/src/MUX_INDEX_xup_and3_1_0/sim/MUX_INDEX_xup_and3_1_0.v:56]
INFO: [VRFC 10-2263] Analyzing Verilog file "C:/Users/Adam/Downloads/INF1500/INF1500_2034584_2081643_Lab3/lab3/lab3.ip_user_files/bd/LAB3_SYS/ip/LAB3_SYS_MUX3_1_0_1/src/MUX3_1_MUX_INDEX_1_0/src/MUX_INDEX_xup_and3_2_0/sim/MUX_INDEX_xup_and3_2_0.v" into library xil_defaultlib
INFO: [VRFC 10-311] analyzing module MUX_INDEX_xup_and3_2_0
WARNING: [VRFC 10-3609] overwriting previous definition of module 'MUX_INDEX_xup_and3_2_0' [C:/Users/Adam/Downloads/INF1500/INF1500_2034584_2081643_Lab3/lab3/lab3.ip_user_files/bd/LAB3_SYS/ip/LAB3_SYS_MUX3_1_0_1/src/MUX3_1_MUX_INDEX_1_0/src/MUX_INDEX_xup_and3_2_0/sim/MUX_INDEX_xup_and3_2_0.v:56]
INFO: [VRFC 10-2263] Analyzing Verilog file "C:/Users/Adam/Downloads/INF1500/INF1500_2034584_2081643_Lab3/lab3/lab3.ip_user_files/bd/LAB3_SYS/ip/LAB3_SYS_MUX3_1_0_1/src/MUX3_1_MUX_INDEX_1_0/ipshared/ded9/xup_or3.srcs/sources_1/new/xup_or3.v" into library xil_defaultlib
INFO: [VRFC 10-311] analyzing module xup_or3
WARNING: [VRFC 10-3609] overwriting previous definition of module 'xup_or3' [C:/Users/Adam/Downloads/INF1500/INF1500_2034584_2081643_Lab3/lab3/lab3.ip_user_files/bd/LAB3_SYS/ip/LAB3_SYS_MUX3_1_0_1/src/MUX3_1_MUX_INDEX_1_0/ipshared/ded9/xup_or3.srcs/sources_1/new/xup_or3.v:5]
INFO: [VRFC 10-2263] Analyzing Verilog file "C:/Users/Adam/Downloads/INF1500/INF1500_2034584_2081643_Lab3/lab3/lab3.ip_user_files/bd/LAB3_SYS/ip/LAB3_SYS_MUX3_1_0_1/src/MUX3_1_MUX_INDEX_1_0/src/MUX_INDEX_xup_or3_0_0/sim/MUX_INDEX_xup_or3_0_0.v" into library xil_defaultlib
INFO: [VRFC 10-311] analyzing module MUX_INDEX_xup_or3_0_0
WARNING: [VRFC 10-3609] overwriting previous definition of module 'MUX_INDEX_xup_or3_0_0' [C:/Users/Adam/Downloads/INF1500/INF1500_2034584_2081643_Lab3/lab3/lab3.ip_user_files/bd/LAB3_SYS/ip/LAB3_SYS_MUX3_1_0_1/src/MUX3_1_MUX_INDEX_1_0/src/MUX_INDEX_xup_or3_0_0/sim/MUX_INDEX_xup_or3_0_0.v:56]
INFO: [VRFC 10-2263] Analyzing Verilog file "C:/Users/Adam/Downloads/INF1500/INF1500_2034584_2081643_Lab3/lab3/lab3.ip_user_files/bd/LAB3_SYS/ip/LAB3_SYS_MUX3_1_0_1/src/MUX3_1_MUX_INDEX_2_0/ipshared/e3e7/xup_inv.srcs/sources_1/new/xup_inv.v" into library xil_defaultlib
INFO: [VRFC 10-311] analyzing module xup_inv
WARNING: [VRFC 10-3609] overwriting previous definition of module 'xup_inv' [C:/Users/Adam/Downloads/INF1500/INF1500_2034584_2081643_Lab3/lab3/lab3.ip_user_files/bd/LAB3_SYS/ip/LAB3_SYS_MUX3_1_0_1/src/MUX3_1_MUX_INDEX_2_0/ipshared/e3e7/xup_inv.srcs/sources_1/new/xup_inv.v:5]
INFO: [VRFC 10-2263] Analyzing Verilog file "C:/Users/Adam/Downloads/INF1500/INF1500_2034584_2081643_Lab3/lab3/lab3.ip_user_files/bd/LAB3_SYS/ip/LAB3_SYS_MUX3_1_0_1/src/MUX3_1_MUX_INDEX_2_0/src/MUX_INDEX_xup_inv_0_0/sim/MUX_INDEX_xup_inv_0_0.v" into library xil_defaultlib
INFO: [VRFC 10-311] analyzing module MUX_INDEX_xup_inv_0_0
WARNING: [VRFC 10-3609] overwriting previous definition of module 'MUX_INDEX_xup_inv_0_0' [C:/Users/Adam/Downloads/INF1500/INF1500_2034584_2081643_Lab3/lab3/lab3.ip_user_files/bd/LAB3_SYS/ip/LAB3_SYS_MUX3_1_0_1/src/MUX3_1_MUX_INDEX_2_0/src/MUX_INDEX_xup_inv_0_0/sim/MUX_INDEX_xup_inv_0_0.v:56]
INFO: [VRFC 10-2263] Analyzing Verilog file "C:/Users/Adam/Downloads/INF1500/INF1500_2034584_2081643_Lab3/lab3/lab3.ip_user_files/bd/LAB3_SYS/ip/LAB3_SYS_MUX3_1_0_1/src/MUX3_1_MUX_INDEX_2_0/src/MUX_INDEX_xup_inv_1_0/sim/MUX_INDEX_xup_inv_1_0.v" into library xil_defaultlib
INFO: [VRFC 10-311] analyzing module MUX_INDEX_xup_inv_1_0
WARNING: [VRFC 10-3609] overwriting previous definition of module 'MUX_INDEX_xup_inv_1_0' [C:/Users/Adam/Downloads/INF1500/INF1500_2034584_2081643_Lab3/lab3/lab3.ip_user_files/bd/LAB3_SYS/ip/LAB3_SYS_MUX3_1_0_1/src/MUX3_1_MUX_INDEX_2_0/src/MUX_INDEX_xup_inv_1_0/sim/MUX_INDEX_xup_inv_1_0.v:56]
INFO: [VRFC 10-2263] Analyzing Verilog file "C:/Users/Adam/Downloads/INF1500/INF1500_2034584_2081643_Lab3/lab3/lab3.ip_user_files/bd/LAB3_SYS/ip/LAB3_SYS_MUX3_1_0_1/src/MUX3_1_MUX_INDEX_2_0/ipshared/b79c/xup_and3.srcs/sources_1/new/xup_and3.v" into library xil_defaultlib
INFO: [VRFC 10-311] analyzing module xup_and3
WARNING: [VRFC 10-3609] overwriting previous definition of module 'xup_and3' [C:/Users/Adam/Downloads/INF1500/INF1500_2034584_2081643_Lab3/lab3/lab3.ip_user_files/bd/LAB3_SYS/ip/LAB3_SYS_MUX3_1_0_1/src/MUX3_1_MUX_INDEX_2_0/ipshared/b79c/xup_and3.srcs/sources_1/new/xup_and3.v:5]
INFO: [VRFC 10-2263] Analyzing Verilog file "C:/Users/Adam/Downloads/INF1500/INF1500_2034584_2081643_Lab3/lab3/lab3.ip_user_files/bd/LAB3_SYS/ip/LAB3_SYS_MUX3_1_0_1/src/MUX3_1_MUX_INDEX_2_0/src/MUX_INDEX_xup_and3_0_0/sim/MUX_INDEX_xup_and3_0_0.v" into library xil_defaultlib
INFO: [VRFC 10-311] analyzing module MUX_INDEX_xup_and3_0_0
WARNING: [VRFC 10-3609] overwriting previous definition of module 'MUX_INDEX_xup_and3_0_0' [C:/Users/Adam/Downloads/INF1500/INF1500_2034584_2081643_Lab3/lab3/lab3.ip_user_files/bd/LAB3_SYS/ip/LAB3_SYS_MUX3_1_0_1/src/MUX3_1_MUX_INDEX_2_0/src/MUX_INDEX_xup_and3_0_0/sim/MUX_INDEX_xup_and3_0_0.v:56]
INFO: [VRFC 10-2263] Analyzing Verilog file "C:/Users/Adam/Downloads/INF1500/INF1500_2034584_2081643_Lab3/lab3/lab3.ip_user_files/bd/LAB3_SYS/ip/LAB3_SYS_MUX3_1_0_1/src/MUX3_1_MUX_INDEX_2_0/src/MUX_INDEX_xup_and3_1_0/sim/MUX_INDEX_xup_and3_1_0.v" into library xil_defaultlib
INFO: [VRFC 10-311] analyzing module MUX_INDEX_xup_and3_1_0
WARNING: [VRFC 10-3609] overwriting previous definition of module 'MUX_INDEX_xup_and3_1_0' [C:/Users/Adam/Downloads/INF1500/INF1500_2034584_2081643_Lab3/lab3/lab3.ip_user_files/bd/LAB3_SYS/ip/LAB3_SYS_MUX3_1_0_1/src/MUX3_1_MUX_INDEX_2_0/src/MUX_INDEX_xup_and3_1_0/sim/MUX_INDEX_xup_and3_1_0.v:56]
INFO: [VRFC 10-2263] Analyzing Verilog file "C:/Users/Adam/Downloads/INF1500/INF1500_2034584_2081643_Lab3/lab3/lab3.ip_user_files/bd/LAB3_SYS/ip/LAB3_SYS_MUX3_1_0_1/src/MUX3_1_MUX_INDEX_2_0/src/MUX_INDEX_xup_and3_2_0/sim/MUX_INDEX_xup_and3_2_0.v" into library xil_defaultlib
INFO: [VRFC 10-311] analyzing module MUX_INDEX_xup_and3_2_0
WARNING: [VRFC 10-3609] overwriting previous definition of module 'MUX_INDEX_xup_and3_2_0' [C:/Users/Adam/Downloads/INF1500/INF1500_2034584_2081643_Lab3/lab3/lab3.ip_user_files/bd/LAB3_SYS/ip/LAB3_SYS_MUX3_1_0_1/src/MUX3_1_MUX_INDEX_2_0/src/MUX_INDEX_xup_and3_2_0/sim/MUX_INDEX_xup_and3_2_0.v:56]
INFO: [VRFC 10-2263] Analyzing Verilog file "C:/Users/Adam/Downloads/INF1500/INF1500_2034584_2081643_Lab3/lab3/lab3.ip_user_files/bd/LAB3_SYS/ip/LAB3_SYS_MUX3_1_0_1/src/MUX3_1_MUX_INDEX_2_0/ipshared/ded9/xup_or3.srcs/sources_1/new/xup_or3.v" into library xil_defaultlib
INFO: [VRFC 10-311] analyzing module xup_or3
WARNING: [VRFC 10-3609] overwriting previous definition of module 'xup_or3' [C:/Users/Adam/Downloads/INF1500/INF1500_2034584_2081643_Lab3/lab3/lab3.ip_user_files/bd/LAB3_SYS/ip/LAB3_SYS_MUX3_1_0_1/src/MUX3_1_MUX_INDEX_2_0/ipshared/ded9/xup_or3.srcs/sources_1/new/xup_or3.v:5]
INFO: [VRFC 10-2263] Analyzing Verilog file "C:/Users/Adam/Downloads/INF1500/INF1500_2034584_2081643_Lab3/lab3/lab3.ip_user_files/bd/LAB3_SYS/ip/LAB3_SYS_MUX3_1_0_1/src/MUX3_1_MUX_INDEX_2_0/src/MUX_INDEX_xup_or3_0_0/sim/MUX_INDEX_xup_or3_0_0.v" into library xil_defaultlib
INFO: [VRFC 10-311] analyzing module MUX_INDEX_xup_or3_0_0
WARNING: [VRFC 10-3609] overwriting previous definition of module 'MUX_INDEX_xup_or3_0_0' [C:/Users/Adam/Downloads/INF1500/INF1500_2034584_2081643_Lab3/lab3/lab3.ip_user_files/bd/LAB3_SYS/ip/LAB3_SYS_MUX3_1_0_1/src/MUX3_1_MUX_INDEX_2_0/src/MUX_INDEX_xup_or3_0_0/sim/MUX_INDEX_xup_or3_0_0.v:56]
INFO: [VRFC 10-2263] Analyzing Verilog file "C:/Users/Adam/Downloads/INF1500/INF1500_2034584_2081643_Lab3/lab3/lab3.ip_user_files/bd/LAB3_SYS/ip/LAB3_SYS_MUX3_1_0_1/src/MUX3_1_MUX_INDEX_3_0/ipshared/e3e7/xup_inv.srcs/sources_1/new/xup_inv.v" into library xil_defaultlib
INFO: [VRFC 10-311] analyzing module xup_inv
WARNING: [VRFC 10-3609] overwriting previous definition of module 'xup_inv' [C:/Users/Adam/Downloads/INF1500/INF1500_2034584_2081643_Lab3/lab3/lab3.ip_user_files/bd/LAB3_SYS/ip/LAB3_SYS_MUX3_1_0_1/src/MUX3_1_MUX_INDEX_3_0/ipshared/e3e7/xup_inv.srcs/sources_1/new/xup_inv.v:5]
INFO: [VRFC 10-2263] Analyzing Verilog file "C:/Users/Adam/Downloads/INF1500/INF1500_2034584_2081643_Lab3/lab3/lab3.ip_user_files/bd/LAB3_SYS/ip/LAB3_SYS_MUX3_1_0_1/src/MUX3_1_MUX_INDEX_3_0/src/MUX_INDEX_xup_inv_0_0/sim/MUX_INDEX_xup_inv_0_0.v" into library xil_defaultlib
INFO: [VRFC 10-311] analyzing module MUX_INDEX_xup_inv_0_0
WARNING: [VRFC 10-3609] overwriting previous definition of module 'MUX_INDEX_xup_inv_0_0' [C:/Users/Adam/Downloads/INF1500/INF1500_2034584_2081643_Lab3/lab3/lab3.ip_user_files/bd/LAB3_SYS/ip/LAB3_SYS_MUX3_1_0_1/src/MUX3_1_MUX_INDEX_3_0/src/MUX_INDEX_xup_inv_0_0/sim/MUX_INDEX_xup_inv_0_0.v:56]
INFO: [VRFC 10-2263] Analyzing Verilog file "C:/Users/Adam/Downloads/INF1500/INF1500_2034584_2081643_Lab3/lab3/lab3.ip_user_files/bd/LAB3_SYS/ip/LAB3_SYS_MUX3_1_0_1/src/MUX3_1_MUX_INDEX_3_0/src/MUX_INDEX_xup_inv_1_0/sim/MUX_INDEX_xup_inv_1_0.v" into library xil_defaultlib
INFO: [VRFC 10-311] analyzing module MUX_INDEX_xup_inv_1_0
WARNING: [VRFC 10-3609] overwriting previous definition of module 'MUX_INDEX_xup_inv_1_0' [C:/Users/Adam/Downloads/INF1500/INF1500_2034584_2081643_Lab3/lab3/lab3.ip_user_files/bd/LAB3_SYS/ip/LAB3_SYS_MUX3_1_0_1/src/MUX3_1_MUX_INDEX_3_0/src/MUX_INDEX_xup_inv_1_0/sim/MUX_INDEX_xup_inv_1_0.v:56]
INFO: [VRFC 10-2263] Analyzing Verilog file "C:/Users/Adam/Downloads/INF1500/INF1500_2034584_2081643_Lab3/lab3/lab3.ip_user_files/bd/LAB3_SYS/ip/LAB3_SYS_MUX3_1_0_1/src/MUX3_1_MUX_INDEX_3_0/ipshared/b79c/xup_and3.srcs/sources_1/new/xup_and3.v" into library xil_defaultlib
INFO: [VRFC 10-311] analyzing module xup_and3
WARNING: [VRFC 10-3609] overwriting previous definition of module 'xup_and3' [C:/Users/Adam/Downloads/INF1500/INF1500_2034584_2081643_Lab3/lab3/lab3.ip_user_files/bd/LAB3_SYS/ip/LAB3_SYS_MUX3_1_0_1/src/MUX3_1_MUX_INDEX_3_0/ipshared/b79c/xup_and3.srcs/sources_1/new/xup_and3.v:5]
INFO: [VRFC 10-2263] Analyzing Verilog file "C:/Users/Adam/Downloads/INF1500/INF1500_2034584_2081643_Lab3/lab3/lab3.ip_user_files/bd/LAB3_SYS/ip/LAB3_SYS_MUX3_1_0_1/src/MUX3_1_MUX_INDEX_3_0/src/MUX_INDEX_xup_and3_0_0/sim/MUX_INDEX_xup_and3_0_0.v" into library xil_defaultlib
INFO: [VRFC 10-311] analyzing module MUX_INDEX_xup_and3_0_0
WARNING: [VRFC 10-3609] overwriting previous definition of module 'MUX_INDEX_xup_and3_0_0' [C:/Users/Adam/Downloads/INF1500/INF1500_2034584_2081643_Lab3/lab3/lab3.ip_user_files/bd/LAB3_SYS/ip/LAB3_SYS_MUX3_1_0_1/src/MUX3_1_MUX_INDEX_3_0/src/MUX_INDEX_xup_and3_0_0/sim/MUX_INDEX_xup_and3_0_0.v:56]
INFO: [VRFC 10-2263] Analyzing Verilog file "C:/Users/Adam/Downloads/INF1500/INF1500_2034584_2081643_Lab3/lab3/lab3.ip_user_files/bd/LAB3_SYS/ip/LAB3_SYS_MUX3_1_0_1/src/MUX3_1_MUX_INDEX_3_0/src/MUX_INDEX_xup_and3_1_0/sim/MUX_INDEX_xup_and3_1_0.v" into library xil_defaultlib
INFO: [VRFC 10-311] analyzing module MUX_INDEX_xup_and3_1_0
WARNING: [VRFC 10-3609] overwriting previous definition of module 'MUX_INDEX_xup_and3_1_0' [C:/Users/Adam/Downloads/INF1500/INF1500_2034584_2081643_Lab3/lab3/lab3.ip_user_files/bd/LAB3_SYS/ip/LAB3_SYS_MUX3_1_0_1/src/MUX3_1_MUX_INDEX_3_0/src/MUX_INDEX_xup_and3_1_0/sim/MUX_INDEX_xup_and3_1_0.v:56]
INFO: [VRFC 10-2263] Analyzing Verilog file "C:/Users/Adam/Downloads/INF1500/INF1500_2034584_2081643_Lab3/lab3/lab3.ip_user_files/bd/LAB3_SYS/ip/LAB3_SYS_MUX3_1_0_1/src/MUX3_1_MUX_INDEX_3_0/src/MUX_INDEX_xup_and3_2_0/sim/MUX_INDEX_xup_and3_2_0.v" into library xil_defaultlib
INFO: [VRFC 10-311] analyzing module MUX_INDEX_xup_and3_2_0
WARNING: [VRFC 10-3609] overwriting previous definition of module 'MUX_INDEX_xup_and3_2_0' [C:/Users/Adam/Downloads/INF1500/INF1500_2034584_2081643_Lab3/lab3/lab3.ip_user_files/bd/LAB3_SYS/ip/LAB3_SYS_MUX3_1_0_1/src/MUX3_1_MUX_INDEX_3_0/src/MUX_INDEX_xup_and3_2_0/sim/MUX_INDEX_xup_and3_2_0.v:56]
INFO: [VRFC 10-2263] Analyzing Verilog file "C:/Users/Adam/Downloads/INF1500/INF1500_2034584_2081643_Lab3/lab3/lab3.ip_user_files/bd/LAB3_SYS/ip/LAB3_SYS_MUX3_1_0_1/src/MUX3_1_MUX_INDEX_3_0/ipshared/ded9/xup_or3.srcs/sources_1/new/xup_or3.v" into library xil_defaultlib
INFO: [VRFC 10-311] analyzing module xup_or3
WARNING: [VRFC 10-3609] overwriting previous definition of module 'xup_or3' [C:/Users/Adam/Downloads/INF1500/INF1500_2034584_2081643_Lab3/lab3/lab3.ip_user_files/bd/LAB3_SYS/ip/LAB3_SYS_MUX3_1_0_1/src/MUX3_1_MUX_INDEX_3_0/ipshared/ded9/xup_or3.srcs/sources_1/new/xup_or3.v:5]
INFO: [VRFC 10-2263] Analyzing Verilog file "C:/Users/Adam/Downloads/INF1500/INF1500_2034584_2081643_Lab3/lab3/lab3.ip_user_files/bd/LAB3_SYS/ip/LAB3_SYS_MUX3_1_0_1/src/MUX3_1_MUX_INDEX_3_0/src/MUX_INDEX_xup_or3_0_0/sim/MUX_INDEX_xup_or3_0_0.v" into library xil_defaultlib
INFO: [VRFC 10-311] analyzing module MUX_INDEX_xup_or3_0_0
WARNING: [VRFC 10-3609] overwriting previous definition of module 'MUX_INDEX_xup_or3_0_0' [C:/Users/Adam/Downloads/INF1500/INF1500_2034584_2081643_Lab3/lab3/lab3.ip_user_files/bd/LAB3_SYS/ip/LAB3_SYS_MUX3_1_0_1/src/MUX3_1_MUX_INDEX_3_0/src/MUX_INDEX_xup_or3_0_0/sim/MUX_INDEX_xup_or3_0_0.v:56]
INFO: [VRFC 10-2263] Analyzing Verilog file "C:/Users/Adam/Downloads/INF1500/INF1500_2034584_2081643_Lab3/lab3/lab3.ip_user_files/bd/LAB3_SYS/ip/LAB3_SYS_MUX3_1_0_1/src/MUX3_1_MUX_INDEX_0_0/ipshared/e3e7/xup_inv.srcs/sources_1/new/xup_inv.v" into library xil_defaultlib
INFO: [VRFC 10-311] analyzing module xup_inv
WARNING: [VRFC 10-3609] overwriting previous definition of module 'xup_inv' [C:/Users/Adam/Downloads/INF1500/INF1500_2034584_2081643_Lab3/lab3/lab3.ip_user_files/bd/LAB3_SYS/ip/LAB3_SYS_MUX3_1_0_1/src/MUX3_1_MUX_INDEX_0_0/ipshared/e3e7/xup_inv.srcs/sources_1/new/xup_inv.v:5]
INFO: [VRFC 10-2263] Analyzing Verilog file "C:/Users/Adam/Downloads/INF1500/INF1500_2034584_2081643_Lab3/lab3/lab3.ip_user_files/bd/LAB3_SYS/ip/LAB3_SYS_MUX3_1_0_1/src/MUX3_1_MUX_INDEX_0_0/src/MUX_INDEX_xup_inv_0_0/sim/MUX_INDEX_xup_inv_0_0.v" into library xil_defaultlib
INFO: [VRFC 10-311] analyzing module MUX_INDEX_xup_inv_0_0
WARNING: [VRFC 10-3609] overwriting previous definition of module 'MUX_INDEX_xup_inv_0_0' [C:/Users/Adam/Downloads/INF1500/INF1500_2034584_2081643_Lab3/lab3/lab3.ip_user_files/bd/LAB3_SYS/ip/LAB3_SYS_MUX3_1_0_1/src/MUX3_1_MUX_INDEX_0_0/src/MUX_INDEX_xup_inv_0_0/sim/MUX_INDEX_xup_inv_0_0.v:56]
INFO: [VRFC 10-2263] Analyzing Verilog file "C:/Users/Adam/Downloads/INF1500/INF1500_2034584_2081643_Lab3/lab3/lab3.ip_user_files/bd/LAB3_SYS/ip/LAB3_SYS_MUX3_1_0_1/src/MUX3_1_MUX_INDEX_0_0/src/MUX_INDEX_xup_inv_1_0/sim/MUX_INDEX_xup_inv_1_0.v" into library xil_defaultlib
INFO: [VRFC 10-311] analyzing module MUX_INDEX_xup_inv_1_0
WARNING: [VRFC 10-3609] overwriting previous definition of module 'MUX_INDEX_xup_inv_1_0' [C:/Users/Adam/Downloads/INF1500/INF1500_2034584_2081643_Lab3/lab3/lab3.ip_user_files/bd/LAB3_SYS/ip/LAB3_SYS_MUX3_1_0_1/src/MUX3_1_MUX_INDEX_0_0/src/MUX_INDEX_xup_inv_1_0/sim/MUX_INDEX_xup_inv_1_0.v:56]
INFO: [VRFC 10-2263] Analyzing Verilog file "C:/Users/Adam/Downloads/INF1500/INF1500_2034584_2081643_Lab3/lab3/lab3.ip_user_files/bd/LAB3_SYS/ip/LAB3_SYS_MUX3_1_0_1/src/MUX3_1_MUX_INDEX_0_0/ipshared/b79c/xup_and3.srcs/sources_1/new/xup_and3.v" into library xil_defaultlib
INFO: [VRFC 10-311] analyzing module xup_and3
WARNING: [VRFC 10-3609] overwriting previous definition of module 'xup_and3' [C:/Users/Adam/Downloads/INF1500/INF1500_2034584_2081643_Lab3/lab3/lab3.ip_user_files/bd/LAB3_SYS/ip/LAB3_SYS_MUX3_1_0_1/src/MUX3_1_MUX_INDEX_0_0/ipshared/b79c/xup_and3.srcs/sources_1/new/xup_and3.v:5]
INFO: [VRFC 10-2263] Analyzing Verilog file "C:/Users/Adam/Downloads/INF1500/INF1500_2034584_2081643_Lab3/lab3/lab3.ip_user_files/bd/LAB3_SYS/ip/LAB3_SYS_MUX3_1_0_1/src/MUX3_1_MUX_INDEX_0_0/src/MUX_INDEX_xup_and3_0_0/sim/MUX_INDEX_xup_and3_0_0.v" into library xil_defaultlib
INFO: [VRFC 10-311] analyzing module MUX_INDEX_xup_and3_0_0
WARNING: [VRFC 10-3609] overwriting previous definition of module 'MUX_INDEX_xup_and3_0_0' [C:/Users/Adam/Downloads/INF1500/INF1500_2034584_2081643_Lab3/lab3/lab3.ip_user_files/bd/LAB3_SYS/ip/LAB3_SYS_MUX3_1_0_1/src/MUX3_1_MUX_INDEX_0_0/src/MUX_INDEX_xup_and3_0_0/sim/MUX_INDEX_xup_and3_0_0.v:56]
INFO: [VRFC 10-2263] Analyzing Verilog file "C:/Users/Adam/Downloads/INF1500/INF1500_2034584_2081643_Lab3/lab3/lab3.ip_user_files/bd/LAB3_SYS/ip/LAB3_SYS_MUX3_1_0_1/src/MUX3_1_MUX_INDEX_0_0/src/MUX_INDEX_xup_and3_1_0/sim/MUX_INDEX_xup_and3_1_0.v" into library xil_defaultlib
INFO: [VRFC 10-311] analyzing module MUX_INDEX_xup_and3_1_0
WARNING: [VRFC 10-3609] overwriting previous definition of module 'MUX_INDEX_xup_and3_1_0' [C:/Users/Adam/Downloads/INF1500/INF1500_2034584_2081643_Lab3/lab3/lab3.ip_user_files/bd/LAB3_SYS/ip/LAB3_SYS_MUX3_1_0_1/src/MUX3_1_MUX_INDEX_0_0/src/MUX_INDEX_xup_and3_1_0/sim/MUX_INDEX_xup_and3_1_0.v:56]
INFO: [VRFC 10-2263] Analyzing Verilog file "C:/Users/Adam/Downloads/INF1500/INF1500_2034584_2081643_Lab3/lab3/lab3.ip_user_files/bd/LAB3_SYS/ip/LAB3_SYS_MUX3_1_0_1/src/MUX3_1_MUX_INDEX_0_0/src/MUX_INDEX_xup_and3_2_0/sim/MUX_INDEX_xup_and3_2_0.v" into library xil_defaultlib
INFO: [VRFC 10-311] analyzing module MUX_INDEX_xup_and3_2_0
WARNING: [VRFC 10-3609] overwriting previous definition of module 'MUX_INDEX_xup_and3_2_0' [C:/Users/Adam/Downloads/INF1500/INF1500_2034584_2081643_Lab3/lab3/lab3.ip_user_files/bd/LAB3_SYS/ip/LAB3_SYS_MUX3_1_0_1/src/MUX3_1_MUX_INDEX_0_0/src/MUX_INDEX_xup_and3_2_0/sim/MUX_INDEX_xup_and3_2_0.v:56]
INFO: [VRFC 10-2263] Analyzing Verilog file "C:/Users/Adam/Downloads/INF1500/INF1500_2034584_2081643_Lab3/lab3/lab3.ip_user_files/bd/LAB3_SYS/ip/LAB3_SYS_MUX3_1_0_1/src/MUX3_1_MUX_INDEX_0_0/ipshared/ded9/xup_or3.srcs/sources_1/new/xup_or3.v" into library xil_defaultlib
INFO: [VRFC 10-311] analyzing module xup_or3
WARNING: [VRFC 10-3609] overwriting previous definition of module 'xup_or3' [C:/Users/Adam/Downloads/INF1500/INF1500_2034584_2081643_Lab3/lab3/lab3.ip_user_files/bd/LAB3_SYS/ip/LAB3_SYS_MUX3_1_0_1/src/MUX3_1_MUX_INDEX_0_0/ipshared/ded9/xup_or3.srcs/sources_1/new/xup_or3.v:5]
INFO: [VRFC 10-2263] Analyzing Verilog file "C:/Users/Adam/Downloads/INF1500/INF1500_2034584_2081643_Lab3/lab3/lab3.ip_user_files/bd/LAB3_SYS/ip/LAB3_SYS_MUX3_1_0_1/src/MUX3_1_MUX_INDEX_0_0/src/MUX_INDEX_xup_or3_0_0/sim/MUX_INDEX_xup_or3_0_0.v" into library xil_defaultlib
INFO: [VRFC 10-311] analyzing module MUX_INDEX_xup_or3_0_0
WARNING: [VRFC 10-3609] overwriting previous definition of module 'MUX_INDEX_xup_or3_0_0' [C:/Users/Adam/Downloads/INF1500/INF1500_2034584_2081643_Lab3/lab3/lab3.ip_user_files/bd/LAB3_SYS/ip/LAB3_SYS_MUX3_1_0_1/src/MUX3_1_MUX_INDEX_0_0/src/MUX_INDEX_xup_or3_0_0/sim/MUX_INDEX_xup_or3_0_0.v:56]
INFO: [VRFC 10-2263] Analyzing Verilog file "C:/Users/Adam/Downloads/INF1500/INF1500_2034584_2081643_Lab3/lab3/lab3.srcs/sources_1/bd/DIV_4_REST/ip/DIV_4_REST_xlconcat_0_0/sim/DIV_4_REST_xlconcat_0_0.v" into library xil_defaultlib
INFO: [VRFC 10-311] analyzing module DIV_4_REST_xlconcat_0_0
WARNING: [VRFC 10-3609] overwriting previous definition of module 'DIV_4_REST_xlconcat_0_0' [C:/Users/Adam/Downloads/INF1500/INF1500_2034584_2081643_Lab3/lab3/lab3.srcs/sources_1/bd/DIV_4_REST/ip/DIV_4_REST_xlconcat_0_0/sim/DIV_4_REST_xlconcat_0_0.v:56]
INFO: [VRFC 10-2263] Analyzing Verilog file "C:/Users/Adam/Downloads/INF1500/INF1500_2034584_2081643_Lab3/lab3/lab3.srcs/sources_1/bd/CRYPTO/ip/CRYPTO_xlconcat_0_0/sim/CRYPTO_xlconcat_0_0.v" into library xil_defaultlib
INFO: [VRFC 10-311] analyzing module CRYPTO_xlconcat_0_0
WARNING: [VRFC 10-3609] overwriting previous definition of module 'CRYPTO_xlconcat_0_0' [C:/Users/Adam/Downloads/INF1500/INF1500_2034584_2081643_Lab3/lab3/lab3.srcs/sources_1/bd/CRYPTO/ip/CRYPTO_xlconcat_0_0/sim/CRYPTO_xlconcat_0_0.v:56]
INFO: [VRFC 10-2263] Analyzing Verilog file "C:/Users/Adam/Downloads/INF1500/INF1500_2034584_2081643_Lab3/lab3/lab3.srcs/sources_1/bd/CRYPTO/ipshared/e3e7/xup_inv.srcs/sources_1/new/xup_inv.v" into library xil_defaultlib
INFO: [VRFC 10-311] analyzing module xup_inv
WARNING: [VRFC 10-3609] overwriting previous definition of module 'xup_inv' [C:/Users/Adam/Downloads/INF1500/INF1500_2034584_2081643_Lab3/lab3/lab3.srcs/sources_1/bd/CRYPTO/ipshared/e3e7/xup_inv.srcs/sources_1/new/xup_inv.v:5]
INFO: [VRFC 10-2263] Analyzing Verilog file "C:/Users/Adam/Downloads/INF1500/INF1500_2034584_2081643_Lab3/lab3/lab3.srcs/sources_1/bd/CRYPTO/ip/CRYPTO_xup_inv_0_0/sim/CRYPTO_xup_inv_0_0.v" into library xil_defaultlib
INFO: [VRFC 10-311] analyzing module CRYPTO_xup_inv_0_0
WARNING: [VRFC 10-3609] overwriting previous definition of module 'CRYPTO_xup_inv_0_0' [C:/Users/Adam/Downloads/INF1500/INF1500_2034584_2081643_Lab3/lab3/lab3.srcs/sources_1/bd/CRYPTO/ip/CRYPTO_xup_inv_0_0/sim/CRYPTO_xup_inv_0_0.v:56]
INFO: [VRFC 10-2263] Analyzing Verilog file "C:/Users/Adam/Downloads/INF1500/INF1500_2034584_2081643_Lab3/lab3/lab3.srcs/sources_1/bd/CRYPTO/ip/CRYPTO_xup_inv_1_0/sim/CRYPTO_xup_inv_1_0.v" into library xil_defaultlib
INFO: [VRFC 10-311] analyzing module CRYPTO_xup_inv_1_0
WARNING: [VRFC 10-3609] overwriting previous definition of module 'CRYPTO_xup_inv_1_0' [C:/Users/Adam/Downloads/INF1500/INF1500_2034584_2081643_Lab3/lab3/lab3.srcs/sources_1/bd/CRYPTO/ip/CRYPTO_xup_inv_1_0/sim/CRYPTO_xup_inv_1_0.v:56]
INFO: [VRFC 10-2263] Analyzing Verilog file "C:/Users/Adam/Downloads/INF1500/INF1500_2034584_2081643_Lab3/lab3/lab3.srcs/sources_1/bd/CRYPTO/ip/CRYPTO_xup_inv_2_0/sim/CRYPTO_xup_inv_2_0.v" into library xil_defaultlib
INFO: [VRFC 10-311] analyzing module CRYPTO_xup_inv_2_0
WARNING: [VRFC 10-3609] overwriting previous definition of module 'CRYPTO_xup_inv_2_0' [C:/Users/Adam/Downloads/INF1500/INF1500_2034584_2081643_Lab3/lab3/lab3.srcs/sources_1/bd/CRYPTO/ip/CRYPTO_xup_inv_2_0/sim/CRYPTO_xup_inv_2_0.v:56]
INFO: [VRFC 10-2263] Analyzing Verilog file "C:/Users/Adam/Downloads/INF1500/INF1500_2034584_2081643_Lab3/lab3/lab3.srcs/sources_1/bd/CRYPTO/ip/CRYPTO_xup_inv_3_0/sim/CRYPTO_xup_inv_3_0.v" into library xil_defaultlib
INFO: [VRFC 10-311] analyzing module CRYPTO_xup_inv_3_0
WARNING: [VRFC 10-3609] overwriting previous definition of module 'CRYPTO_xup_inv_3_0' [C:/Users/Adam/Downloads/INF1500/INF1500_2034584_2081643_Lab3/lab3/lab3.srcs/sources_1/bd/CRYPTO/ip/CRYPTO_xup_inv_3_0/sim/CRYPTO_xup_inv_3_0.v:56]
INFO: [VRFC 10-2263] Analyzing Verilog file "C:/Users/Adam/Downloads/INF1500/INF1500_2034584_2081643_Lab3/lab3/lab3.ip_user_files/bd/BIN_GRAY/ip/BIN_GRAY_xlconcat_0_0/sim/BIN_GRAY_xlconcat_0_0.v" into library xil_defaultlib
INFO: [VRFC 10-311] analyzing module BIN_GRAY_xlconcat_0_0
WARNING: [VRFC 10-3609] overwriting previous definition of module 'BIN_GRAY_xlconcat_0_0' [C:/Users/Adam/Downloads/INF1500/INF1500_2034584_2081643_Lab3/lab3/lab3.ip_user_files/bd/BIN_GRAY/ip/BIN_GRAY_xlconcat_0_0/sim/BIN_GRAY_xlconcat_0_0.v:56]
INFO: [VRFC 10-2263] Analyzing Verilog file "C:/Users/Adam/Downloads/INF1500/INF1500_2034584_2081643_Lab3/lab3/lab3.sim/sim_1/behav/xsim/glbl.v" into library xil_defaultlib
INFO: [VRFC 10-311] analyzing module glbl
INFO: [VRFC 10-163] Analyzing VHDL file "C:/Users/Adam/Downloads/INF1500/INF1500_2034584_2081643_Lab3/lab3/lab3.srcs/sources_1/bd/DIV_4_REST/ipshared/0273/sim/ATAD_SPLIT_4.vhd" into library xil_defaultlib
INFO: [VRFC 10-3107] analyzing entity 'ATAD_SPLIT_4'
INFO: [VRFC 10-163] Analyzing VHDL file "C:/Users/Adam/Downloads/INF1500/INF1500_2034584_2081643_Lab3/lab3/lab3.srcs/sources_1/bd/DIV_4_REST/ip/DIV_4_REST_ATAD_SPLIT_4_0_0/sim/DIV_4_REST_ATAD_SPLIT_4_0_0.vhd" into library xil_defaultlib
INFO: [VRFC 10-3107] analyzing entity 'DIV_4_REST_ATAD_SPLIT_4_0_0'
INFO: [VRFC 10-163] Analyzing VHDL file "C:/Users/Adam/Downloads/INF1500/INF1500_2034584_2081643_Lab3/lab3/lab3.srcs/sources_1/bd/CRYPTO/ipshared/0273/sim/ATAD_SPLIT_4.vhd" into library xil_defaultlib
INFO: [VRFC 10-3107] analyzing entity 'ATAD_SPLIT_4'
INFO: [VRFC 10-163] Analyzing VHDL file "C:/Users/Adam/Downloads/INF1500/INF1500_2034584_2081643_Lab3/lab3/lab3.srcs/sources_1/bd/CRYPTO/ip/CRYPTO_ATAD_SPLIT_4_0_0/sim/CRYPTO_ATAD_SPLIT_4_0_0.vhd" into library xil_defaultlib
INFO: [VRFC 10-3107] analyzing entity 'CRYPTO_ATAD_SPLIT_4_0_0'
INFO: [VRFC 10-163] Analyzing VHDL file "C:/Users/Adam/Downloads/INF1500/INF1500_2034584_2081643_Lab3/lab3/lab3.ip_user_files/bd/MUX_INDEX/ipshared/4947/sim/ATAD_SPLIT_2.vhd" into library xil_defaultlib
INFO: [VRFC 10-3107] analyzing entity 'ATAD_SPLIT_2'
INFO: [VRFC 10-163] Analyzing VHDL file "C:/Users/Adam/Downloads/INF1500/INF1500_2034584_2081643_Lab3/lab3/lab3.ip_user_files/bd/MUX_INDEX/ip/MUX_INDEX_ATAD_SPLIT_2_0_0/sim/MUX_INDEX_ATAD_SPLIT_2_0_0.vhd" into library xil_defaultlib
INFO: [VRFC 10-3107] analyzing entity 'MUX_INDEX_ATAD_SPLIT_2_0_0'
INFO: [VRFC 10-163] Analyzing VHDL file "C:/Users/Adam/Downloads/INF1500/INF1500_2034584_2081643_Lab3/lab3/lab3.ip_user_files/bd/BIN_GRAY/ipshared/0273/sim/ATAD_SPLIT_4.vhd" into library xil_defaultlib
INFO: [VRFC 10-3107] analyzing entity 'ATAD_SPLIT_4'
INFO: [VRFC 10-163] Analyzing VHDL file "C:/Users/Adam/Downloads/INF1500/INF1500_2034584_2081643_Lab3/lab3/lab3.ip_user_files/bd/BIN_GRAY/ip/BIN_GRAY_ATAD_SPLIT_4_0_0/sim/BIN_GRAY_ATAD_SPLIT_4_0_0.vhd" into library xil_defaultlib
INFO: [VRFC 10-3107] analyzing entity 'BIN_GRAY_ATAD_SPLIT_4_0_0'
INFO: [VRFC 10-163] Analyzing VHDL file "C:/Users/Adam/Downloads/INF1500/INF1500_2034584_2081643_Lab3/lab3/lab3.ip_user_files/bd/MUX3_1/ip/MUX3_1_MUX_INDEX_1_0/ipshared/4947/sim/ATAD_SPLIT_2.vhd" into library xil_defaultlib
INFO: [VRFC 10-3107] analyzing entity 'ATAD_SPLIT_2'
INFO: [VRFC 10-163] Analyzing VHDL file "C:/Users/Adam/Downloads/INF1500/INF1500_2034584_2081643_Lab3/lab3/lab3.ip_user_files/bd/MUX3_1/ip/MUX3_1_MUX_INDEX_1_0/src/MUX_INDEX_ATAD_SPLIT_2_0_0/sim/MUX_INDEX_ATAD_SPLIT_2_0_0.vhd" into library xil_defaultlib
INFO: [VRFC 10-3107] analyzing entity 'MUX_INDEX_ATAD_SPLIT_2_0_0'
INFO: [VRFC 10-163] Analyzing VHDL file "C:/Users/Adam/Downloads/INF1500/INF1500_2034584_2081643_Lab3/lab3/lab3.ip_user_files/bd/MUX3_1/ipshared/3164/sim/MUX_INDEX.vhd" into library xil_defaultlib
INFO: [VRFC 10-3107] analyzing entity 'MUX_INDEX'
INFO: [VRFC 10-163] Analyzing VHDL file "C:/Users/Adam/Downloads/INF1500/INF1500_2034584_2081643_Lab3/lab3/lab3.ip_user_files/bd/MUX3_1/ip/MUX3_1_MUX_INDEX_1_0/sim/MUX3_1_MUX_INDEX_1_0.vhd" into library xil_defaultlib
INFO: [VRFC 10-3107] analyzing entity 'MUX3_1_MUX_INDEX_1_0'
INFO: [VRFC 10-163] Analyzing VHDL file "C:/Users/Adam/Downloads/INF1500/INF1500_2034584_2081643_Lab3/lab3/lab3.ip_user_files/bd/MUX3_1/ip/MUX3_1_MUX_INDEX_2_0/ipshared/4947/sim/ATAD_SPLIT_2.vhd" into library xil_defaultlib
INFO: [VRFC 10-3107] analyzing entity 'ATAD_SPLIT_2'
INFO: [VRFC 10-163] Analyzing VHDL file "C:/Users/Adam/Downloads/INF1500/INF1500_2034584_2081643_Lab3/lab3/lab3.ip_user_files/bd/MUX3_1/ip/MUX3_1_MUX_INDEX_2_0/src/MUX_INDEX_ATAD_SPLIT_2_0_0/sim/MUX_INDEX_ATAD_SPLIT_2_0_0.vhd" into library xil_defaultlib
INFO: [VRFC 10-3107] analyzing entity 'MUX_INDEX_ATAD_SPLIT_2_0_0'
INFO: [VRFC 10-163] Analyzing VHDL file "C:/Users/Adam/Downloads/INF1500/INF1500_2034584_2081643_Lab3/lab3/lab3.ip_user_files/bd/MUX3_1/ip/MUX3_1_MUX_INDEX_2_0/sim/MUX3_1_MUX_INDEX_2_0.vhd" into library xil_defaultlib
INFO: [VRFC 10-3107] analyzing entity 'MUX3_1_MUX_INDEX_2_0'
INFO: [VRFC 10-163] Analyzing VHDL file "C:/Users/Adam/Downloads/INF1500/INF1500_2034584_2081643_Lab3/lab3/lab3.ip_user_files/bd/MUX3_1/ip/MUX3_1_MUX_INDEX_3_0/ipshared/4947/sim/ATAD_SPLIT_2.vhd" into library xil_defaultlib
INFO: [VRFC 10-3107] analyzing entity 'ATAD_SPLIT_2'
INFO: [VRFC 10-163] Analyzing VHDL file "C:/Users/Adam/Downloads/INF1500/INF1500_2034584_2081643_Lab3/lab3/lab3.ip_user_files/bd/MUX3_1/ip/MUX3_1_MUX_INDEX_3_0/src/MUX_INDEX_ATAD_SPLIT_2_0_0/sim/MUX_INDEX_ATAD_SPLIT_2_0_0.vhd" into library xil_defaultlib
INFO: [VRFC 10-3107] analyzing entity 'MUX_INDEX_ATAD_SPLIT_2_0_0'
INFO: [VRFC 10-163] Analyzing VHDL file "C:/Users/Adam/Downloads/INF1500/INF1500_2034584_2081643_Lab3/lab3/lab3.ip_user_files/bd/MUX3_1/ip/MUX3_1_MUX_INDEX_3_0/sim/MUX3_1_MUX_INDEX_3_0.vhd" into library xil_defaultlib
INFO: [VRFC 10-3107] analyzing entity 'MUX3_1_MUX_INDEX_3_0'
INFO: [VRFC 10-163] Analyzing VHDL file "C:/Users/Adam/Downloads/INF1500/INF1500_2034584_2081643_Lab3/lab3/lab3.ip_user_files/bd/MUX3_1/ip/MUX3_1_MUX_INDEX_0_0/ipshared/4947/sim/ATAD_SPLIT_2.vhd" into library xil_defaultlib
INFO: [VRFC 10-3107] analyzing entity 'ATAD_SPLIT_2'
INFO: [VRFC 10-163] Analyzing VHDL file "C:/Users/Adam/Downloads/INF1500/INF1500_2034584_2081643_Lab3/lab3/lab3.ip_user_files/bd/MUX3_1/ip/MUX3_1_MUX_INDEX_0_0/src/MUX_INDEX_ATAD_SPLIT_2_0_0/sim/MUX_INDEX_ATAD_SPLIT_2_0_0.vhd" into library xil_defaultlib
INFO: [VRFC 10-3107] analyzing entity 'MUX_INDEX_ATAD_SPLIT_2_0_0'
INFO: [VRFC 10-163] Analyzing VHDL file "C:/Users/Adam/Downloads/INF1500/INF1500_2034584_2081643_Lab3/lab3/lab3.ip_user_files/bd/MUX3_1/ip/MUX3_1_MUX_INDEX_0_0/sim/MUX3_1_MUX_INDEX_0_0.vhd" into library xil_defaultlib
INFO: [VRFC 10-3107] analyzing entity 'MUX3_1_MUX_INDEX_0_0'
INFO: [VRFC 10-163] Analyzing VHDL file "C:/Users/Adam/Downloads/INF1500/INF1500_2034584_2081643_Lab3/lab3/lab3.ip_user_files/bd/MUX_INDEX/sim/MUX_INDEX.vhd" into library xil_defaultlib
INFO: [VRFC 10-3107] analyzing entity 'MUX_INDEX'
INFO: [VRFC 10-163] Analyzing VHDL file "C:/Users/Adam/Downloads/INF1500/INF1500_2034584_2081643_Lab3/lab3/lab3.ip_user_files/bd/MUX3_1/ipshared/0273/sim/ATAD_SPLIT_4.vhd" into library xil_defaultlib
INFO: [VRFC 10-3107] analyzing entity 'ATAD_SPLIT_4'
INFO: [VRFC 10-163] Analyzing VHDL file "C:/Users/Adam/Downloads/INF1500/INF1500_2034584_2081643_Lab3/lab3/lab3.ip_user_files/bd/MUX3_1/ip/MUX3_1_ATAD_SPLIT_4_0_0/sim/MUX3_1_ATAD_SPLIT_4_0_0.vhd" into library xil_defaultlib
INFO: [VRFC 10-3107] analyzing entity 'MUX3_1_ATAD_SPLIT_4_0_0'
INFO: [VRFC 10-163] Analyzing VHDL file "C:/Users/Adam/Downloads/INF1500/INF1500_2034584_2081643_Lab3/lab3/lab3.ip_user_files/bd/MUX3_1/ip/MUX3_1_ATAD_SPLIT_4_1_0/sim/MUX3_1_ATAD_SPLIT_4_1_0.vhd" into library xil_defaultlib
INFO: [VRFC 10-3107] analyzing entity 'MUX3_1_ATAD_SPLIT_4_1_0'
INFO: [VRFC 10-163] Analyzing VHDL file "C:/Users/Adam/Downloads/INF1500/INF1500_2034584_2081643_Lab3/lab3/lab3.ip_user_files/bd/MUX3_1/ip/MUX3_1_ATAD_SPLIT_4_2_0/sim/MUX3_1_ATAD_SPLIT_4_2_0.vhd" into library xil_defaultlib
INFO: [VRFC 10-3107] analyzing entity 'MUX3_1_ATAD_SPLIT_4_2_0'
INFO: [VRFC 10-163] Analyzing VHDL file "C:/Users/Adam/Downloads/INF1500/INF1500_2034584_2081643_Lab3/lab3/lab3.ip_user_files/bd/MUX3_1/sim/MUX3_1.vhd" into library xil_defaultlib
INFO: [VRFC 10-3107] analyzing entity 'MUX3_1'
INFO: [VRFC 10-163] Analyzing VHDL file "C:/Users/Adam/Downloads/INF1500/INF1500_2034584_2081643_Lab3/lab3/lab3.ip_user_files/bd/LAB3_SYS/ip/LAB3_SYS_BIN_GRAY_0_1/ipshared/0273/sim/ATAD_SPLIT_4.vhd" into library xil_defaultlib
INFO: [VRFC 10-3107] analyzing entity 'ATAD_SPLIT_4'
INFO: [VRFC 10-163] Analyzing VHDL file "C:/Users/Adam/Downloads/INF1500/INF1500_2034584_2081643_Lab3/lab3/lab3.ip_user_files/bd/LAB3_SYS/ip/LAB3_SYS_BIN_GRAY_0_1/src/BIN_GRAY_ATAD_SPLIT_4_0_0/sim/BIN_GRAY_ATAD_SPLIT_4_0_0.vhd" into library xil_defaultlib
INFO: [VRFC 10-3107] analyzing entity 'BIN_GRAY_ATAD_SPLIT_4_0_0'
INFO: [VRFC 10-163] Analyzing VHDL file "C:/Users/Adam/Downloads/INF1500/INF1500_2034584_2081643_Lab3/lab3/lab3.ip_user_files/bd/LAB3_SYS/ipshared/16d5/sim/BIN_GRAY.vhd" into library xil_defaultlib
INFO: [VRFC 10-3107] analyzing entity 'BIN_GRAY'
INFO: [VRFC 10-163] Analyzing VHDL file "C:/Users/Adam/Downloads/INF1500/INF1500_2034584_2081643_Lab3/lab3/lab3.ip_user_files/bd/LAB3_SYS/ip/LAB3_SYS_BIN_GRAY_0_1/sim/LAB3_SYS_BIN_GRAY_0_1.vhd" into library xil_defaultlib
INFO: [VRFC 10-3107] analyzing entity 'LAB3_SYS_BIN_GRAY_0_1'
INFO: [VRFC 10-163] Analyzing VHDL file "C:/Users/Adam/Downloads/INF1500/INF1500_2034584_2081643_Lab3/lab3/lab3.ip_user_files/bd/LAB3_SYS/ip/LAB3_SYS_DIV_4_REST_0_1/ipshared/0273/sim/ATAD_SPLIT_4.vhd" into library xil_defaultlib
INFO: [VRFC 10-3107] analyzing entity 'ATAD_SPLIT_4'
INFO: [VRFC 10-163] Analyzing VHDL file "C:/Users/Adam/Downloads/INF1500/INF1500_2034584_2081643_Lab3/lab3/lab3.ip_user_files/bd/LAB3_SYS/ip/LAB3_SYS_DIV_4_REST_0_1/src/DIV_4_REST_ATAD_SPLIT_4_0_0/sim/DIV_4_REST_ATAD_SPLIT_4_0_0.vhd" into library xil_defaultlib
INFO: [VRFC 10-3107] analyzing entity 'DIV_4_REST_ATAD_SPLIT_4_0_0'
INFO: [VRFC 10-163] Analyzing VHDL file "C:/Users/Adam/Downloads/INF1500/INF1500_2034584_2081643_Lab3/lab3/lab3.ip_user_files/bd/LAB3_SYS/ipshared/c583/sim/DIV_4_REST.vhd" into library xil_defaultlib
INFO: [VRFC 10-3107] analyzing entity 'DIV_4_REST'
INFO: [VRFC 10-163] Analyzing VHDL file "C:/Users/Adam/Downloads/INF1500/INF1500_2034584_2081643_Lab3/lab3/lab3.ip_user_files/bd/LAB3_SYS/ip/LAB3_SYS_DIV_4_REST_0_1/sim/LAB3_SYS_DIV_4_REST_0_1.vhd" into library xil_defaultlib
INFO: [VRFC 10-3107] analyzing entity 'LAB3_SYS_DIV_4_REST_0_1'
INFO: [VRFC 10-163] Analyzing VHDL file "C:/Users/Adam/Downloads/INF1500/INF1500_2034584_2081643_Lab3/lab3/lab3.ip_user_files/bd/LAB3_SYS/ip/LAB3_SYS_CRYPTO_0_1/ipshared/0273/sim/ATAD_SPLIT_4.vhd" into library xil_defaultlib
INFO: [VRFC 10-3107] analyzing entity 'ATAD_SPLIT_4'
INFO: [VRFC 10-163] Analyzing VHDL file "C:/Users/Adam/Downloads/INF1500/INF1500_2034584_2081643_Lab3/lab3/lab3.ip_user_files/bd/LAB3_SYS/ip/LAB3_SYS_CRYPTO_0_1/src/CRYPTO_ATAD_SPLIT_4_0_0/sim/CRYPTO_ATAD_SPLIT_4_0_0.vhd" into library xil_defaultlib
INFO: [VRFC 10-3107] analyzing entity 'CRYPTO_ATAD_SPLIT_4_0_0'
INFO: [VRFC 10-163] Analyzing VHDL file "C:/Users/Adam/Downloads/INF1500/INF1500_2034584_2081643_Lab3/lab3/lab3.ip_user_files/bd/LAB3_SYS/ipshared/da90/sim/CRYPTO.vhd" into library xil_defaultlib
INFO: [VRFC 10-3107] analyzing entity 'CRYPTO'
INFO: [VRFC 10-163] Analyzing VHDL file "C:/Users/Adam/Downloads/INF1500/INF1500_2034584_2081643_Lab3/lab3/lab3.ip_user_files/bd/LAB3_SYS/ip/LAB3_SYS_CRYPTO_0_1/sim/LAB3_SYS_CRYPTO_0_1.vhd" into library xil_defaultlib
INFO: [VRFC 10-3107] analyzing entity 'LAB3_SYS_CRYPTO_0_1'
INFO: [VRFC 10-163] Analyzing VHDL file "C:/Users/Adam/Downloads/INF1500/INF1500_2034584_2081643_Lab3/lab3/lab3.ip_user_files/bd/LAB3_SYS/ip/LAB3_SYS_MUX3_1_0_1/ipshared/0273/sim/ATAD_SPLIT_4.vhd" into library xil_defaultlib
INFO: [VRFC 10-3107] analyzing entity 'ATAD_SPLIT_4'
INFO: [VRFC 10-163] Analyzing VHDL file "C:/Users/Adam/Downloads/INF1500/INF1500_2034584_2081643_Lab3/lab3/lab3.ip_user_files/bd/LAB3_SYS/ip/LAB3_SYS_MUX3_1_0_1/src/MUX3_1_ATAD_SPLIT_4_0_0/sim/MUX3_1_ATAD_SPLIT_4_0_0.vhd" into library xil_defaultlib
INFO: [VRFC 10-3107] analyzing entity 'MUX3_1_ATAD_SPLIT_4_0_0'
INFO: [VRFC 10-163] Analyzing VHDL file "C:/Users/Adam/Downloads/INF1500/INF1500_2034584_2081643_Lab3/lab3/lab3.ip_user_files/bd/LAB3_SYS/ip/LAB3_SYS_MUX3_1_0_1/src/MUX3_1_ATAD_SPLIT_4_1_0/sim/MUX3_1_ATAD_SPLIT_4_1_0.vhd" into library xil_defaultlib
INFO: [VRFC 10-3107] analyzing entity 'MUX3_1_ATAD_SPLIT_4_1_0'
INFO: [VRFC 10-163] Analyzing VHDL file "C:/Users/Adam/Downloads/INF1500/INF1500_2034584_2081643_Lab3/lab3/lab3.ip_user_files/bd/LAB3_SYS/ip/LAB3_SYS_MUX3_1_0_1/src/MUX3_1_ATAD_SPLIT_4_2_0/sim/MUX3_1_ATAD_SPLIT_4_2_0.vhd" into library xil_defaultlib
INFO: [VRFC 10-3107] analyzing entity 'MUX3_1_ATAD_SPLIT_4_2_0'
INFO: [VRFC 10-163] Analyzing VHDL file "C:/Users/Adam/Downloads/INF1500/INF1500_2034584_2081643_Lab3/lab3/lab3.ip_user_files/bd/LAB3_SYS/ip/LAB3_SYS_MUX3_1_0_1/src/MUX3_1_MUX_INDEX_1_0/ipshared/4947/sim/ATAD_SPLIT_2.vhd" into library xil_defaultlib
INFO: [VRFC 10-3107] analyzing entity 'ATAD_SPLIT_2'
INFO: [VRFC 10-163] Analyzing VHDL file "C:/Users/Adam/Downloads/INF1500/INF1500_2034584_2081643_Lab3/lab3/lab3.ip_user_files/bd/LAB3_SYS/ip/LAB3_SYS_MUX3_1_0_1/src/MUX3_1_MUX_INDEX_1_0/src/MUX_INDEX_ATAD_SPLIT_2_0_0/sim/MUX_INDEX_ATAD_SPLIT_2_0_0.vhd" into library xil_defaultlib
INFO: [VRFC 10-3107] analyzing entity 'MUX_INDEX_ATAD_SPLIT_2_0_0'
INFO: [VRFC 10-163] Analyzing VHDL file "C:/Users/Adam/Downloads/INF1500/INF1500_2034584_2081643_Lab3/lab3/lab3.ip_user_files/bd/LAB3_SYS/ip/LAB3_SYS_MUX3_1_0_1/ipshared/3164/sim/MUX_INDEX.vhd" into library xil_defaultlib
INFO: [VRFC 10-3107] analyzing entity 'MUX_INDEX'
INFO: [VRFC 10-163] Analyzing VHDL file "C:/Users/Adam/Downloads/INF1500/INF1500_2034584_2081643_Lab3/lab3/lab3.ip_user_files/bd/LAB3_SYS/ip/LAB3_SYS_MUX3_1_0_1/src/MUX3_1_MUX_INDEX_1_0/sim/MUX3_1_MUX_INDEX_1_0.vhd" into library xil_defaultlib
INFO: [VRFC 10-3107] analyzing entity 'MUX3_1_MUX_INDEX_1_0'
INFO: [VRFC 10-163] Analyzing VHDL file "C:/Users/Adam/Downloads/INF1500/INF1500_2034584_2081643_Lab3/lab3/lab3.ip_user_files/bd/LAB3_SYS/ip/LAB3_SYS_MUX3_1_0_1/src/MUX3_1_MUX_INDEX_2_0/ipshared/4947/sim/ATAD_SPLIT_2.vhd" into library xil_defaultlib
INFO: [VRFC 10-3107] analyzing entity 'ATAD_SPLIT_2'
INFO: [VRFC 10-163] Analyzing VHDL file "C:/Users/Adam/Downloads/INF1500/INF1500_2034584_2081643_Lab3/lab3/lab3.ip_user_files/bd/LAB3_SYS/ip/LAB3_SYS_MUX3_1_0_1/src/MUX3_1_MUX_INDEX_2_0/src/MUX_INDEX_ATAD_SPLIT_2_0_0/sim/MUX_INDEX_ATAD_SPLIT_2_0_0.vhd" into library xil_defaultlib
INFO: [VRFC 10-3107] analyzing entity 'MUX_INDEX_ATAD_SPLIT_2_0_0'
INFO: [VRFC 10-163] Analyzing VHDL file "C:/Users/Adam/Downloads/INF1500/INF1500_2034584_2081643_Lab3/lab3/lab3.ip_user_files/bd/LAB3_SYS/ip/LAB3_SYS_MUX3_1_0_1/src/MUX3_1_MUX_INDEX_2_0/sim/MUX3_1_MUX_INDEX_2_0.vhd" into library xil_defaultlib
INFO: [VRFC 10-3107] analyzing entity 'MUX3_1_MUX_INDEX_2_0'
INFO: [VRFC 10-163] Analyzing VHDL file "C:/Users/Adam/Downloads/INF1500/INF1500_2034584_2081643_Lab3/lab3/lab3.ip_user_files/bd/LAB3_SYS/ip/LAB3_SYS_MUX3_1_0_1/src/MUX3_1_MUX_INDEX_3_0/ipshared/4947/sim/ATAD_SPLIT_2.vhd" into library xil_defaultlib
INFO: [VRFC 10-3107] analyzing entity 'ATAD_SPLIT_2'
INFO: [VRFC 10-163] Analyzing VHDL file "C:/Users/Adam/Downloads/INF1500/INF1500_2034584_2081643_Lab3/lab3/lab3.ip_user_files/bd/LAB3_SYS/ip/LAB3_SYS_MUX3_1_0_1/src/MUX3_1_MUX_INDEX_3_0/src/MUX_INDEX_ATAD_SPLIT_2_0_0/sim/MUX_INDEX_ATAD_SPLIT_2_0_0.vhd" into library xil_defaultlib
INFO: [VRFC 10-3107] analyzing entity 'MUX_INDEX_ATAD_SPLIT_2_0_0'
INFO: [VRFC 10-163] Analyzing VHDL file "C:/Users/Adam/Downloads/INF1500/INF1500_2034584_2081643_Lab3/lab3/lab3.ip_user_files/bd/LAB3_SYS/ip/LAB3_SYS_MUX3_1_0_1/src/MUX3_1_MUX_INDEX_3_0/sim/MUX3_1_MUX_INDEX_3_0.vhd" into library xil_defaultlib
INFO: [VRFC 10-3107] analyzing entity 'MUX3_1_MUX_INDEX_3_0'
INFO: [VRFC 10-163] Analyzing VHDL file "C:/Users/Adam/Downloads/INF1500/INF1500_2034584_2081643_Lab3/lab3/lab3.ip_user_files/bd/LAB3_SYS/ip/LAB3_SYS_MUX3_1_0_1/src/MUX3_1_MUX_INDEX_0_0/ipshared/4947/sim/ATAD_SPLIT_2.vhd" into library xil_defaultlib
INFO: [VRFC 10-3107] analyzing entity 'ATAD_SPLIT_2'
INFO: [VRFC 10-163] Analyzing VHDL file "C:/Users/Adam/Downloads/INF1500/INF1500_2034584_2081643_Lab3/lab3/lab3.ip_user_files/bd/LAB3_SYS/ip/LAB3_SYS_MUX3_1_0_1/src/MUX3_1_MUX_INDEX_0_0/src/MUX_INDEX_ATAD_SPLIT_2_0_0/sim/MUX_INDEX_ATAD_SPLIT_2_0_0.vhd" into library xil_defaultlib
INFO: [VRFC 10-3107] analyzing entity 'MUX_INDEX_ATAD_SPLIT_2_0_0'
INFO: [VRFC 10-163] Analyzing VHDL file "C:/Users/Adam/Downloads/INF1500/INF1500_2034584_2081643_Lab3/lab3/lab3.ip_user_files/bd/LAB3_SYS/ip/LAB3_SYS_MUX3_1_0_1/src/MUX3_1_MUX_INDEX_0_0/sim/MUX3_1_MUX_INDEX_0_0.vhd" into library xil_defaultlib
INFO: [VRFC 10-3107] analyzing entity 'MUX3_1_MUX_INDEX_0_0'
INFO: [VRFC 10-163] Analyzing VHDL file "C:/Users/Adam/Downloads/INF1500/INF1500_2034584_2081643_Lab3/lab3/lab3.ip_user_files/bd/LAB3_SYS/ipshared/3b28/sim/MUX3_1.vhd" into library xil_defaultlib
INFO: [VRFC 10-3107] analyzing entity 'MUX3_1'
INFO: [VRFC 10-163] Analyzing VHDL file "C:/Users/Adam/Downloads/INF1500/INF1500_2034584_2081643_Lab3/lab3/lab3.ip_user_files/bd/LAB3_SYS/ip/LAB3_SYS_MUX3_1_0_1/sim/LAB3_SYS_MUX3_1_0_1.vhd" into library xil_defaultlib
INFO: [VRFC 10-3107] analyzing entity 'LAB3_SYS_MUX3_1_0_1'
INFO: [VRFC 10-163] Analyzing VHDL file "C:/Users/Adam/Downloads/INF1500/INF1500_2034584_2081643_Lab3/lab3/lab3.ip_user_files/bd/LAB3_SYS/sim/LAB3_SYS.vhd" into library xil_defaultlib
INFO: [VRFC 10-3107] analyzing entity 'LAB3_SYS'
INFO: [VRFC 10-163] Analyzing VHDL file "C:/Users/Adam/Downloads/INF1500/INF1500_2034584_2081643_Lab3/lab3/lab3.srcs/sources_1/bd/DIV_4_REST/sim/DIV_4_REST.vhd" into library xil_defaultlib
INFO: [VRFC 10-3107] analyzing entity 'DIV_4_REST'
INFO: [VRFC 10-163] Analyzing VHDL file "C:/Users/Adam/Downloads/INF1500/INF1500_2034584_2081643_Lab3/lab3/lab3.srcs/sources_1/bd/CRYPTO/sim/CRYPTO.vhd" into library xil_defaultlib
INFO: [VRFC 10-3107] analyzing entity 'CRYPTO'
INFO: [VRFC 10-163] Analyzing VHDL file "C:/Users/Adam/Downloads/INF1500/INF1500_2034584_2081643_Lab3/lab3/lab3.ip_user_files/bd/BIN_GRAY/sim/BIN_GRAY.vhd" into library xil_defaultlib
INFO: [VRFC 10-3107] analyzing entity 'BIN_GRAY'
INFO: [VRFC 10-163] Analyzing VHDL file "C:/Users/Adam/Downloads/INF1500/INF1500_2034584_2081643_Lab3/lab3/lab3.srcs/sources_1/bd/DIV_4_REST/hdl/DIV_4_REST_wrapper.vhd" into library xil_defaultlib
INFO: [VRFC 10-3107] analyzing entity 'DIV_4_REST_wrapper'
INFO: [VRFC 10-163] Analyzing VHDL file "C:/Users/Adam/Downloads/INF1500/INF1500_2034584_2081643_Lab3/lab3/lab3.srcs/sources_1/bd/CRYPTO/hdl/CRYPTO_wrapper.vhd" into library xil_defaultlib
INFO: [VRFC 10-3107] analyzing entity 'CRYPTO_wrapper'
INFO: [VRFC 10-163] Analyzing VHDL file "C:/Users/Adam/Downloads/INF1500/INF1500_2034584_2081643_Lab3/lab3/lab3.srcs/sources_1/bd/BIN_GRAY/hdl/BIN_GRAY_wrapper.vhd" into library xil_defaultlib
INFO: [VRFC 10-3107] analyzing entity 'BIN_GRAY_wrapper'
INFO: [VRFC 10-163] Analyzing VHDL file "C:/Users/Adam/Downloads/INF1500/INF1500_2034584_2081643_Lab3/lab3/lab3.srcs/sources_1/bd/MUX_INDEX/hdl/MUX_INDEX_wrapper.vhd" into library xil_defaultlib
INFO: [VRFC 10-3107] analyzing entity 'MUX_INDEX_wrapper'
INFO: [VRFC 10-163] Analyzing VHDL file "C:/Users/Adam/Downloads/INF1500/INF1500_2034584_2081643_Lab3/lab3/lab3.srcs/sources_1/bd/MUX3_1/hdl/MUX3_1_wrapper.vhd" into library xil_defaultlib
INFO: [VRFC 10-3107] analyzing entity 'MUX3_1_wrapper'
INFO: [VRFC 10-163] Analyzing VHDL file "C:/Users/Adam/Downloads/INF1500/INF1500_2034584_2081643_Lab3/lab3/lab3.srcs/sources_1/bd/LAB3_SYS/hdl/LAB3_SYS_wrapper.vhd" into library xil_defaultlib
INFO: [VRFC 10-3107] analyzing entity 'LAB3_SYS_wrapper'
