INFO: [VRFC 10-163] Analyzing VHDL file "C:/Users/Adam/Downloads/INF1500/INF1500_2034584_2081643_Lab3/lab3/lab3.srcs/sources_1/bd/DIV_4_REST/ipshared/0273/sim/ATAD_SPLIT_4.vhd" into library xil_defaultlib
INFO: [VRFC 10-3107] analyzing entity 'ATAD_SPLIT_4'
INFO: [VRFC 10-163] Analyzing VHDL file "C:/Users/Adam/Downloads/INF1500/INF1500_2034584_2081643_Lab3/lab3/lab3.srcs/sources_1/bd/DIV_4_REST/ip/DIV_4_REST_ATAD_SPLIT_4_0_0/sim/DIV_4_REST_ATAD_SPLIT_4_0_0.vhd" into library xil_defaultlib
INFO: [VRFC 10-3107] analyzing entity 'DIV_4_REST_ATAD_SPLIT_4_0_0'
INFO: [VRFC 10-163] Analyzing VHDL file "C:/Users/Adam/Downloads/INF1500/INF1500_2034584_2081643_Lab3/lab3/lab3.srcs/sources_1/bd/CRYPTO/ipshared/0273/sim/ATAD_SPLIT_4.vhd" into library xil_defaultlib
INFO: [VRFC 10-3107] analyzing entity 'ATAD_SPLIT_4'
INFO: [VRFC 10-163] Analyzing VHDL file "C:/Users/Adam/Downloads/INF1500/INF1500_2034584_2081643_Lab3/lab3/lab3.srcs/sources_1/bd/CRYPTO/ip/CRYPTO_ATAD_SPLIT_4_0_0/sim/CRYPTO_ATAD_SPLIT_4_0_0.vhd" into library xil_defaultlib
INFO: [VRFC 10-3107] analyzing entity 'CRYPTO_ATAD_SPLIT_4_0_0'
INFO: [VRFC 10-163] Analyzing VHDL file "C:/Users/Adam/Downloads/INF1500/INF1500_2034584_2081643_Lab3/lab3/lab3.ip_user_files/bd/MUX_INDEX/ipshared/4947/sim/ATAD_SPLIT_2.vhd" into library xil_defaultlib
INFO: [VRFC 10-3107] analyzing entity 'ATAD_SPLIT_2'
INFO: [VRFC 10-163] Analyzing VHDL file "C:/Users/Adam/Downloads/INF1500/INF1500_2034584_2081643_Lab3/lab3/lab3.ip_user_files/bd/MUX_INDEX/ip/MUX_INDEX_ATAD_SPLIT_2_0_0/sim/MUX_INDEX_ATAD_SPLIT_2_0_0.vhd" into library xil_defaultlib
INFO: [VRFC 10-3107] analyzing entity 'MUX_INDEX_ATAD_SPLIT_2_0_0'
INFO: [VRFC 10-163] Analyzing VHDL file "C:/Users/Adam/Downloads/INF1500/INF1500_2034584_2081643_Lab3/lab3/lab3.ip_user_files/bd/BIN_GRAY/ipshared/0273/sim/ATAD_SPLIT_4.vhd" into library xil_defaultlib
INFO: [VRFC 10-3107] analyzing entity 'ATAD_SPLIT_4'
INFO: [VRFC 10-163] Analyzing VHDL file "C:/Users/Adam/Downloads/INF1500/INF1500_2034584_2081643_Lab3/lab3/lab3.ip_user_files/bd/BIN_GRAY/ip/BIN_GRAY_ATAD_SPLIT_4_0_0/sim/BIN_GRAY_ATAD_SPLIT_4_0_0.vhd" into library xil_defaultlib
INFO: [VRFC 10-3107] analyzing entity 'BIN_GRAY_ATAD_SPLIT_4_0_0'
INFO: [VRFC 10-163] Analyzing VHDL file "C:/Users/Adam/Downloads/INF1500/INF1500_2034584_2081643_Lab3/lab3/lab3.ip_user_files/bd/MUX3_1/ip/MUX3_1_MUX_INDEX_1_0/ipshared/4947/sim/ATAD_SPLIT_2.vhd" into library xil_defaultlib
INFO: [VRFC 10-3107] analyzing entity 'ATAD_SPLIT_2'
INFO: [VRFC 10-163] Analyzing VHDL file "C:/Users/Adam/Downloads/INF1500/INF1500_2034584_2081643_Lab3/lab3/lab3.ip_user_files/bd/MUX3_1/ip/MUX3_1_MUX_INDEX_1_0/src/MUX_INDEX_ATAD_SPLIT_2_0_0/sim/MUX_INDEX_ATAD_SPLIT_2_0_0.vhd" into library xil_defaultlib
INFO: [VRFC 10-3107] analyzing entity 'MUX_INDEX_ATAD_SPLIT_2_0_0'
INFO: [VRFC 10-163] Analyzing VHDL file "C:/Users/Adam/Downloads/INF1500/INF1500_2034584_2081643_Lab3/lab3/lab3.ip_user_files/bd/MUX3_1/ipshared/3164/sim/MUX_INDEX.vhd" into library xil_defaultlib
INFO: [VRFC 10-3107] analyzing entity 'MUX_INDEX'
INFO: [VRFC 10-163] Analyzing VHDL file "C:/Users/Adam/Downloads/INF1500/INF1500_2034584_2081643_Lab3/lab3/lab3.ip_user_files/bd/MUX3_1/ip/MUX3_1_MUX_INDEX_1_0/sim/MUX3_1_MUX_INDEX_1_0.vhd" into library xil_defaultlib
INFO: [VRFC 10-3107] analyzing entity 'MUX3_1_MUX_INDEX_1_0'
INFO: [VRFC 10-163] Analyzing VHDL file "C:/Users/Adam/Downloads/INF1500/INF1500_2034584_2081643_Lab3/lab3/lab3.ip_user_files/bd/MUX3_1/ip/MUX3_1_MUX_INDEX_2_0/ipshared/4947/sim/ATAD_SPLIT_2.vhd" into library xil_defaultlib
INFO: [VRFC 10-3107] analyzing entity 'ATAD_SPLIT_2'
INFO: [VRFC 10-163] Analyzing VHDL file "C:/Users/Adam/Downloads/INF1500/INF1500_2034584_2081643_Lab3/lab3/lab3.ip_user_files/bd/MUX3_1/ip/MUX3_1_MUX_INDEX_2_0/src/MUX_INDEX_ATAD_SPLIT_2_0_0/sim/MUX_INDEX_ATAD_SPLIT_2_0_0.vhd" into library xil_defaultlib
INFO: [VRFC 10-3107] analyzing entity 'MUX_INDEX_ATAD_SPLIT_2_0_0'
INFO: [VRFC 10-163] Analyzing VHDL file "C:/Users/Adam/Downloads/INF1500/INF1500_2034584_2081643_Lab3/lab3/lab3.ip_user_files/bd/MUX3_1/ip/MUX3_1_MUX_INDEX_2_0/sim/MUX3_1_MUX_INDEX_2_0.vhd" into library xil_defaultlib
INFO: [VRFC 10-3107] analyzing entity 'MUX3_1_MUX_INDEX_2_0'
INFO: [VRFC 10-163] Analyzing VHDL file "C:/Users/Adam/Downloads/INF1500/INF1500_2034584_2081643_Lab3/lab3/lab3.ip_user_files/bd/MUX3_1/ip/MUX3_1_MUX_INDEX_3_0/ipshared/4947/sim/ATAD_SPLIT_2.vhd" into library xil_defaultlib
INFO: [VRFC 10-3107] analyzing entity 'ATAD_SPLIT_2'
INFO: [VRFC 10-163] Analyzing VHDL file "C:/Users/Adam/Downloads/INF1500/INF1500_2034584_2081643_Lab3/lab3/lab3.ip_user_files/bd/MUX3_1/ip/MUX3_1_MUX_INDEX_3_0/src/MUX_INDEX_ATAD_SPLIT_2_0_0/sim/MUX_INDEX_ATAD_SPLIT_2_0_0.vhd" into library xil_defaultlib
INFO: [VRFC 10-3107] analyzing entity 'MUX_INDEX_ATAD_SPLIT_2_0_0'
INFO: [VRFC 10-163] Analyzing VHDL file "C:/Users/Adam/Downloads/INF1500/INF1500_2034584_2081643_Lab3/lab3/lab3.ip_user_files/bd/MUX3_1/ip/MUX3_1_MUX_INDEX_3_0/sim/MUX3_1_MUX_INDEX_3_0.vhd" into library xil_defaultlib
INFO: [VRFC 10-3107] analyzing entity 'MUX3_1_MUX_INDEX_3_0'
INFO: [VRFC 10-163] Analyzing VHDL file "C:/Users/Adam/Downloads/INF1500/INF1500_2034584_2081643_Lab3/lab3/lab3.ip_user_files/bd/MUX3_1/ip/MUX3_1_MUX_INDEX_0_0/ipshared/4947/sim/ATAD_SPLIT_2.vhd" into library xil_defaultlib
INFO: [VRFC 10-3107] analyzing entity 'ATAD_SPLIT_2'
INFO: [VRFC 10-163] Analyzing VHDL file "C:/Users/Adam/Downloads/INF1500/INF1500_2034584_2081643_Lab3/lab3/lab3.ip_user_files/bd/MUX3_1/ip/MUX3_1_MUX_INDEX_0_0/src/MUX_INDEX_ATAD_SPLIT_2_0_0/sim/MUX_INDEX_ATAD_SPLIT_2_0_0.vhd" into library xil_defaultlib
INFO: [VRFC 10-3107] analyzing entity 'MUX_INDEX_ATAD_SPLIT_2_0_0'
INFO: [VRFC 10-163] Analyzing VHDL file "C:/Users/Adam/Downloads/INF1500/INF1500_2034584_2081643_Lab3/lab3/lab3.ip_user_files/bd/MUX3_1/ip/MUX3_1_MUX_INDEX_0_0/sim/MUX3_1_MUX_INDEX_0_0.vhd" into library xil_defaultlib
INFO: [VRFC 10-3107] analyzing entity 'MUX3_1_MUX_INDEX_0_0'
INFO: [VRFC 10-163] Analyzing VHDL file "C:/Users/Adam/Downloads/INF1500/INF1500_2034584_2081643_Lab3/lab3/lab3.ip_user_files/bd/MUX_INDEX/sim/MUX_INDEX.vhd" into library xil_defaultlib
INFO: [VRFC 10-3107] analyzing entity 'MUX_INDEX'
INFO: [VRFC 10-163] Analyzing VHDL file "C:/Users/Adam/Downloads/INF1500/INF1500_2034584_2081643_Lab3/lab3/lab3.ip_user_files/bd/MUX3_1/ipshared/0273/sim/ATAD_SPLIT_4.vhd" into library xil_defaultlib
INFO: [VRFC 10-3107] analyzing entity 'ATAD_SPLIT_4'
INFO: [VRFC 10-163] Analyzing VHDL file "C:/Users/Adam/Downloads/INF1500/INF1500_2034584_2081643_Lab3/lab3/lab3.ip_user_files/bd/MUX3_1/ip/MUX3_1_ATAD_SPLIT_4_0_0/sim/MUX3_1_ATAD_SPLIT_4_0_0.vhd" into library xil_defaultlib
INFO: [VRFC 10-3107] analyzing entity 'MUX3_1_ATAD_SPLIT_4_0_0'
INFO: [VRFC 10-163] Analyzing VHDL file "C:/Users/Adam/Downloads/INF1500/INF1500_2034584_2081643_Lab3/lab3/lab3.ip_user_files/bd/MUX3_1/ip/MUX3_1_ATAD_SPLIT_4_1_0/sim/MUX3_1_ATAD_SPLIT_4_1_0.vhd" into library xil_defaultlib
INFO: [VRFC 10-3107] analyzing entity 'MUX3_1_ATAD_SPLIT_4_1_0'
INFO: [VRFC 10-163] Analyzing VHDL file "C:/Users/Adam/Downloads/INF1500/INF1500_2034584_2081643_Lab3/lab3/lab3.ip_user_files/bd/MUX3_1/ip/MUX3_1_ATAD_SPLIT_4_2_0/sim/MUX3_1_ATAD_SPLIT_4_2_0.vhd" into library xil_defaultlib
INFO: [VRFC 10-3107] analyzing entity 'MUX3_1_ATAD_SPLIT_4_2_0'
INFO: [VRFC 10-163] Analyzing VHDL file "C:/Users/Adam/Downloads/INF1500/INF1500_2034584_2081643_Lab3/lab3/lab3.ip_user_files/bd/MUX3_1/sim/MUX3_1.vhd" into library xil_defaultlib
INFO: [VRFC 10-3107] analyzing entity 'MUX3_1'
INFO: [VRFC 10-163] Analyzing VHDL file "C:/Users/Adam/Downloads/INF1500/INF1500_2034584_2081643_Lab3/lab3/lab3.ip_user_files/bd/LAB3_SYS/ip/LAB3_SYS_BIN_GRAY_0_1/ipshared/0273/sim/ATAD_SPLIT_4.vhd" into library xil_defaultlib
INFO: [VRFC 10-3107] analyzing entity 'ATAD_SPLIT_4'
INFO: [VRFC 10-163] Analyzing VHDL file "C:/Users/Adam/Downloads/INF1500/INF1500_2034584_2081643_Lab3/lab3/lab3.ip_user_files/bd/LAB3_SYS/ip/LAB3_SYS_BIN_GRAY_0_1/src/BIN_GRAY_ATAD_SPLIT_4_0_0/sim/BIN_GRAY_ATAD_SPLIT_4_0_0.vhd" into library xil_defaultlib
INFO: [VRFC 10-3107] analyzing entity 'BIN_GRAY_ATAD_SPLIT_4_0_0'
INFO: [VRFC 10-163] Analyzing VHDL file "C:/Users/Adam/Downloads/INF1500/INF1500_2034584_2081643_Lab3/lab3/lab3.ip_user_files/bd/LAB3_SYS/ipshared/16d5/sim/BIN_GRAY.vhd" into library xil_defaultlib
INFO: [VRFC 10-3107] analyzing entity 'BIN_GRAY'
INFO: [VRFC 10-163] Analyzing VHDL file "C:/Users/Adam/Downloads/INF1500/INF1500_2034584_2081643_Lab3/lab3/lab3.ip_user_files/bd/LAB3_SYS/ip/LAB3_SYS_BIN_GRAY_0_1/sim/LAB3_SYS_BIN_GRAY_0_1.vhd" into library xil_defaultlib
INFO: [VRFC 10-3107] analyzing entity 'LAB3_SYS_BIN_GRAY_0_1'
INFO: [VRFC 10-163] Analyzing VHDL file "C:/Users/Adam/Downloads/INF1500/INF1500_2034584_2081643_Lab3/lab3/lab3.ip_user_files/bd/LAB3_SYS/ip/LAB3_SYS_DIV_4_REST_0_1/ipshared/0273/sim/ATAD_SPLIT_4.vhd" into library xil_defaultlib
INFO: [VRFC 10-3107] analyzing entity 'ATAD_SPLIT_4'
INFO: [VRFC 10-163] Analyzing VHDL file "C:/Users/Adam/Downloads/INF1500/INF1500_2034584_2081643_Lab3/lab3/lab3.ip_user_files/bd/LAB3_SYS/ip/LAB3_SYS_DIV_4_REST_0_1/src/DIV_4_REST_ATAD_SPLIT_4_0_0/sim/DIV_4_REST_ATAD_SPLIT_4_0_0.vhd" into library xil_defaultlib
INFO: [VRFC 10-3107] analyzing entity 'DIV_4_REST_ATAD_SPLIT_4_0_0'
INFO: [VRFC 10-163] Analyzing VHDL file "C:/Users/Adam/Downloads/INF1500/INF1500_2034584_2081643_Lab3/lab3/lab3.ip_user_files/bd/LAB3_SYS/ipshared/c583/sim/DIV_4_REST.vhd" into library xil_defaultlib
INFO: [VRFC 10-3107] analyzing entity 'DIV_4_REST'
INFO: [VRFC 10-163] Analyzing VHDL file "C:/Users/Adam/Downloads/INF1500/INF1500_2034584_2081643_Lab3/lab3/lab3.ip_user_files/bd/LAB3_SYS/ip/LAB3_SYS_DIV_4_REST_0_1/sim/LAB3_SYS_DIV_4_REST_0_1.vhd" into library xil_defaultlib
INFO: [VRFC 10-3107] analyzing entity 'LAB3_SYS_DIV_4_REST_0_1'
INFO: [VRFC 10-163] Analyzing VHDL file "C:/Users/Adam/Downloads/INF1500/INF1500_2034584_2081643_Lab3/lab3/lab3.ip_user_files/bd/LAB3_SYS/ip/LAB3_SYS_CRYPTO_0_1/ipshared/0273/sim/ATAD_SPLIT_4.vhd" into library xil_defaultlib
INFO: [VRFC 10-3107] analyzing entity 'ATAD_SPLIT_4'
INFO: [VRFC 10-163] Analyzing VHDL file "C:/Users/Adam/Downloads/INF1500/INF1500_2034584_2081643_Lab3/lab3/lab3.ip_user_files/bd/LAB3_SYS/ip/LAB3_SYS_CRYPTO_0_1/src/CRYPTO_ATAD_SPLIT_4_0_0/sim/CRYPTO_ATAD_SPLIT_4_0_0.vhd" into library xil_defaultlib
INFO: [VRFC 10-3107] analyzing entity 'CRYPTO_ATAD_SPLIT_4_0_0'
INFO: [VRFC 10-163] Analyzing VHDL file "C:/Users/Adam/Downloads/INF1500/INF1500_2034584_2081643_Lab3/lab3/lab3.ip_user_files/bd/LAB3_SYS/ipshared/da90/sim/CRYPTO.vhd" into library xil_defaultlib
INFO: [VRFC 10-3107] analyzing entity 'CRYPTO'
INFO: [VRFC 10-163] Analyzing VHDL file "C:/Users/Adam/Downloads/INF1500/INF1500_2034584_2081643_Lab3/lab3/lab3.ip_user_files/bd/LAB3_SYS/ip/LAB3_SYS_CRYPTO_0_1/sim/LAB3_SYS_CRYPTO_0_1.vhd" into library xil_defaultlib
INFO: [VRFC 10-3107] analyzing entity 'LAB3_SYS_CRYPTO_0_1'
INFO: [VRFC 10-163] Analyzing VHDL file "C:/Users/Adam/Downloads/INF1500/INF1500_2034584_2081643_Lab3/lab3/lab3.ip_user_files/bd/LAB3_SYS/ip/LAB3_SYS_MUX3_1_0_1/ipshared/0273/sim/ATAD_SPLIT_4.vhd" into library xil_defaultlib
INFO: [VRFC 10-3107] analyzing entity 'ATAD_SPLIT_4'
INFO: [VRFC 10-163] Analyzing VHDL file "C:/Users/Adam/Downloads/INF1500/INF1500_2034584_2081643_Lab3/lab3/lab3.ip_user_files/bd/LAB3_SYS/ip/LAB3_SYS_MUX3_1_0_1/src/MUX3_1_ATAD_SPLIT_4_0_0/sim/MUX3_1_ATAD_SPLIT_4_0_0.vhd" into library xil_defaultlib
INFO: [VRFC 10-3107] analyzing entity 'MUX3_1_ATAD_SPLIT_4_0_0'
INFO: [VRFC 10-163] Analyzing VHDL file "C:/Users/Adam/Downloads/INF1500/INF1500_2034584_2081643_Lab3/lab3/lab3.ip_user_files/bd/LAB3_SYS/ip/LAB3_SYS_MUX3_1_0_1/src/MUX3_1_ATAD_SPLIT_4_1_0/sim/MUX3_1_ATAD_SPLIT_4_1_0.vhd" into library xil_defaultlib
INFO: [VRFC 10-3107] analyzing entity 'MUX3_1_ATAD_SPLIT_4_1_0'
INFO: [VRFC 10-163] Analyzing VHDL file "C:/Users/Adam/Downloads/INF1500/INF1500_2034584_2081643_Lab3/lab3/lab3.ip_user_files/bd/LAB3_SYS/ip/LAB3_SYS_MUX3_1_0_1/src/MUX3_1_ATAD_SPLIT_4_2_0/sim/MUX3_1_ATAD_SPLIT_4_2_0.vhd" into library xil_defaultlib
INFO: [VRFC 10-3107] analyzing entity 'MUX3_1_ATAD_SPLIT_4_2_0'
INFO: [VRFC 10-163] Analyzing VHDL file "C:/Users/Adam/Downloads/INF1500/INF1500_2034584_2081643_Lab3/lab3/lab3.ip_user_files/bd/LAB3_SYS/ip/LAB3_SYS_MUX3_1_0_1/src/MUX3_1_MUX_INDEX_1_0/ipshared/4947/sim/ATAD_SPLIT_2.vhd" into library xil_defaultlib
INFO: [VRFC 10-3107] analyzing entity 'ATAD_SPLIT_2'
INFO: [VRFC 10-163] Analyzing VHDL file "C:/Users/Adam/Downloads/INF1500/INF1500_2034584_2081643_Lab3/lab3/lab3.ip_user_files/bd/LAB3_SYS/ip/LAB3_SYS_MUX3_1_0_1/src/MUX3_1_MUX_INDEX_1_0/src/MUX_INDEX_ATAD_SPLIT_2_0_0/sim/MUX_INDEX_ATAD_SPLIT_2_0_0.vhd" into library xil_defaultlib
INFO: [VRFC 10-3107] analyzing entity 'MUX_INDEX_ATAD_SPLIT_2_0_0'
INFO: [VRFC 10-163] Analyzing VHDL file "C:/Users/Adam/Downloads/INF1500/INF1500_2034584_2081643_Lab3/lab3/lab3.ip_user_files/bd/LAB3_SYS/ip/LAB3_SYS_MUX3_1_0_1/ipshared/3164/sim/MUX_INDEX.vhd" into library xil_defaultlib
INFO: [VRFC 10-3107] analyzing entity 'MUX_INDEX'
INFO: [VRFC 10-163] Analyzing VHDL file "C:/Users/Adam/Downloads/INF1500/INF1500_2034584_2081643_Lab3/lab3/lab3.ip_user_files/bd/LAB3_SYS/ip/LAB3_SYS_MUX3_1_0_1/src/MUX3_1_MUX_INDEX_1_0/sim/MUX3_1_MUX_INDEX_1_0.vhd" into library xil_defaultlib
INFO: [VRFC 10-3107] analyzing entity 'MUX3_1_MUX_INDEX_1_0'
INFO: [VRFC 10-163] Analyzing VHDL file "C:/Users/Adam/Downloads/INF1500/INF1500_2034584_2081643_Lab3/lab3/lab3.ip_user_files/bd/LAB3_SYS/ip/LAB3_SYS_MUX3_1_0_1/src/MUX3_1_MUX_INDEX_2_0/ipshared/4947/sim/ATAD_SPLIT_2.vhd" into library xil_defaultlib
INFO: [VRFC 10-3107] analyzing entity 'ATAD_SPLIT_2'
INFO: [VRFC 10-163] Analyzing VHDL file "C:/Users/Adam/Downloads/INF1500/INF1500_2034584_2081643_Lab3/lab3/lab3.ip_user_files/bd/LAB3_SYS/ip/LAB3_SYS_MUX3_1_0_1/src/MUX3_1_MUX_INDEX_2_0/src/MUX_INDEX_ATAD_SPLIT_2_0_0/sim/MUX_INDEX_ATAD_SPLIT_2_0_0.vhd" into library xil_defaultlib
INFO: [VRFC 10-3107] analyzing entity 'MUX_INDEX_ATAD_SPLIT_2_0_0'
INFO: [VRFC 10-163] Analyzing VHDL file "C:/Users/Adam/Downloads/INF1500/INF1500_2034584_2081643_Lab3/lab3/lab3.ip_user_files/bd/LAB3_SYS/ip/LAB3_SYS_MUX3_1_0_1/src/MUX3_1_MUX_INDEX_2_0/sim/MUX3_1_MUX_INDEX_2_0.vhd" into library xil_defaultlib
INFO: [VRFC 10-3107] analyzing entity 'MUX3_1_MUX_INDEX_2_0'
INFO: [VRFC 10-163] Analyzing VHDL file "C:/Users/Adam/Downloads/INF1500/INF1500_2034584_2081643_Lab3/lab3/lab3.ip_user_files/bd/LAB3_SYS/ip/LAB3_SYS_MUX3_1_0_1/src/MUX3_1_MUX_INDEX_3_0/ipshared/4947/sim/ATAD_SPLIT_2.vhd" into library xil_defaultlib
INFO: [VRFC 10-3107] analyzing entity 'ATAD_SPLIT_2'
INFO: [VRFC 10-163] Analyzing VHDL file "C:/Users/Adam/Downloads/INF1500/INF1500_2034584_2081643_Lab3/lab3/lab3.ip_user_files/bd/LAB3_SYS/ip/LAB3_SYS_MUX3_1_0_1/src/MUX3_1_MUX_INDEX_3_0/src/MUX_INDEX_ATAD_SPLIT_2_0_0/sim/MUX_INDEX_ATAD_SPLIT_2_0_0.vhd" into library xil_defaultlib
INFO: [VRFC 10-3107] analyzing entity 'MUX_INDEX_ATAD_SPLIT_2_0_0'
INFO: [VRFC 10-163] Analyzing VHDL file "C:/Users/Adam/Downloads/INF1500/INF1500_2034584_2081643_Lab3/lab3/lab3.ip_user_files/bd/LAB3_SYS/ip/LAB3_SYS_MUX3_1_0_1/src/MUX3_1_MUX_INDEX_3_0/sim/MUX3_1_MUX_INDEX_3_0.vhd" into library xil_defaultlib
INFO: [VRFC 10-3107] analyzing entity 'MUX3_1_MUX_INDEX_3_0'
INFO: [VRFC 10-163] Analyzing VHDL file "C:/Users/Adam/Downloads/INF1500/INF1500_2034584_2081643_Lab3/lab3/lab3.ip_user_files/bd/LAB3_SYS/ip/LAB3_SYS_MUX3_1_0_1/src/MUX3_1_MUX_INDEX_0_0/ipshared/4947/sim/ATAD_SPLIT_2.vhd" into library xil_defaultlib
INFO: [VRFC 10-3107] analyzing entity 'ATAD_SPLIT_2'
INFO: [VRFC 10-163] Analyzing VHDL file "C:/Users/Adam/Downloads/INF1500/INF1500_2034584_2081643_Lab3/lab3/lab3.ip_user_files/bd/LAB3_SYS/ip/LAB3_SYS_MUX3_1_0_1/src/MUX3_1_MUX_INDEX_0_0/src/MUX_INDEX_ATAD_SPLIT_2_0_0/sim/MUX_INDEX_ATAD_SPLIT_2_0_0.vhd" into library xil_defaultlib
INFO: [VRFC 10-3107] analyzing entity 'MUX_INDEX_ATAD_SPLIT_2_0_0'
INFO: [VRFC 10-163] Analyzing VHDL file "C:/Users/Adam/Downloads/INF1500/INF1500_2034584_2081643_Lab3/lab3/lab3.ip_user_files/bd/LAB3_SYS/ip/LAB3_SYS_MUX3_1_0_1/src/MUX3_1_MUX_INDEX_0_0/sim/MUX3_1_MUX_INDEX_0_0.vhd" into library xil_defaultlib
INFO: [VRFC 10-3107] analyzing entity 'MUX3_1_MUX_INDEX_0_0'
INFO: [VRFC 10-163] Analyzing VHDL file "C:/Users/Adam/Downloads/INF1500/INF1500_2034584_2081643_Lab3/lab3/lab3.ip_user_files/bd/LAB3_SYS/ipshared/3b28/sim/MUX3_1.vhd" into library xil_defaultlib
INFO: [VRFC 10-3107] analyzing entity 'MUX3_1'
INFO: [VRFC 10-163] Analyzing VHDL file "C:/Users/Adam/Downloads/INF1500/INF1500_2034584_2081643_Lab3/lab3/lab3.ip_user_files/bd/LAB3_SYS/ip/LAB3_SYS_MUX3_1_0_1/sim/LAB3_SYS_MUX3_1_0_1.vhd" into library xil_defaultlib
INFO: [VRFC 10-3107] analyzing entity 'LAB3_SYS_MUX3_1_0_1'
INFO: [VRFC 10-163] Analyzing VHDL file "C:/Users/Adam/Downloads/INF1500/INF1500_2034584_2081643_Lab3/lab3/lab3.ip_user_files/bd/LAB3_SYS/sim/LAB3_SYS.vhd" into library xil_defaultlib
INFO: [VRFC 10-3107] analyzing entity 'LAB3_SYS'
INFO: [VRFC 10-163] Analyzing VHDL file "C:/Users/Adam/Downloads/INF1500/INF1500_2034584_2081643_Lab3/lab3/lab3.srcs/sources_1/bd/DIV_4_REST/sim/DIV_4_REST.vhd" into library xil_defaultlib
INFO: [VRFC 10-3107] analyzing entity 'DIV_4_REST'
INFO: [VRFC 10-163] Analyzing VHDL file "C:/Users/Adam/Downloads/INF1500/INF1500_2034584_2081643_Lab3/lab3/lab3.srcs/sources_1/bd/CRYPTO/sim/CRYPTO.vhd" into library xil_defaultlib
INFO: [VRFC 10-3107] analyzing entity 'CRYPTO'
INFO: [VRFC 10-163] Analyzing VHDL file "C:/Users/Adam/Downloads/INF1500/INF1500_2034584_2081643_Lab3/lab3/lab3.ip_user_files/bd/BIN_GRAY/sim/BIN_GRAY.vhd" into library xil_defaultlib
INFO: [VRFC 10-3107] analyzing entity 'BIN_GRAY'
INFO: [VRFC 10-163] Analyzing VHDL file "C:/Users/Adam/Downloads/INF1500/INF1500_2034584_2081643_Lab3/lab3/lab3.srcs/sources_1/bd/DIV_4_REST/hdl/DIV_4_REST_wrapper.vhd" into library xil_defaultlib
INFO: [VRFC 10-3107] analyzing entity 'DIV_4_REST_wrapper'
INFO: [VRFC 10-163] Analyzing VHDL file "C:/Users/Adam/Downloads/INF1500/INF1500_2034584_2081643_Lab3/lab3/lab3.srcs/sources_1/bd/CRYPTO/hdl/CRYPTO_wrapper.vhd" into library xil_defaultlib
INFO: [VRFC 10-3107] analyzing entity 'CRYPTO_wrapper'
INFO: [VRFC 10-163] Analyzing VHDL file "C:/Users/Adam/Downloads/INF1500/INF1500_2034584_2081643_Lab3/lab3/lab3.srcs/sources_1/bd/BIN_GRAY/hdl/BIN_GRAY_wrapper.vhd" into library xil_defaultlib
INFO: [VRFC 10-3107] analyzing entity 'BIN_GRAY_wrapper'
INFO: [VRFC 10-163] Analyzing VHDL file "C:/Users/Adam/Downloads/INF1500/INF1500_2034584_2081643_Lab3/lab3/lab3.srcs/sources_1/bd/MUX_INDEX/hdl/MUX_INDEX_wrapper.vhd" into library xil_defaultlib
INFO: [VRFC 10-3107] analyzing entity 'MUX_INDEX_wrapper'
INFO: [VRFC 10-163] Analyzing VHDL file "C:/Users/Adam/Downloads/INF1500/INF1500_2034584_2081643_Lab3/lab3/lab3.srcs/sources_1/bd/MUX3_1/hdl/MUX3_1_wrapper.vhd" into library xil_defaultlib
INFO: [VRFC 10-3107] analyzing entity 'MUX3_1_wrapper'
INFO: [VRFC 10-163] Analyzing VHDL file "C:/Users/Adam/Downloads/INF1500/INF1500_2034584_2081643_Lab3/lab3/lab3.srcs/sources_1/bd/LAB3_SYS/hdl/LAB3_SYS_wrapper.vhd" into library xil_defaultlib
INFO: [VRFC 10-3107] analyzing entity 'LAB3_SYS_wrapper'
