
*** Running vivado
    with args -log LAB3_SYS_MUX3_1_0_1.vds -m64 -product Vivado -mode batch -messageDb vivado.pb -notrace -source LAB3_SYS_MUX3_1_0_1.tcl



****** Vivado v2020.1 (64-bit)
  **** SW Build 2902540 on Wed May 27 19:54:49 MDT 2020
  **** IP Build 2902112 on Wed May 27 22:43:36 MDT 2020
    ** Copyright 1986-2020 Xilinx, Inc. All Rights Reserved.

source LAB3_SYS_MUX3_1_0_1.tcl -notrace
INFO: [IP_Flow 19-234] Refreshing IP repositories
INFO: [IP_Flow 19-1700] Loaded user IP repository 'c:/Users/Adam/Downloads/INF1500/ip_repo/MUX3_1'.
INFO: [IP_Flow 19-1700] Loaded user IP repository 'c:/Users/Adam/Downloads/INF1500/ip_repo/BIN_GRAY'.
INFO: [IP_Flow 19-1700] Loaded user IP repository 'c:/Users/Adam/Downloads/INF1500/ip_repo/MUX_INDEX'.
INFO: [IP_Flow 19-1700] Loaded user IP repository 'c:/Users/Adam/Downloads/INF1500/ip_repo/CRYPTO'.
INFO: [IP_Flow 19-1700] Loaded user IP repository 'c:/Users/Adam/Downloads/INF1500/ip_repo/DIV_4_REST'.
INFO: [IP_Flow 19-1700] Loaded user IP repository 'c:/Users/Adam/Downloads/INF1500/ip_repo/ATAD_LIB'.
INFO: [IP_Flow 19-1700] Loaded user IP repository 'c:/Users/Adam/Downloads/INF1500/ip_repo/XUP_LIB'.
INFO: [IP_Flow 19-2313] Loaded Vivado IP repository 'C:/Xilinx/Vivado/2020.1/data/ip'.
Command: synth_design -top LAB3_SYS_MUX3_1_0_1 -part xc7a100tcsg324-1 -mode out_of_context
Starting synth_design
WARNING: [Vivado_Tcl 4-393] The 'Synthesis' target of the following IPs are stale, please generate the output products using the generate_target or synth_ip command before running synth_design.
c:/Users/Adam/Downloads/INF1500/INF1500_2034584_2081643_Lab3/lab3/lab3.srcs/sources_1/bd/LAB3_SYS/ip/LAB3_SYS_MUX3_1_0_1/LAB3_SYS_MUX3_1_0_1.xci

Attempting to get a license for feature 'Synthesis' and/or device 'xc7a100t'
INFO: [Common 17-349] Got license for feature 'Synthesis' and/or device 'xc7a100t'
INFO: [Device 21-403] Loading part xc7a100tcsg324-1
INFO: [Synth 8-7079] Multithreading enabled for synth_design using a maximum of 2 processes.
INFO: [Synth 8-7078] Launching helper process for spawning children vivado processes
INFO: [Synth 8-7075] Helper process launched with PID 8676
---------------------------------------------------------------------------------
Starting RTL Elaboration : Time (s): cpu = 00:00:07 ; elapsed = 00:00:08 . Memory (MB): peak = 1016.168 ; gain = 0.000
---------------------------------------------------------------------------------
INFO: [Synth 8-638] synthesizing module 'LAB3_SYS_MUX3_1_0_1' [c:/Users/Adam/Downloads/INF1500/INF1500_2034584_2081643_Lab3/lab3/lab3.srcs/sources_1/bd/LAB3_SYS/ip/LAB3_SYS_MUX3_1_0_1/synth/LAB3_SYS_MUX3_1_0_1.vhd:66]
INFO: [Synth 8-3491] module 'MUX3_1' declared at 'c:/Users/Adam/Downloads/INF1500/INF1500_2034584_2081643_Lab3/lab3/lab3.srcs/sources_1/bd/LAB3_SYS/ipshared/3b28/src/MUX3_1.vhd:14' bound to instance 'U0' of component 'MUX3_1' [c:/Users/Adam/Downloads/INF1500/INF1500_2034584_2081643_Lab3/lab3/lab3.srcs/sources_1/bd/LAB3_SYS/ip/LAB3_SYS_MUX3_1_0_1/synth/LAB3_SYS_MUX3_1_0_1.vhd:87]
INFO: [Synth 8-638] synthesizing module 'MUX3_1' [c:/Users/Adam/Downloads/INF1500/INF1500_2034584_2081643_Lab3/lab3/lab3.srcs/sources_1/bd/LAB3_SYS/ipshared/3b28/src/MUX3_1.vhd:28]
INFO: [Synth 8-3491] module 'MUX3_1_ATAD_SPLIT_4_0_0' declared at 'c:/Users/Adam/Downloads/INF1500/INF1500_2034584_2081643_Lab3/lab3/lab3.srcs/sources_1/bd/LAB3_SYS/ip/LAB3_SYS_MUX3_1_0_1/src/MUX3_1_ATAD_SPLIT_4_0_0/synth/MUX3_1_ATAD_SPLIT_4_0_0.vhd:56' bound to instance 'ATAD_SPLIT_4_0' of component 'MUX3_1_ATAD_SPLIT_4_0_0' [c:/Users/Adam/Downloads/INF1500/INF1500_2034584_2081643_Lab3/lab3/lab3.srcs/sources_1/bd/LAB3_SYS/ipshared/3b28/src/MUX3_1.vhd:128]
INFO: [Synth 8-638] synthesizing module 'MUX3_1_ATAD_SPLIT_4_0_0' [c:/Users/Adam/Downloads/INF1500/INF1500_2034584_2081643_Lab3/lab3/lab3.srcs/sources_1/bd/LAB3_SYS/ip/LAB3_SYS_MUX3_1_0_1/src/MUX3_1_ATAD_SPLIT_4_0_0/synth/MUX3_1_ATAD_SPLIT_4_0_0.vhd:66]
INFO: [Synth 8-3491] module 'ATAD_SPLIT_4' declared at 'c:/Users/Adam/Downloads/INF1500/INF1500_2034584_2081643_Lab3/lab3/lab3.srcs/sources_1/bd/LAB3_SYS/ip/LAB3_SYS_MUX3_1_0_1/ipshared/0273/src/ATAD_SPLIT_4.vhd:34' bound to instance 'U0' of component 'ATAD_SPLIT_4' [c:/Users/Adam/Downloads/INF1500/INF1500_2034584_2081643_Lab3/lab3/lab3.srcs/sources_1/bd/LAB3_SYS/ip/LAB3_SYS_MUX3_1_0_1/src/MUX3_1_ATAD_SPLIT_4_0_0/synth/MUX3_1_ATAD_SPLIT_4_0_0.vhd:87]
INFO: [Synth 8-638] synthesizing module 'ATAD_SPLIT_4' [c:/Users/Adam/Downloads/INF1500/INF1500_2034584_2081643_Lab3/lab3/lab3.srcs/sources_1/bd/LAB3_SYS/ip/LAB3_SYS_MUX3_1_0_1/ipshared/0273/src/ATAD_SPLIT_4.vhd:42]
INFO: [Synth 8-256] done synthesizing module 'ATAD_SPLIT_4' (1#1) [c:/Users/Adam/Downloads/INF1500/INF1500_2034584_2081643_Lab3/lab3/lab3.srcs/sources_1/bd/LAB3_SYS/ip/LAB3_SYS_MUX3_1_0_1/ipshared/0273/src/ATAD_SPLIT_4.vhd:42]
INFO: [Synth 8-256] done synthesizing module 'MUX3_1_ATAD_SPLIT_4_0_0' (2#1) [c:/Users/Adam/Downloads/INF1500/INF1500_2034584_2081643_Lab3/lab3/lab3.srcs/sources_1/bd/LAB3_SYS/ip/LAB3_SYS_MUX3_1_0_1/src/MUX3_1_ATAD_SPLIT_4_0_0/synth/MUX3_1_ATAD_SPLIT_4_0_0.vhd:66]
INFO: [Synth 8-3491] module 'MUX3_1_ATAD_SPLIT_4_1_0' declared at 'c:/Users/Adam/Downloads/INF1500/INF1500_2034584_2081643_Lab3/lab3/lab3.srcs/sources_1/bd/LAB3_SYS/ip/LAB3_SYS_MUX3_1_0_1/src/MUX3_1_ATAD_SPLIT_4_1_0/synth/MUX3_1_ATAD_SPLIT_4_1_0.vhd:56' bound to instance 'ATAD_SPLIT_4_1' of component 'MUX3_1_ATAD_SPLIT_4_1_0' [c:/Users/Adam/Downloads/INF1500/INF1500_2034584_2081643_Lab3/lab3/lab3.srcs/sources_1/bd/LAB3_SYS/ipshared/3b28/src/MUX3_1.vhd:136]
INFO: [Synth 8-638] synthesizing module 'MUX3_1_ATAD_SPLIT_4_1_0' [c:/Users/Adam/Downloads/INF1500/INF1500_2034584_2081643_Lab3/lab3/lab3.srcs/sources_1/bd/LAB3_SYS/ip/LAB3_SYS_MUX3_1_0_1/src/MUX3_1_ATAD_SPLIT_4_1_0/synth/MUX3_1_ATAD_SPLIT_4_1_0.vhd:66]
INFO: [Synth 8-3491] module 'ATAD_SPLIT_4' declared at 'c:/Users/Adam/Downloads/INF1500/INF1500_2034584_2081643_Lab3/lab3/lab3.srcs/sources_1/bd/LAB3_SYS/ip/LAB3_SYS_MUX3_1_0_1/ipshared/0273/src/ATAD_SPLIT_4.vhd:34' bound to instance 'U0' of component 'ATAD_SPLIT_4' [c:/Users/Adam/Downloads/INF1500/INF1500_2034584_2081643_Lab3/lab3/lab3.srcs/sources_1/bd/LAB3_SYS/ip/LAB3_SYS_MUX3_1_0_1/src/MUX3_1_ATAD_SPLIT_4_1_0/synth/MUX3_1_ATAD_SPLIT_4_1_0.vhd:87]
INFO: [Synth 8-256] done synthesizing module 'MUX3_1_ATAD_SPLIT_4_1_0' (3#1) [c:/Users/Adam/Downloads/INF1500/INF1500_2034584_2081643_Lab3/lab3/lab3.srcs/sources_1/bd/LAB3_SYS/ip/LAB3_SYS_MUX3_1_0_1/src/MUX3_1_ATAD_SPLIT_4_1_0/synth/MUX3_1_ATAD_SPLIT_4_1_0.vhd:66]
INFO: [Synth 8-3491] module 'MUX3_1_ATAD_SPLIT_4_2_0' declared at 'c:/Users/Adam/Downloads/INF1500/INF1500_2034584_2081643_Lab3/lab3/lab3.srcs/sources_1/bd/LAB3_SYS/ip/LAB3_SYS_MUX3_1_0_1/src/MUX3_1_ATAD_SPLIT_4_2_0/synth/MUX3_1_ATAD_SPLIT_4_2_0.vhd:56' bound to instance 'ATAD_SPLIT_4_2' of component 'MUX3_1_ATAD_SPLIT_4_2_0' [c:/Users/Adam/Downloads/INF1500/INF1500_2034584_2081643_Lab3/lab3/lab3.srcs/sources_1/bd/LAB3_SYS/ipshared/3b28/src/MUX3_1.vhd:144]
INFO: [Synth 8-638] synthesizing module 'MUX3_1_ATAD_SPLIT_4_2_0' [c:/Users/Adam/Downloads/INF1500/INF1500_2034584_2081643_Lab3/lab3/lab3.srcs/sources_1/bd/LAB3_SYS/ip/LAB3_SYS_MUX3_1_0_1/src/MUX3_1_ATAD_SPLIT_4_2_0/synth/MUX3_1_ATAD_SPLIT_4_2_0.vhd:66]
INFO: [Synth 8-3491] module 'ATAD_SPLIT_4' declared at 'c:/Users/Adam/Downloads/INF1500/INF1500_2034584_2081643_Lab3/lab3/lab3.srcs/sources_1/bd/LAB3_SYS/ip/LAB3_SYS_MUX3_1_0_1/ipshared/0273/src/ATAD_SPLIT_4.vhd:34' bound to instance 'U0' of component 'ATAD_SPLIT_4' [c:/Users/Adam/Downloads/INF1500/INF1500_2034584_2081643_Lab3/lab3/lab3.srcs/sources_1/bd/LAB3_SYS/ip/LAB3_SYS_MUX3_1_0_1/src/MUX3_1_ATAD_SPLIT_4_2_0/synth/MUX3_1_ATAD_SPLIT_4_2_0.vhd:87]
INFO: [Synth 8-256] done synthesizing module 'MUX3_1_ATAD_SPLIT_4_2_0' (4#1) [c:/Users/Adam/Downloads/INF1500/INF1500_2034584_2081643_Lab3/lab3/lab3.srcs/sources_1/bd/LAB3_SYS/ip/LAB3_SYS_MUX3_1_0_1/src/MUX3_1_ATAD_SPLIT_4_2_0/synth/MUX3_1_ATAD_SPLIT_4_2_0.vhd:66]
INFO: [Synth 8-3491] module 'MUX3_1_MUX_INDEX_0_0' declared at 'c:/Users/Adam/Downloads/INF1500/INF1500_2034584_2081643_Lab3/lab3/lab3.srcs/sources_1/bd/LAB3_SYS/ip/LAB3_SYS_MUX3_1_0_1/src/MUX3_1_MUX_INDEX_0_0/synth/MUX3_1_MUX_INDEX_0_0.vhd:56' bound to instance 'MUX_INDEX_0' of component 'MUX3_1_MUX_INDEX_0_0' [c:/Users/Adam/Downloads/INF1500/INF1500_2034584_2081643_Lab3/lab3/lab3.srcs/sources_1/bd/LAB3_SYS/ipshared/3b28/src/MUX3_1.vhd:152]
INFO: [Synth 8-638] synthesizing module 'MUX3_1_MUX_INDEX_0_0' [c:/Users/Adam/Downloads/INF1500/INF1500_2034584_2081643_Lab3/lab3/lab3.srcs/sources_1/bd/LAB3_SYS/ip/LAB3_SYS_MUX3_1_0_1/src/MUX3_1_MUX_INDEX_0_0/synth/MUX3_1_MUX_INDEX_0_0.vhd:66]
INFO: [Synth 8-3491] module 'MUX_INDEX' declared at 'c:/Users/Adam/Downloads/INF1500/INF1500_2034584_2081643_Lab3/lab3/lab3.srcs/sources_1/bd/LAB3_SYS/ip/LAB3_SYS_MUX3_1_0_1/ipshared/3164/src/MUX_INDEX.vhd:14' bound to instance 'U0' of component 'MUX_INDEX' [c:/Users/Adam/Downloads/INF1500/INF1500_2034584_2081643_Lab3/lab3/lab3.srcs/sources_1/bd/LAB3_SYS/ip/LAB3_SYS_MUX3_1_0_1/src/MUX3_1_MUX_INDEX_0_0/synth/MUX3_1_MUX_INDEX_0_0.vhd:87]
INFO: [Synth 8-638] synthesizing module 'MUX_INDEX' [c:/Users/Adam/Downloads/INF1500/INF1500_2034584_2081643_Lab3/lab3/lab3.srcs/sources_1/bd/LAB3_SYS/ip/LAB3_SYS_MUX3_1_0_1/ipshared/3164/src/MUX_INDEX.vhd:28]
INFO: [Synth 8-3491] module 'MUX_INDEX_ATAD_SPLIT_2_0_0' declared at 'c:/Users/Adam/Downloads/INF1500/INF1500_2034584_2081643_Lab3/lab3/lab3.srcs/sources_1/bd/LAB3_SYS/ip/LAB3_SYS_MUX3_1_0_1/src/MUX3_1_MUX_INDEX_0_0/src/MUX_INDEX_ATAD_SPLIT_2_0_0/synth/MUX_INDEX_ATAD_SPLIT_2_0_0.vhd:56' bound to instance 'ATAD_SPLIT_2_0' of component 'MUX_INDEX_ATAD_SPLIT_2_0_0' [c:/Users/Adam/Downloads/INF1500/INF1500_2034584_2081643_Lab3/lab3/lab3.srcs/sources_1/bd/LAB3_SYS/ip/LAB3_SYS_MUX3_1_0_1/ipshared/3164/src/MUX_INDEX.vhd:98]
INFO: [Synth 8-638] synthesizing module 'MUX_INDEX_ATAD_SPLIT_2_0_0' [c:/Users/Adam/Downloads/INF1500/INF1500_2034584_2081643_Lab3/lab3/lab3.srcs/sources_1/bd/LAB3_SYS/ip/LAB3_SYS_MUX3_1_0_1/src/MUX3_1_MUX_INDEX_0_0/src/MUX_INDEX_ATAD_SPLIT_2_0_0/synth/MUX_INDEX_ATAD_SPLIT_2_0_0.vhd:64]
INFO: [Synth 8-3491] module 'ATAD_SPLIT_2' declared at 'c:/Users/Adam/Downloads/INF1500/INF1500_2034584_2081643_Lab3/lab3/lab3.srcs/sources_1/bd/LAB3_SYS/ip/LAB3_SYS_MUX3_1_0_1/src/MUX3_1_MUX_INDEX_0_0/ipshared/4947/src/ATAD_SPLIT_2.vhd:34' bound to instance 'U0' of component 'ATAD_SPLIT_2' [c:/Users/Adam/Downloads/INF1500/INF1500_2034584_2081643_Lab3/lab3/lab3.srcs/sources_1/bd/LAB3_SYS/ip/LAB3_SYS_MUX3_1_0_1/src/MUX3_1_MUX_INDEX_0_0/src/MUX_INDEX_ATAD_SPLIT_2_0_0/synth/MUX_INDEX_ATAD_SPLIT_2_0_0.vhd:83]
INFO: [Synth 8-638] synthesizing module 'ATAD_SPLIT_2' [c:/Users/Adam/Downloads/INF1500/INF1500_2034584_2081643_Lab3/lab3/lab3.srcs/sources_1/bd/LAB3_SYS/ip/LAB3_SYS_MUX3_1_0_1/src/MUX3_1_MUX_INDEX_0_0/ipshared/4947/src/ATAD_SPLIT_2.vhd:40]
INFO: [Synth 8-256] done synthesizing module 'ATAD_SPLIT_2' (5#1) [c:/Users/Adam/Downloads/INF1500/INF1500_2034584_2081643_Lab3/lab3/lab3.srcs/sources_1/bd/LAB3_SYS/ip/LAB3_SYS_MUX3_1_0_1/src/MUX3_1_MUX_INDEX_0_0/ipshared/4947/src/ATAD_SPLIT_2.vhd:40]
INFO: [Synth 8-256] done synthesizing module 'MUX_INDEX_ATAD_SPLIT_2_0_0' (6#1) [c:/Users/Adam/Downloads/INF1500/INF1500_2034584_2081643_Lab3/lab3/lab3.srcs/sources_1/bd/LAB3_SYS/ip/LAB3_SYS_MUX3_1_0_1/src/MUX3_1_MUX_INDEX_0_0/src/MUX_INDEX_ATAD_SPLIT_2_0_0/synth/MUX_INDEX_ATAD_SPLIT_2_0_0.vhd:64]
INFO: [Synth 8-3491] module 'MUX_INDEX_xup_and3_0_0' declared at 'c:/Users/Adam/Downloads/INF1500/INF1500_2034584_2081643_Lab3/lab3/lab3.srcs/sources_1/bd/LAB3_SYS/ip/LAB3_SYS_MUX3_1_0_1/src/MUX3_1_MUX_INDEX_0_0/src/MUX_INDEX_xup_and3_0_0/synth/MUX_INDEX_xup_and3_0_0.v:57' bound to instance 'xup_and3_0' of component 'MUX_INDEX_xup_and3_0_0' [c:/Users/Adam/Downloads/INF1500/INF1500_2034584_2081643_Lab3/lab3/lab3.srcs/sources_1/bd/LAB3_SYS/ip/LAB3_SYS_MUX3_1_0_1/ipshared/3164/src/MUX_INDEX.vhd:104]
INFO: [Synth 8-6157] synthesizing module 'MUX_INDEX_xup_and3_0_0' [c:/Users/Adam/Downloads/INF1500/INF1500_2034584_2081643_Lab3/lab3/lab3.srcs/sources_1/bd/LAB3_SYS/ip/LAB3_SYS_MUX3_1_0_1/src/MUX3_1_MUX_INDEX_0_0/src/MUX_INDEX_xup_and3_0_0/synth/MUX_INDEX_xup_and3_0_0.v:57]
INFO: [Synth 8-6157] synthesizing module 'xup_and3' [c:/Users/Adam/Downloads/INF1500/INF1500_2034584_2081643_Lab3/lab3/lab3.srcs/sources_1/bd/LAB3_SYS/ip/LAB3_SYS_MUX3_1_0_1/src/MUX3_1_MUX_INDEX_0_0/ipshared/b79c/xup_and3.srcs/sources_1/new/xup_and3.v:5]
	Parameter DELAY bound to: 3 - type: integer 
INFO: [Synth 8-6155] done synthesizing module 'xup_and3' (7#1) [c:/Users/Adam/Downloads/INF1500/INF1500_2034584_2081643_Lab3/lab3/lab3.srcs/sources_1/bd/LAB3_SYS/ip/LAB3_SYS_MUX3_1_0_1/src/MUX3_1_MUX_INDEX_0_0/ipshared/b79c/xup_and3.srcs/sources_1/new/xup_and3.v:5]
INFO: [Synth 8-6155] done synthesizing module 'MUX_INDEX_xup_and3_0_0' (8#1) [c:/Users/Adam/Downloads/INF1500/INF1500_2034584_2081643_Lab3/lab3/lab3.srcs/sources_1/bd/LAB3_SYS/ip/LAB3_SYS_MUX3_1_0_1/src/MUX3_1_MUX_INDEX_0_0/src/MUX_INDEX_xup_and3_0_0/synth/MUX_INDEX_xup_and3_0_0.v:57]
INFO: [Synth 8-3491] module 'MUX_INDEX_xup_and3_1_0' declared at 'c:/Users/Adam/Downloads/INF1500/INF1500_2034584_2081643_Lab3/lab3/lab3.srcs/sources_1/bd/LAB3_SYS/ip/LAB3_SYS_MUX3_1_0_1/src/MUX3_1_MUX_INDEX_0_0/src/MUX_INDEX_xup_and3_1_0/synth/MUX_INDEX_xup_and3_1_0.v:57' bound to instance 'xup_and3_1' of component 'MUX_INDEX_xup_and3_1_0' [c:/Users/Adam/Downloads/INF1500/INF1500_2034584_2081643_Lab3/lab3/lab3.srcs/sources_1/bd/LAB3_SYS/ip/LAB3_SYS_MUX3_1_0_1/ipshared/3164/src/MUX_INDEX.vhd:111]
INFO: [Synth 8-6157] synthesizing module 'MUX_INDEX_xup_and3_1_0' [c:/Users/Adam/Downloads/INF1500/INF1500_2034584_2081643_Lab3/lab3/lab3.srcs/sources_1/bd/LAB3_SYS/ip/LAB3_SYS_MUX3_1_0_1/src/MUX3_1_MUX_INDEX_0_0/src/MUX_INDEX_xup_and3_1_0/synth/MUX_INDEX_xup_and3_1_0.v:57]
INFO: [Synth 8-6155] done synthesizing module 'MUX_INDEX_xup_and3_1_0' (9#1) [c:/Users/Adam/Downloads/INF1500/INF1500_2034584_2081643_Lab3/lab3/lab3.srcs/sources_1/bd/LAB3_SYS/ip/LAB3_SYS_MUX3_1_0_1/src/MUX3_1_MUX_INDEX_0_0/src/MUX_INDEX_xup_and3_1_0/synth/MUX_INDEX_xup_and3_1_0.v:57]
INFO: [Synth 8-3491] module 'MUX_INDEX_xup_and3_2_0' declared at 'c:/Users/Adam/Downloads/INF1500/INF1500_2034584_2081643_Lab3/lab3/lab3.srcs/sources_1/bd/LAB3_SYS/ip/LAB3_SYS_MUX3_1_0_1/src/MUX3_1_MUX_INDEX_0_0/src/MUX_INDEX_xup_and3_2_0/synth/MUX_INDEX_xup_and3_2_0.v:57' bound to instance 'xup_and3_2' of component 'MUX_INDEX_xup_and3_2_0' [c:/Users/Adam/Downloads/INF1500/INF1500_2034584_2081643_Lab3/lab3/lab3.srcs/sources_1/bd/LAB3_SYS/ip/LAB3_SYS_MUX3_1_0_1/ipshared/3164/src/MUX_INDEX.vhd:118]
INFO: [Synth 8-6157] synthesizing module 'MUX_INDEX_xup_and3_2_0' [c:/Users/Adam/Downloads/INF1500/INF1500_2034584_2081643_Lab3/lab3/lab3.srcs/sources_1/bd/LAB3_SYS/ip/LAB3_SYS_MUX3_1_0_1/src/MUX3_1_MUX_INDEX_0_0/src/MUX_INDEX_xup_and3_2_0/synth/MUX_INDEX_xup_and3_2_0.v:57]
INFO: [Synth 8-6155] done synthesizing module 'MUX_INDEX_xup_and3_2_0' (10#1) [c:/Users/Adam/Downloads/INF1500/INF1500_2034584_2081643_Lab3/lab3/lab3.srcs/sources_1/bd/LAB3_SYS/ip/LAB3_SYS_MUX3_1_0_1/src/MUX3_1_MUX_INDEX_0_0/src/MUX_INDEX_xup_and3_2_0/synth/MUX_INDEX_xup_and3_2_0.v:57]
INFO: [Synth 8-3491] module 'MUX_INDEX_xup_inv_0_0' declared at 'c:/Users/Adam/Downloads/INF1500/INF1500_2034584_2081643_Lab3/lab3/lab3.srcs/sources_1/bd/LAB3_SYS/ip/LAB3_SYS_MUX3_1_0_1/src/MUX3_1_MUX_INDEX_0_0/src/MUX_INDEX_xup_inv_0_0/synth/MUX_INDEX_xup_inv_0_0.v:57' bound to instance 'xup_inv_0' of component 'MUX_INDEX_xup_inv_0_0' [c:/Users/Adam/Downloads/INF1500/INF1500_2034584_2081643_Lab3/lab3/lab3.srcs/sources_1/bd/LAB3_SYS/ip/LAB3_SYS_MUX3_1_0_1/ipshared/3164/src/MUX_INDEX.vhd:125]
INFO: [Synth 8-6157] synthesizing module 'MUX_INDEX_xup_inv_0_0' [c:/Users/Adam/Downloads/INF1500/INF1500_2034584_2081643_Lab3/lab3/lab3.srcs/sources_1/bd/LAB3_SYS/ip/LAB3_SYS_MUX3_1_0_1/src/MUX3_1_MUX_INDEX_0_0/src/MUX_INDEX_xup_inv_0_0/synth/MUX_INDEX_xup_inv_0_0.v:57]
INFO: [Synth 8-6157] synthesizing module 'xup_inv' [c:/Users/Adam/Downloads/INF1500/INF1500_2034584_2081643_Lab3/lab3/lab3.srcs/sources_1/bd/LAB3_SYS/ip/LAB3_SYS_MUX3_1_0_1/src/MUX3_1_MUX_INDEX_0_0/ipshared/e3e7/xup_inv.srcs/sources_1/new/xup_inv.v:5]
	Parameter DELAY bound to: 3 - type: integer 
INFO: [Synth 8-6155] done synthesizing module 'xup_inv' (11#1) [c:/Users/Adam/Downloads/INF1500/INF1500_2034584_2081643_Lab3/lab3/lab3.srcs/sources_1/bd/LAB3_SYS/ip/LAB3_SYS_MUX3_1_0_1/src/MUX3_1_MUX_INDEX_0_0/ipshared/e3e7/xup_inv.srcs/sources_1/new/xup_inv.v:5]
INFO: [Synth 8-6155] done synthesizing module 'MUX_INDEX_xup_inv_0_0' (12#1) [c:/Users/Adam/Downloads/INF1500/INF1500_2034584_2081643_Lab3/lab3/lab3.srcs/sources_1/bd/LAB3_SYS/ip/LAB3_SYS_MUX3_1_0_1/src/MUX3_1_MUX_INDEX_0_0/src/MUX_INDEX_xup_inv_0_0/synth/MUX_INDEX_xup_inv_0_0.v:57]
INFO: [Synth 8-3491] module 'MUX_INDEX_xup_inv_1_0' declared at 'c:/Users/Adam/Downloads/INF1500/INF1500_2034584_2081643_Lab3/lab3/lab3.srcs/sources_1/bd/LAB3_SYS/ip/LAB3_SYS_MUX3_1_0_1/src/MUX3_1_MUX_INDEX_0_0/src/MUX_INDEX_xup_inv_1_0/synth/MUX_INDEX_xup_inv_1_0.v:57' bound to instance 'xup_inv_1' of component 'MUX_INDEX_xup_inv_1_0' [c:/Users/Adam/Downloads/INF1500/INF1500_2034584_2081643_Lab3/lab3/lab3.srcs/sources_1/bd/LAB3_SYS/ip/LAB3_SYS_MUX3_1_0_1/ipshared/3164/src/MUX_INDEX.vhd:130]
INFO: [Synth 8-6157] synthesizing module 'MUX_INDEX_xup_inv_1_0' [c:/Users/Adam/Downloads/INF1500/INF1500_2034584_2081643_Lab3/lab3/lab3.srcs/sources_1/bd/LAB3_SYS/ip/LAB3_SYS_MUX3_1_0_1/src/MUX3_1_MUX_INDEX_0_0/src/MUX_INDEX_xup_inv_1_0/synth/MUX_INDEX_xup_inv_1_0.v:57]
INFO: [Synth 8-6155] done synthesizing module 'MUX_INDEX_xup_inv_1_0' (13#1) [c:/Users/Adam/Downloads/INF1500/INF1500_2034584_2081643_Lab3/lab3/lab3.srcs/sources_1/bd/LAB3_SYS/ip/LAB3_SYS_MUX3_1_0_1/src/MUX3_1_MUX_INDEX_0_0/src/MUX_INDEX_xup_inv_1_0/synth/MUX_INDEX_xup_inv_1_0.v:57]
INFO: [Synth 8-3491] module 'MUX_INDEX_xup_or3_0_0' declared at 'c:/Users/Adam/Downloads/INF1500/INF1500_2034584_2081643_Lab3/lab3/lab3.srcs/sources_1/bd/LAB3_SYS/ip/LAB3_SYS_MUX3_1_0_1/src/MUX3_1_MUX_INDEX_0_0/src/MUX_INDEX_xup_or3_0_0/synth/MUX_INDEX_xup_or3_0_0.v:57' bound to instance 'xup_or3_0' of component 'MUX_INDEX_xup_or3_0_0' [c:/Users/Adam/Downloads/INF1500/INF1500_2034584_2081643_Lab3/lab3/lab3.srcs/sources_1/bd/LAB3_SYS/ip/LAB3_SYS_MUX3_1_0_1/ipshared/3164/src/MUX_INDEX.vhd:135]
INFO: [Synth 8-6157] synthesizing module 'MUX_INDEX_xup_or3_0_0' [c:/Users/Adam/Downloads/INF1500/INF1500_2034584_2081643_Lab3/lab3/lab3.srcs/sources_1/bd/LAB3_SYS/ip/LAB3_SYS_MUX3_1_0_1/src/MUX3_1_MUX_INDEX_0_0/src/MUX_INDEX_xup_or3_0_0/synth/MUX_INDEX_xup_or3_0_0.v:57]
INFO: [Synth 8-6157] synthesizing module 'xup_or3' [c:/Users/Adam/Downloads/INF1500/INF1500_2034584_2081643_Lab3/lab3/lab3.srcs/sources_1/bd/LAB3_SYS/ip/LAB3_SYS_MUX3_1_0_1/src/MUX3_1_MUX_INDEX_0_0/ipshared/ded9/xup_or3.srcs/sources_1/new/xup_or3.v:5]
	Parameter DELAY bound to: 3 - type: integer 
INFO: [Synth 8-6155] done synthesizing module 'xup_or3' (14#1) [c:/Users/Adam/Downloads/INF1500/INF1500_2034584_2081643_Lab3/lab3/lab3.srcs/sources_1/bd/LAB3_SYS/ip/LAB3_SYS_MUX3_1_0_1/src/MUX3_1_MUX_INDEX_0_0/ipshared/ded9/xup_or3.srcs/sources_1/new/xup_or3.v:5]
INFO: [Synth 8-6155] done synthesizing module 'MUX_INDEX_xup_or3_0_0' (15#1) [c:/Users/Adam/Downloads/INF1500/INF1500_2034584_2081643_Lab3/lab3/lab3.srcs/sources_1/bd/LAB3_SYS/ip/LAB3_SYS_MUX3_1_0_1/src/MUX3_1_MUX_INDEX_0_0/src/MUX_INDEX_xup_or3_0_0/synth/MUX_INDEX_xup_or3_0_0.v:57]
INFO: [Synth 8-256] done synthesizing module 'MUX_INDEX' (16#1) [c:/Users/Adam/Downloads/INF1500/INF1500_2034584_2081643_Lab3/lab3/lab3.srcs/sources_1/bd/LAB3_SYS/ip/LAB3_SYS_MUX3_1_0_1/ipshared/3164/src/MUX_INDEX.vhd:28]
INFO: [Synth 8-256] done synthesizing module 'MUX3_1_MUX_INDEX_0_0' (17#1) [c:/Users/Adam/Downloads/INF1500/INF1500_2034584_2081643_Lab3/lab3/lab3.srcs/sources_1/bd/LAB3_SYS/ip/LAB3_SYS_MUX3_1_0_1/src/MUX3_1_MUX_INDEX_0_0/synth/MUX3_1_MUX_INDEX_0_0.vhd:66]
INFO: [Synth 8-3491] module 'MUX3_1_MUX_INDEX_1_0' declared at 'c:/Users/Adam/Downloads/INF1500/INF1500_2034584_2081643_Lab3/lab3/lab3.srcs/sources_1/bd/LAB3_SYS/ip/LAB3_SYS_MUX3_1_0_1/src/MUX3_1_MUX_INDEX_1_0/synth/MUX3_1_MUX_INDEX_1_0.vhd:56' bound to instance 'MUX_INDEX_1' of component 'MUX3_1_MUX_INDEX_1_0' [c:/Users/Adam/Downloads/INF1500/INF1500_2034584_2081643_Lab3/lab3/lab3.srcs/sources_1/bd/LAB3_SYS/ipshared/3b28/src/MUX3_1.vhd:160]
INFO: [Synth 8-638] synthesizing module 'MUX3_1_MUX_INDEX_1_0' [c:/Users/Adam/Downloads/INF1500/INF1500_2034584_2081643_Lab3/lab3/lab3.srcs/sources_1/bd/LAB3_SYS/ip/LAB3_SYS_MUX3_1_0_1/src/MUX3_1_MUX_INDEX_1_0/synth/MUX3_1_MUX_INDEX_1_0.vhd:66]
INFO: [Synth 8-3491] module 'MUX_INDEX' declared at 'c:/Users/Adam/Downloads/INF1500/INF1500_2034584_2081643_Lab3/lab3/lab3.srcs/sources_1/bd/LAB3_SYS/ip/LAB3_SYS_MUX3_1_0_1/ipshared/3164/src/MUX_INDEX.vhd:14' bound to instance 'U0' of component 'MUX_INDEX' [c:/Users/Adam/Downloads/INF1500/INF1500_2034584_2081643_Lab3/lab3/lab3.srcs/sources_1/bd/LAB3_SYS/ip/LAB3_SYS_MUX3_1_0_1/src/MUX3_1_MUX_INDEX_1_0/synth/MUX3_1_MUX_INDEX_1_0.vhd:87]
INFO: [Synth 8-256] done synthesizing module 'MUX3_1_MUX_INDEX_1_0' (18#1) [c:/Users/Adam/Downloads/INF1500/INF1500_2034584_2081643_Lab3/lab3/lab3.srcs/sources_1/bd/LAB3_SYS/ip/LAB3_SYS_MUX3_1_0_1/src/MUX3_1_MUX_INDEX_1_0/synth/MUX3_1_MUX_INDEX_1_0.vhd:66]
INFO: [Synth 8-3491] module 'MUX3_1_MUX_INDEX_2_0' declared at 'c:/Users/Adam/Downloads/INF1500/INF1500_2034584_2081643_Lab3/lab3/lab3.srcs/sources_1/bd/LAB3_SYS/ip/LAB3_SYS_MUX3_1_0_1/src/MUX3_1_MUX_INDEX_2_0/synth/MUX3_1_MUX_INDEX_2_0.vhd:56' bound to instance 'MUX_INDEX_2' of component 'MUX3_1_MUX_INDEX_2_0' [c:/Users/Adam/Downloads/INF1500/INF1500_2034584_2081643_Lab3/lab3/lab3.srcs/sources_1/bd/LAB3_SYS/ipshared/3b28/src/MUX3_1.vhd:168]
INFO: [Synth 8-638] synthesizing module 'MUX3_1_MUX_INDEX_2_0' [c:/Users/Adam/Downloads/INF1500/INF1500_2034584_2081643_Lab3/lab3/lab3.srcs/sources_1/bd/LAB3_SYS/ip/LAB3_SYS_MUX3_1_0_1/src/MUX3_1_MUX_INDEX_2_0/synth/MUX3_1_MUX_INDEX_2_0.vhd:66]
INFO: [Synth 8-3491] module 'MUX_INDEX' declared at 'c:/Users/Adam/Downloads/INF1500/INF1500_2034584_2081643_Lab3/lab3/lab3.srcs/sources_1/bd/LAB3_SYS/ip/LAB3_SYS_MUX3_1_0_1/ipshared/3164/src/MUX_INDEX.vhd:14' bound to instance 'U0' of component 'MUX_INDEX' [c:/Users/Adam/Downloads/INF1500/INF1500_2034584_2081643_Lab3/lab3/lab3.srcs/sources_1/bd/LAB3_SYS/ip/LAB3_SYS_MUX3_1_0_1/src/MUX3_1_MUX_INDEX_2_0/synth/MUX3_1_MUX_INDEX_2_0.vhd:87]
INFO: [Synth 8-256] done synthesizing module 'MUX3_1_MUX_INDEX_2_0' (19#1) [c:/Users/Adam/Downloads/INF1500/INF1500_2034584_2081643_Lab3/lab3/lab3.srcs/sources_1/bd/LAB3_SYS/ip/LAB3_SYS_MUX3_1_0_1/src/MUX3_1_MUX_INDEX_2_0/synth/MUX3_1_MUX_INDEX_2_0.vhd:66]
INFO: [Synth 8-3491] module 'MUX3_1_MUX_INDEX_3_0' declared at 'c:/Users/Adam/Downloads/INF1500/INF1500_2034584_2081643_Lab3/lab3/lab3.srcs/sources_1/bd/LAB3_SYS/ip/LAB3_SYS_MUX3_1_0_1/src/MUX3_1_MUX_INDEX_3_0/synth/MUX3_1_MUX_INDEX_3_0.vhd:56' bound to instance 'MUX_INDEX_3' of component 'MUX3_1_MUX_INDEX_3_0' [c:/Users/Adam/Downloads/INF1500/INF1500_2034584_2081643_Lab3/lab3/lab3.srcs/sources_1/bd/LAB3_SYS/ipshared/3b28/src/MUX3_1.vhd:176]
INFO: [Synth 8-638] synthesizing module 'MUX3_1_MUX_INDEX_3_0' [c:/Users/Adam/Downloads/INF1500/INF1500_2034584_2081643_Lab3/lab3/lab3.srcs/sources_1/bd/LAB3_SYS/ip/LAB3_SYS_MUX3_1_0_1/src/MUX3_1_MUX_INDEX_3_0/synth/MUX3_1_MUX_INDEX_3_0.vhd:66]
INFO: [Synth 8-3491] module 'MUX_INDEX' declared at 'c:/Users/Adam/Downloads/INF1500/INF1500_2034584_2081643_Lab3/lab3/lab3.srcs/sources_1/bd/LAB3_SYS/ip/LAB3_SYS_MUX3_1_0_1/ipshared/3164/src/MUX_INDEX.vhd:14' bound to instance 'U0' of component 'MUX_INDEX' [c:/Users/Adam/Downloads/INF1500/INF1500_2034584_2081643_Lab3/lab3/lab3.srcs/sources_1/bd/LAB3_SYS/ip/LAB3_SYS_MUX3_1_0_1/src/MUX3_1_MUX_INDEX_3_0/synth/MUX3_1_MUX_INDEX_3_0.vhd:87]
INFO: [Synth 8-256] done synthesizing module 'MUX3_1_MUX_INDEX_3_0' (20#1) [c:/Users/Adam/Downloads/INF1500/INF1500_2034584_2081643_Lab3/lab3/lab3.srcs/sources_1/bd/LAB3_SYS/ip/LAB3_SYS_MUX3_1_0_1/src/MUX3_1_MUX_INDEX_3_0/synth/MUX3_1_MUX_INDEX_3_0.vhd:66]
INFO: [Synth 8-3491] module 'MUX3_1_xlconcat_0_0' declared at 'c:/Users/Adam/Downloads/INF1500/INF1500_2034584_2081643_Lab3/lab3/lab3.srcs/sources_1/bd/LAB3_SYS/ip/LAB3_SYS_MUX3_1_0_1/src/MUX3_1_xlconcat_0_0/synth/MUX3_1_xlconcat_0_0.v:58' bound to instance 'xlconcat_0' of component 'MUX3_1_xlconcat_0_0' [c:/Users/Adam/Downloads/INF1500/INF1500_2034584_2081643_Lab3/lab3/lab3.srcs/sources_1/bd/LAB3_SYS/ipshared/3b28/src/MUX3_1.vhd:184]
INFO: [Synth 8-6157] synthesizing module 'MUX3_1_xlconcat_0_0' [c:/Users/Adam/Downloads/INF1500/INF1500_2034584_2081643_Lab3/lab3/lab3.srcs/sources_1/bd/LAB3_SYS/ip/LAB3_SYS_MUX3_1_0_1/src/MUX3_1_xlconcat_0_0/synth/MUX3_1_xlconcat_0_0.v:58]
INFO: [Synth 8-6157] synthesizing module 'xlconcat_v2_1_3_xlconcat' [c:/Users/Adam/Downloads/INF1500/INF1500_2034584_2081643_Lab3/lab3/lab3.srcs/sources_1/bd/LAB3_SYS/ip/LAB3_SYS_MUX3_1_0_1/ipshared/442e/hdl/xlconcat_v2_1_vl_rfs.v:14]
	Parameter IN0_WIDTH bound to: 1 - type: integer 
	Parameter IN1_WIDTH bound to: 1 - type: integer 
	Parameter IN2_WIDTH bound to: 1 - type: integer 
	Parameter IN3_WIDTH bound to: 1 - type: integer 
	Parameter IN4_WIDTH bound to: 1 - type: integer 
	Parameter IN5_WIDTH bound to: 1 - type: integer 
	Parameter IN6_WIDTH bound to: 1 - type: integer 
	Parameter IN7_WIDTH bound to: 1 - type: integer 
	Parameter IN8_WIDTH bound to: 1 - type: integer 
	Parameter IN9_WIDTH bound to: 1 - type: integer 
	Parameter IN10_WIDTH bound to: 1 - type: integer 
	Parameter IN11_WIDTH bound to: 1 - type: integer 
	Parameter IN12_WIDTH bound to: 1 - type: integer 
	Parameter IN13_WIDTH bound to: 1 - type: integer 
	Parameter IN14_WIDTH bound to: 1 - type: integer 
	Parameter IN15_WIDTH bound to: 1 - type: integer 
	Parameter IN16_WIDTH bound to: 1 - type: integer 
	Parameter IN17_WIDTH bound to: 1 - type: integer 
	Parameter IN18_WIDTH bound to: 1 - type: integer 
	Parameter IN19_WIDTH bound to: 1 - type: integer 
	Parameter IN20_WIDTH bound to: 1 - type: integer 
	Parameter IN21_WIDTH bound to: 1 - type: integer 
	Parameter IN22_WIDTH bound to: 1 - type: integer 
	Parameter IN23_WIDTH bound to: 1 - type: integer 
	Parameter IN24_WIDTH bound to: 1 - type: integer 
	Parameter IN25_WIDTH bound to: 1 - type: integer 
	Parameter IN26_WIDTH bound to: 1 - type: integer 
	Parameter IN27_WIDTH bound to: 1 - type: integer 
	Parameter IN28_WIDTH bound to: 1 - type: integer 
	Parameter IN29_WIDTH bound to: 1 - type: integer 
	Parameter IN30_WIDTH bound to: 1 - type: integer 
	Parameter IN31_WIDTH bound to: 1 - type: integer 
	Parameter dout_width bound to: 4 - type: integer 
	Parameter NUM_PORTS bound to: 4 - type: integer 
INFO: [Synth 8-6155] done synthesizing module 'xlconcat_v2_1_3_xlconcat' (21#1) [c:/Users/Adam/Downloads/INF1500/INF1500_2034584_2081643_Lab3/lab3/lab3.srcs/sources_1/bd/LAB3_SYS/ip/LAB3_SYS_MUX3_1_0_1/ipshared/442e/hdl/xlconcat_v2_1_vl_rfs.v:14]
INFO: [Synth 8-6155] done synthesizing module 'MUX3_1_xlconcat_0_0' (22#1) [c:/Users/Adam/Downloads/INF1500/INF1500_2034584_2081643_Lab3/lab3/lab3.srcs/sources_1/bd/LAB3_SYS/ip/LAB3_SYS_MUX3_1_0_1/src/MUX3_1_xlconcat_0_0/synth/MUX3_1_xlconcat_0_0.v:58]
INFO: [Synth 8-256] done synthesizing module 'MUX3_1' (23#1) [c:/Users/Adam/Downloads/INF1500/INF1500_2034584_2081643_Lab3/lab3/lab3.srcs/sources_1/bd/LAB3_SYS/ipshared/3b28/src/MUX3_1.vhd:28]
INFO: [Synth 8-256] done synthesizing module 'LAB3_SYS_MUX3_1_0_1' (24#1) [c:/Users/Adam/Downloads/INF1500/INF1500_2034584_2081643_Lab3/lab3/lab3.srcs/sources_1/bd/LAB3_SYS/ip/LAB3_SYS_MUX3_1_0_1/synth/LAB3_SYS_MUX3_1_0_1.vhd:66]
---------------------------------------------------------------------------------
Finished RTL Elaboration : Time (s): cpu = 00:00:09 ; elapsed = 00:00:10 . Memory (MB): peak = 1016.168 ; gain = 0.000
---------------------------------------------------------------------------------
---------------------------------------------------------------------------------
Start Handling Custom Attributes
---------------------------------------------------------------------------------
---------------------------------------------------------------------------------
Finished Handling Custom Attributes : Time (s): cpu = 00:00:10 ; elapsed = 00:00:10 . Memory (MB): peak = 1016.168 ; gain = 0.000
---------------------------------------------------------------------------------
---------------------------------------------------------------------------------
Finished RTL Optimization Phase 1 : Time (s): cpu = 00:00:10 ; elapsed = 00:00:10 . Memory (MB): peak = 1016.168 ; gain = 0.000
---------------------------------------------------------------------------------
Netlist sorting complete. Time (s): cpu = 00:00:00 ; elapsed = 00:00:00.001 . Memory (MB): peak = 1016.168 ; gain = 0.000
INFO: [Project 1-570] Preparing netlist for logic optimization

Processing XDC Constraints
Initializing timing engine
Parsing XDC File [c:/Users/Adam/Downloads/INF1500/INF1500_2034584_2081643_Lab3/lab3/lab3.srcs/sources_1/bd/LAB3_SYS/ip/LAB3_SYS_MUX3_1_0_1/src/MUX3_1_ooc.xdc] for cell 'U0'
Finished Parsing XDC File [c:/Users/Adam/Downloads/INF1500/INF1500_2034584_2081643_Lab3/lab3/lab3.srcs/sources_1/bd/LAB3_SYS/ip/LAB3_SYS_MUX3_1_0_1/src/MUX3_1_ooc.xdc] for cell 'U0'
Parsing XDC File [C:/Users/Adam/Downloads/INF1500/INF1500_2034584_2081643_Lab3/lab3/lab3.runs/LAB3_SYS_MUX3_1_0_1_synth_1/dont_touch.xdc]
Finished Parsing XDC File [C:/Users/Adam/Downloads/INF1500/INF1500_2034584_2081643_Lab3/lab3/lab3.runs/LAB3_SYS_MUX3_1_0_1_synth_1/dont_touch.xdc]
Completed Processing XDC Constraints

Netlist sorting complete. Time (s): cpu = 00:00:00 ; elapsed = 00:00:00 . Memory (MB): peak = 1016.168 ; gain = 0.000
INFO: [Project 1-111] Unisim Transformation Summary:
No Unisim elements were transformed.

Constraint Validation Runtime : Time (s): cpu = 00:00:00 ; elapsed = 00:00:00.040 . Memory (MB): peak = 1016.168 ; gain = 0.000
---------------------------------------------------------------------------------
Finished Constraint Validation : Time (s): cpu = 00:00:19 ; elapsed = 00:00:20 . Memory (MB): peak = 1016.168 ; gain = 0.000
---------------------------------------------------------------------------------
---------------------------------------------------------------------------------
Start Loading Part and Timing Information
---------------------------------------------------------------------------------
Loading part: xc7a100tcsg324-1
---------------------------------------------------------------------------------
Finished Loading Part and Timing Information : Time (s): cpu = 00:00:19 ; elapsed = 00:00:21 . Memory (MB): peak = 1016.168 ; gain = 0.000
---------------------------------------------------------------------------------
---------------------------------------------------------------------------------
Start Applying 'set_property' XDC Constraints
---------------------------------------------------------------------------------
Applied set_property DONT_TOUCH = true for U0. (constraint file  C:/Users/Adam/Downloads/INF1500/INF1500_2034584_2081643_Lab3/lab3/lab3.runs/LAB3_SYS_MUX3_1_0_1_synth_1/dont_touch.xdc, line 125).
Applied set_property DONT_TOUCH = true for U0/MUX_INDEX_0. (constraint file  auto generated constraint, line ).
Applied set_property DONT_TOUCH = true for U0/MUX_INDEX_3. (constraint file  auto generated constraint, line ).
Applied set_property DONT_TOUCH = true for U0/MUX_INDEX_2. (constraint file  auto generated constraint, line ).
Applied set_property DONT_TOUCH = true for U0/MUX_INDEX_1. (constraint file  auto generated constraint, line ).
Applied set_property DONT_TOUCH = true for U0/MUX_INDEX_0/U0/xup_or3_0. (constraint file  auto generated constraint, line ).
Applied set_property DONT_TOUCH = true for U0/MUX_INDEX_1/U0/xup_or3_0. (constraint file  auto generated constraint, line ).
Applied set_property DONT_TOUCH = true for U0/MUX_INDEX_2/U0/xup_or3_0. (constraint file  auto generated constraint, line ).
Applied set_property DONT_TOUCH = true for U0/MUX_INDEX_3/U0/xup_or3_0. (constraint file  auto generated constraint, line ).
Applied set_property DONT_TOUCH = true for U0/MUX_INDEX_0/U0/xup_and3_2. (constraint file  auto generated constraint, line ).
Applied set_property DONT_TOUCH = true for U0/MUX_INDEX_1/U0/xup_and3_2. (constraint file  auto generated constraint, line ).
Applied set_property DONT_TOUCH = true for U0/MUX_INDEX_2/U0/xup_and3_2. (constraint file  auto generated constraint, line ).
Applied set_property DONT_TOUCH = true for U0/MUX_INDEX_3/U0/xup_and3_2. (constraint file  auto generated constraint, line ).
Applied set_property DONT_TOUCH = true for U0/MUX_INDEX_0/U0/xup_and3_1. (constraint file  auto generated constraint, line ).
Applied set_property DONT_TOUCH = true for U0/MUX_INDEX_1/U0/xup_and3_1. (constraint file  auto generated constraint, line ).
Applied set_property DONT_TOUCH = true for U0/MUX_INDEX_2/U0/xup_and3_1. (constraint file  auto generated constraint, line ).
Applied set_property DONT_TOUCH = true for U0/MUX_INDEX_3/U0/xup_and3_1. (constraint file  auto generated constraint, line ).
Applied set_property DONT_TOUCH = true for U0/MUX_INDEX_0/U0/xup_and3_0. (constraint file  auto generated constraint, line ).
Applied set_property DONT_TOUCH = true for U0/MUX_INDEX_1/U0/xup_and3_0. (constraint file  auto generated constraint, line ).
Applied set_property DONT_TOUCH = true for U0/MUX_INDEX_2/U0/xup_and3_0. (constraint file  auto generated constraint, line ).
Applied set_property DONT_TOUCH = true for U0/MUX_INDEX_3/U0/xup_and3_0. (constraint file  auto generated constraint, line ).
Applied set_property DONT_TOUCH = true for U0/MUX_INDEX_0/U0/xup_inv_1. (constraint file  auto generated constraint, line ).
Applied set_property DONT_TOUCH = true for U0/MUX_INDEX_1/U0/xup_inv_1. (constraint file  auto generated constraint, line ).
Applied set_property DONT_TOUCH = true for U0/MUX_INDEX_2/U0/xup_inv_1. (constraint file  auto generated constraint, line ).
Applied set_property DONT_TOUCH = true for U0/MUX_INDEX_3/U0/xup_inv_1. (constraint file  auto generated constraint, line ).
Applied set_property DONT_TOUCH = true for U0/MUX_INDEX_0/U0/xup_inv_0. (constraint file  auto generated constraint, line ).
Applied set_property DONT_TOUCH = true for U0/MUX_INDEX_1/U0/xup_inv_0. (constraint file  auto generated constraint, line ).
Applied set_property DONT_TOUCH = true for U0/MUX_INDEX_2/U0/xup_inv_0. (constraint file  auto generated constraint, line ).
Applied set_property DONT_TOUCH = true for U0/MUX_INDEX_3/U0/xup_inv_0. (constraint file  auto generated constraint, line ).
Applied set_property DONT_TOUCH = true for U0/MUX_INDEX_0/U0/ATAD_SPLIT_2_0. (constraint file  auto generated constraint, line ).
Applied set_property DONT_TOUCH = true for U0/MUX_INDEX_1/U0/ATAD_SPLIT_2_0. (constraint file  auto generated constraint, line ).
Applied set_property DONT_TOUCH = true for U0/MUX_INDEX_2/U0/ATAD_SPLIT_2_0. (constraint file  auto generated constraint, line ).
Applied set_property DONT_TOUCH = true for U0/MUX_INDEX_3/U0/ATAD_SPLIT_2_0. (constraint file  auto generated constraint, line ).
Applied set_property DONT_TOUCH = true for U0/xlconcat_0. (constraint file  auto generated constraint, line ).
Applied set_property DONT_TOUCH = true for U0/ATAD_SPLIT_4_2. (constraint file  auto generated constraint, line ).
Applied set_property DONT_TOUCH = true for U0/ATAD_SPLIT_4_1. (constraint file  auto generated constraint, line ).
Applied set_property DONT_TOUCH = true for U0/ATAD_SPLIT_4_0. (constraint file  auto generated constraint, line ).
---------------------------------------------------------------------------------
Finished applying 'set_property' XDC Constraints : Time (s): cpu = 00:00:20 ; elapsed = 00:00:21 . Memory (MB): peak = 1016.168 ; gain = 0.000
---------------------------------------------------------------------------------
---------------------------------------------------------------------------------
Finished RTL Optimization Phase 2 : Time (s): cpu = 00:00:20 ; elapsed = 00:00:21 . Memory (MB): peak = 1016.168 ; gain = 0.000
---------------------------------------------------------------------------------
---------------------------------------------------------------------------------
Start RTL Component Statistics 
---------------------------------------------------------------------------------
Detailed RTL Component Info : 
---------------------------------------------------------------------------------
Finished RTL Component Statistics 
---------------------------------------------------------------------------------
---------------------------------------------------------------------------------
Start Part Resource Summary
---------------------------------------------------------------------------------
Part Resources:
DSPs: 240 (col length:80)
BRAMs: 270 (col length: RAMB18 80 RAMB36 40)
---------------------------------------------------------------------------------
Finished Part Resource Summary
---------------------------------------------------------------------------------
---------------------------------------------------------------------------------
Start Cross Boundary and Area Optimization
---------------------------------------------------------------------------------
---------------------------------------------------------------------------------
Finished Cross Boundary and Area Optimization : Time (s): cpu = 00:00:23 ; elapsed = 00:00:25 . Memory (MB): peak = 1016.168 ; gain = 0.000
---------------------------------------------------------------------------------
---------------------------------------------------------------------------------
Start Applying XDC Timing Constraints
---------------------------------------------------------------------------------
---------------------------------------------------------------------------------
Finished Applying XDC Timing Constraints : Time (s): cpu = 00:00:37 ; elapsed = 00:00:39 . Memory (MB): peak = 1016.168 ; gain = 0.000
---------------------------------------------------------------------------------
---------------------------------------------------------------------------------
Start Timing Optimization
---------------------------------------------------------------------------------
---------------------------------------------------------------------------------
Finished Timing Optimization : Time (s): cpu = 00:00:37 ; elapsed = 00:00:39 . Memory (MB): peak = 1016.168 ; gain = 0.000
---------------------------------------------------------------------------------
---------------------------------------------------------------------------------
Start Technology Mapping
---------------------------------------------------------------------------------
---------------------------------------------------------------------------------
Finished Technology Mapping : Time (s): cpu = 00:00:37 ; elapsed = 00:00:40 . Memory (MB): peak = 1016.168 ; gain = 0.000
---------------------------------------------------------------------------------
---------------------------------------------------------------------------------
Start IO Insertion
---------------------------------------------------------------------------------
---------------------------------------------------------------------------------
Start Flattening Before IO Insertion
---------------------------------------------------------------------------------
---------------------------------------------------------------------------------
Finished Flattening Before IO Insertion
---------------------------------------------------------------------------------
---------------------------------------------------------------------------------
Start Final Netlist Cleanup
---------------------------------------------------------------------------------
---------------------------------------------------------------------------------
Finished Final Netlist Cleanup
---------------------------------------------------------------------------------
---------------------------------------------------------------------------------
Finished IO Insertion : Time (s): cpu = 00:00:45 ; elapsed = 00:00:48 . Memory (MB): peak = 1016.168 ; gain = 0.000
---------------------------------------------------------------------------------
---------------------------------------------------------------------------------
Start Renaming Generated Instances
---------------------------------------------------------------------------------
---------------------------------------------------------------------------------
Finished Renaming Generated Instances : Time (s): cpu = 00:00:45 ; elapsed = 00:00:48 . Memory (MB): peak = 1016.168 ; gain = 0.000
---------------------------------------------------------------------------------
---------------------------------------------------------------------------------
Start Rebuilding User Hierarchy
---------------------------------------------------------------------------------
---------------------------------------------------------------------------------
Finished Rebuilding User Hierarchy : Time (s): cpu = 00:00:45 ; elapsed = 00:00:48 . Memory (MB): peak = 1016.168 ; gain = 0.000
---------------------------------------------------------------------------------
---------------------------------------------------------------------------------
Start Renaming Generated Ports
---------------------------------------------------------------------------------
---------------------------------------------------------------------------------
Finished Renaming Generated Ports : Time (s): cpu = 00:00:45 ; elapsed = 00:00:48 . Memory (MB): peak = 1016.168 ; gain = 0.000
---------------------------------------------------------------------------------
---------------------------------------------------------------------------------
Start Handling Custom Attributes
---------------------------------------------------------------------------------
---------------------------------------------------------------------------------
Finished Handling Custom Attributes : Time (s): cpu = 00:00:45 ; elapsed = 00:00:48 . Memory (MB): peak = 1016.168 ; gain = 0.000
---------------------------------------------------------------------------------
---------------------------------------------------------------------------------
Start Renaming Generated Nets
---------------------------------------------------------------------------------
---------------------------------------------------------------------------------
Finished Renaming Generated Nets : Time (s): cpu = 00:00:45 ; elapsed = 00:00:48 . Memory (MB): peak = 1016.168 ; gain = 0.000
---------------------------------------------------------------------------------
---------------------------------------------------------------------------------
Start Writing Synthesis Report
---------------------------------------------------------------------------------

Report BlackBoxes: 
+-+--------------+----------+
| |BlackBox name |Instances |
+-+--------------+----------+
+-+--------------+----------+

Report Cell Usage: 
+------+-----+------+
|      |Cell |Count |
+------+-----+------+
|1     |LUT1 |     8|
|2     |LUT3 |    16|
+------+-----+------+
---------------------------------------------------------------------------------
Finished Writing Synthesis Report : Time (s): cpu = 00:00:45 ; elapsed = 00:00:48 . Memory (MB): peak = 1016.168 ; gain = 0.000
---------------------------------------------------------------------------------
Synthesis finished with 0 errors, 0 critical warnings and 0 warnings.
Synthesis Optimization Runtime : Time (s): cpu = 00:00:32 ; elapsed = 00:00:45 . Memory (MB): peak = 1016.168 ; gain = 0.000
Synthesis Optimization Complete : Time (s): cpu = 00:00:45 ; elapsed = 00:00:48 . Memory (MB): peak = 1016.168 ; gain = 0.000
INFO: [Project 1-571] Translating synthesized netlist
Netlist sorting complete. Time (s): cpu = 00:00:00 ; elapsed = 00:00:00.001 . Memory (MB): peak = 1016.168 ; gain = 0.000
INFO: [Project 1-570] Preparing netlist for logic optimization
INFO: [Opt 31-138] Pushed 0 inverter(s) to 0 load pin(s).
Netlist sorting complete. Time (s): cpu = 00:00:00 ; elapsed = 00:00:00 . Memory (MB): peak = 1016.168 ; gain = 0.000
INFO: [Project 1-111] Unisim Transformation Summary:
No Unisim elements were transformed.

INFO: [Common 17-83] Releasing license: Synthesis
93 Infos, 1 Warnings, 0 Critical Warnings and 0 Errors encountered.
synth_design completed successfully
synth_design: Time (s): cpu = 00:00:55 ; elapsed = 00:00:59 . Memory (MB): peak = 1016.168 ; gain = 0.000
INFO: [Common 17-1381] The checkpoint 'C:/Users/Adam/Downloads/INF1500/INF1500_2034584_2081643_Lab3/lab3/lab3.runs/LAB3_SYS_MUX3_1_0_1_synth_1/LAB3_SYS_MUX3_1_0_1.dcp' has been generated.
WARNING: [Common 17-576] 'use_project_ipc' is deprecated. This option is deprecated and no longer used.
INFO: [Coretcl 2-1648] Added synthesis output to IP cache for IP LAB3_SYS_MUX3_1_0_1, cache-ID = 4e7921f3ae21aa1d
INFO: [Coretcl 2-1174] Renamed 57 cell refs.
INFO: [Common 17-1381] The checkpoint 'C:/Users/Adam/Downloads/INF1500/INF1500_2034584_2081643_Lab3/lab3/lab3.runs/LAB3_SYS_MUX3_1_0_1_synth_1/LAB3_SYS_MUX3_1_0_1.dcp' has been generated.
INFO: [runtcl-4] Executing : report_utilization -file LAB3_SYS_MUX3_1_0_1_utilization_synth.rpt -pb LAB3_SYS_MUX3_1_0_1_utilization_synth.pb
INFO: [Common 17-206] Exiting Vivado at Wed Nov  4 18:45:16 2020...
