#-----------------------------------------------------------
# Vivado v2020.1 (64-bit)
# SW Build 2902540 on Wed May 27 19:54:49 MDT 2020
# IP Build 2902112 on Wed May 27 22:43:36 MDT 2020
# Start of session at: Fri Nov 27 00:34:11 2020
# Process ID: 13020
# Current directory: C:/Users/Adam/Downloads/INF1500/INF1500_2034584_2081643_Lab5/lab5
# Command line: vivado.exe -gui_launcher_event rodinguilauncherevent16140 C:\Users\Adam\Downloads\INF1500\INF1500_2034584_2081643_Lab5\lab5\lab5.xpr
# Log file: C:/Users/Adam/Downloads/INF1500/INF1500_2034584_2081643_Lab5/lab5/vivado.log
# Journal file: C:/Users/Adam/Downloads/INF1500/INF1500_2034584_2081643_Lab5/lab5\vivado.jou
#-----------------------------------------------------------
start_gui
open_project C:/Users/Adam/Downloads/INF1500/INF1500_2034584_2081643_Lab5/lab5/lab5.xpr
Scanning sources...
Finished scanning sources
INFO: [IP_Flow 19-234] Refreshing IP repositories
INFO: [IP_Flow 19-1704] No user IP repositories specified
INFO: [IP_Flow 19-2313] Loaded Vivado IP repository 'C:/Xilinx/Vivado/2020.1/data/ip'.
open_project: Time (s): cpu = 00:00:30 ; elapsed = 00:00:13 . Memory (MB): peak = 1015.602 ; gain = 0.000
update_compile_order -fileset sources_1
exit
INFO: [Common 17-206] Exiting Vivado at Fri Nov 27 01:04:13 2020...
